No MATLAB command specified

                            < M A T L A B (R) >
                  Copyright 1984-2017 The MathWorks, Inc.
                   R2017b (9.3.0.713579) 64-bit (glnxa64)
                             September 14, 2017

 
For online documentation, see http://www.mathworks.com/support
For product information, visit www.mathworks.com.
 
>> >> >> >> >> >> >> >> >> >> >> >> >> >> >>  
%%% BEM Kinematic SCM, dAlessio faults, BAVU GPS Stations %%%
 
Date/time in Stanford= 2019 1 9 12 8 10.2851
PID= 102179
Grids loaded= obs_data_gps.txt & obs_data_grid.txt
"v" parameter output structure= 3
Nr of elem= 76
Nr of free parameters= 0
Nr obs points= 1064 (gps= 196, grid= 868)
Run kinematic interseismic dAlessio model...
Saving G ic-matrix to workspace= false
Saving outputs= true
Running interseismic kinematic model and saving outputs takes 6.0364 secs
Memory in workspace after running shear model= 0.16362 MB
Program takes a total of 6.0364 secs
good bye!
>> >> >> 