top - 10:03:50 up 98 days, 49 min,  9 users,  load average: 6.39, 5.82, 6.72
Tasks:   1 total,   0 running,   1 sleeping,   0 stopped,   0 zombie
Cpu(s): 39.3%us, 14.5%sy,  5.5%ni, 40.2%id,  0.2%wa,  0.0%hi,  0.3%si,  0.0%st
Mem:  529334084k total, 67106200k used, 462227884k free,   205820k buffers
Swap: 131071992k total, 71230052k used, 59841940k free, 25766408k cached

   PID USER      PR  NI  VIRT  RES  SHR S %CPU %MEM    TIME+  COMMAND           
101467 faron     20   0 22.3g 596m  99m S 207.6  0.1   1:09.98 MATLAB           


top - 10:04:50 up 98 days, 50 min,  9 users,  load average: 6.87, 6.05, 6.74
Tasks:   1 total,   0 running,   1 sleeping,   0 stopped,   0 zombie
Cpu(s): 22.8%us,  8.5%sy,  0.0%ni, 68.7%id,  0.0%wa,  0.0%hi,  0.0%si,  0.0%st
Mem:  529334084k total, 67401280k used, 461932804k free,   205848k buffers
Swap: 131071992k total, 71230052k used, 59841940k free, 25766408k cached

   PID USER      PR  NI  VIRT  RES  SHR S %CPU %MEM    TIME+  COMMAND           
101467 faron     20   0 22.6g 964m  99m S 206.1  0.2   3:13.71 MATLAB           


top - 10:05:50 up 98 days, 51 min,  9 users,  load average: 6.90, 6.21, 6.75
Tasks:   1 total,   0 running,   1 sleeping,   0 stopped,   0 zombie
Cpu(s): 22.4%us,  8.6%sy,  0.0%ni, 69.0%id,  0.0%wa,  0.0%hi,  0.0%si,  0.0%st
Mem:  529334084k total, 67759852k used, 461574232k free,   205880k buffers
Swap: 131071992k total, 71230052k used, 59841940k free, 25766412k cached

   PID USER      PR  NI  VIRT  RES  SHR S %CPU %MEM    TIME+  COMMAND           
101467 faron     20   0 23.0g 1.3g  99m S 198.2  0.3   5:12.75 MATLAB           


top - 10:06:50 up 98 days, 52 min,  9 users,  load average: 6.95, 6.35, 6.76
Tasks:   1 total,   0 running,   1 sleeping,   0 stopped,   0 zombie
Cpu(s): 22.5%us,  8.6%sy,  0.0%ni, 69.0%id,  0.0%wa,  0.0%hi,  0.0%si,  0.0%st
Mem:  529334084k total, 68141192k used, 461192892k free,   205904k buffers
Swap: 131071992k total, 71230052k used, 59841940k free, 25766404k cached

   PID USER      PR  NI  VIRT  RES  SHR S %CPU %MEM    TIME+  COMMAND           
101467 faron     20   0 23.3g 1.6g  99m S 198.2  0.3   7:11.78 MATLAB           


top - 10:07:50 up 98 days, 53 min,  9 users,  load average: 7.15, 6.51, 6.79
Tasks:   1 total,   0 running,   1 sleeping,   0 stopped,   0 zombie
Cpu(s): 22.4%us,  8.5%sy,  0.0%ni, 69.0%id,  0.0%wa,  0.0%hi,  0.0%si,  0.0%st
Mem:  529334084k total, 68477596k used, 460856488k free,   205924k buffers
Swap: 131071992k total, 71230052k used, 59841940k free, 25766412k cached

   PID USER      PR  NI  VIRT  RES  SHR S %CPU %MEM    TIME+  COMMAND           
101467 faron     20   0 23.6g 2.0g  99m S 198.2  0.4   9:10.85 MATLAB           


top - 10:08:50 up 98 days, 54 min,  9 users,  load average: 7.13, 6.61, 6.80
Tasks:   1 total,   0 running,   1 sleeping,   0 stopped,   0 zombie
Cpu(s): 23.0%us,  8.6%sy,  0.0%ni, 68.4%id,  0.0%wa,  0.0%hi,  0.0%si,  0.0%st
Mem:  529334084k total, 68844972k used, 460489112k free,   205924k buffers
Swap: 131071992k total, 71230052k used, 59841940k free, 25766412k cached

   PID USER      PR  NI  VIRT  RES  SHR S %CPU %MEM    TIME+  COMMAND           
101467 faron     20   0 24.0g 2.3g  99m S 213.4  0.5  11:19.01 MATLAB           


top - 10:09:50 up 98 days, 55 min,  9 users,  load average: 6.97, 6.68, 6.81
Tasks:   1 total,   0 running,   1 sleeping,   0 stopped,   0 zombie
Cpu(s): 22.0%us,  8.6%sy,  0.0%ni, 69.4%id,  0.0%wa,  0.0%hi,  0.0%si,  0.0%st
Mem:  529334084k total, 69197608k used, 460136476k free,   205924k buffers
Swap: 131071992k total, 71230052k used, 59841940k free, 25766412k cached

   PID USER      PR  NI  VIRT  RES  SHR S %CPU %MEM    TIME+  COMMAND           
101467 faron     20   0 24.3g 2.7g  99m S 198.2  0.5  13:17.96 MATLAB           


top - 10:10:50 up 98 days, 56 min,  9 users,  load average: 7.05, 6.75, 6.83
Tasks:   1 total,   0 running,   1 sleeping,   0 stopped,   0 zombie
Cpu(s): 22.4%us,  8.6%sy,  0.0%ni, 69.0%id,  0.0%wa,  0.0%hi,  0.0%si,  0.0%st
Mem:  529334084k total, 69591428k used, 459742656k free,   205952k buffers
Swap: 131071992k total, 71230048k used, 59841944k free, 25766424k cached

   PID USER      PR  NI  VIRT  RES  SHR S %CPU %MEM    TIME+  COMMAND           
101467 faron     20   0 24.7g 3.0g  99m S 198.3  0.6  15:17.03 MATLAB           


top - 10:11:50 up 98 days, 57 min,  9 users,  load average: 6.93, 6.76, 6.82
Tasks:   1 total,   0 running,   1 sleeping,   0 stopped,   0 zombie
Cpu(s): 22.5%us,  8.5%sy,  0.0%ni, 69.0%id,  0.0%wa,  0.0%hi,  0.0%si,  0.0%st
Mem:  529334084k total, 69917604k used, 459416480k free,   205964k buffers
Swap: 131071992k total, 71230048k used, 59841944k free, 25766424k cached

   PID USER      PR  NI  VIRT  RES  SHR S %CPU %MEM    TIME+  COMMAND           
101467 faron     20   0 25.0g 3.3g  99m S 198.3  0.7  17:16.12 MATLAB           


top - 10:12:50 up 98 days, 58 min,  9 users,  load average: 6.93, 6.79, 6.82
Tasks:   1 total,   0 running,   1 sleeping,   0 stopped,   0 zombie
Cpu(s): 22.5%us,  8.6%sy,  0.0%ni, 68.9%id,  0.0%wa,  0.0%hi,  0.0%si,  0.0%st
Mem:  529334084k total, 70307224k used, 459026860k free,   205968k buffers
Swap: 131071992k total, 71230048k used, 59841944k free, 25766424k cached

   PID USER      PR  NI  VIRT  RES  SHR S %CPU %MEM    TIME+  COMMAND           
101467 faron     20   0 25.4g 3.7g  99m S 198.3  0.7  19:15.20 MATLAB           


top - 10:13:50 up 98 days, 59 min, 10 users,  load average: 7.01, 6.82, 6.83
Tasks:   1 total,   0 running,   1 sleeping,   0 stopped,   0 zombie
Cpu(s): 22.7%us,  8.7%sy,  0.0%ni, 68.4%id,  0.1%wa,  0.0%hi,  0.1%si,  0.0%st
Mem:  529334084k total, 71018304k used, 458315780k free,   206060k buffers
Swap: 131071992k total, 71226520k used, 59845472k free, 25766496k cached

   PID USER      PR  NI  VIRT  RES  SHR S %CPU %MEM    TIME+  COMMAND           
101467 faron     20   0 25.8g 4.0g  99m S 198.3  0.8  21:14.28 MATLAB           


top - 10:14:50 up 98 days,  1:00, 10 users,  load average: 7.20, 6.90, 6.85
Tasks:   1 total,   0 running,   1 sleeping,   0 stopped,   0 zombie
Cpu(s): 24.0%us,  8.8%sy,  0.0%ni, 67.1%id,  0.0%wa,  0.0%hi,  0.1%si,  0.0%st
Mem:  529334084k total, 74200328k used, 455133756k free,   206068k buffers
Swap: 131071992k total, 71226520k used, 59845472k free, 25766500k cached

   PID USER      PR  NI  VIRT  RES  SHR S %CPU %MEM    TIME+  COMMAND           
101467 faron     20   0 26.1g 4.4g  99m S 198.2  0.9  23:13.33 MATLAB           


top - 10:15:50 up 98 days,  1:01, 10 users,  load average: 7.53, 7.06, 6.91
Tasks:   1 total,   0 running,   1 sleeping,   0 stopped,   0 zombie
Cpu(s): 23.0%us,  8.8%sy,  0.0%ni, 67.6%id,  0.5%wa,  0.0%hi,  0.0%si,  0.0%st
Mem:  529334084k total, 72325016k used, 457009068k free,   206084k buffers
Swap: 131071992k total, 71226520k used, 59845472k free, 26599416k cached

   PID USER      PR  NI  VIRT  RES  SHR S %CPU %MEM    TIME+  COMMAND           
101467 faron     20   0 26.5g 4.7g  99m S 198.4  0.9  25:12.47 MATLAB           


top - 10:16:51 up 98 days,  1:02, 10 users,  load average: 7.25, 7.07, 6.92
Tasks:   1 total,   0 running,   1 sleeping,   0 stopped,   0 zombie
Cpu(s): 22.6%us,  8.6%sy,  0.0%ni, 68.6%id,  0.1%wa,  0.0%hi,  0.0%si,  0.0%st
Mem:  529334084k total, 72940876k used, 456393208k free,   206152k buffers
Swap: 131071992k total, 71226520k used, 59845472k free, 26599768k cached

   PID USER      PR  NI  VIRT  RES  SHR S %CPU %MEM    TIME+  COMMAND           
101467 faron     20   0 26.8g 5.1g  99m S 198.3  1.0  27:11.59 MATLAB           


top - 10:17:51 up 98 days,  1:03, 10 users,  load average: 7.16, 7.08, 6.93
Tasks:   1 total,   0 running,   1 sleeping,   0 stopped,   0 zombie
Cpu(s): 22.5%us,  8.5%sy,  0.0%ni, 69.0%id,  0.0%wa,  0.0%hi,  0.0%si,  0.0%st
Mem:  529334084k total, 72333372k used, 457000712k free,   206152k buffers
Swap: 131071992k total, 71226520k used, 59845472k free, 25766868k cached

   PID USER      PR  NI  VIRT  RES  SHR S %CPU %MEM    TIME+  COMMAND           
101467 faron     20   0 27.1g 5.4g  99m S 198.2  1.1  29:10.55 MATLAB           


top - 10:18:51 up 98 days,  1:04, 10 users,  load average: 7.20, 7.11, 6.94
Tasks:   1 total,   0 running,   1 sleeping,   0 stopped,   0 zombie
Cpu(s): 22.5%us,  8.8%sy,  0.0%ni, 68.7%id,  0.0%wa,  0.0%hi,  0.0%si,  0.0%st
Mem:  529334084k total, 73351204k used, 455982880k free,   206156k buffers
Swap: 131071992k total, 71226520k used, 59845472k free, 25766868k cached

   PID USER      PR  NI  VIRT  RES  SHR S %CPU %MEM    TIME+  COMMAND           
101467 faron     20   0 27.5g 5.7g  99m S 198.1  1.1  31:09.56 MATLAB           


top - 10:19:51 up 98 days,  1:05, 10 users,  load average: 8.07, 7.35, 7.03
Tasks:   1 total,   0 running,   1 sleeping,   0 stopped,   0 zombie
Cpu(s): 24.5%us,  8.9%sy,  0.0%ni, 64.9%id,  1.7%wa,  0.0%hi,  0.0%si,  0.0%st
Mem:  529334084k total, 74769356k used, 454564728k free,   206160k buffers
Swap: 131071992k total, 71226520k used, 59845472k free, 27432676k cached

   PID USER      PR  NI  VIRT  RES  SHR S %CPU %MEM    TIME+  COMMAND           
101467 faron     20   0 27.8g 6.1g  99m S 198.1  1.2  33:08.55 MATLAB           


top - 10:20:51 up 98 days,  1:06, 10 users,  load average: 7.96, 7.45, 7.09
Tasks:   1 total,   0 running,   1 sleeping,   0 stopped,   0 zombie
Cpu(s): 26.1%us,  8.6%sy,  0.0%ni, 65.3%id,  0.0%wa,  0.0%hi,  0.0%si,  0.0%st
Mem:  529334084k total, 75150676k used, 454183408k free,   206180k buffers
Swap: 131071992k total, 71226520k used, 59845472k free, 25934808k cached

   PID USER      PR  NI  VIRT  RES  SHR S %CPU %MEM    TIME+  COMMAND           
101467 faron     20   0 28.1g 6.4g  99m S 198.1  1.3  35:07.53 MATLAB           


top - 10:21:51 up 98 days,  1:07, 10 users,  load average: 7.98, 7.55, 7.14
Tasks:   1 total,   0 running,   1 sleeping,   0 stopped,   0 zombie
Cpu(s): 26.5%us,  8.7%sy,  0.0%ni, 64.7%id,  0.2%wa,  0.0%hi,  0.0%si,  0.0%st
Mem:  529334084k total, 77200444k used, 452133640k free,   206204k buffers
Swap: 131071992k total, 71226516k used, 59845476k free, 26085644k cached

   PID USER      PR  NI  VIRT  RES  SHR S %CPU %MEM    TIME+  COMMAND           
101467 faron     20   0 28.5g 6.8g  99m S 198.1  1.3  37:06.50 MATLAB           


top - 10:22:51 up 98 days,  1:08, 10 users,  load average: 8.15, 7.67, 7.21
Tasks:   1 total,   0 running,   1 sleeping,   0 stopped,   0 zombie
Cpu(s): 26.6%us,  8.6%sy,  0.0%ni, 64.7%id,  0.1%wa,  0.0%hi,  0.0%si,  0.0%st
Mem:  529334084k total, 78675612k used, 450658472k free,   206244k buffers
Swap: 131071992k total, 71226516k used, 59845476k free, 26162868k cached

   PID USER      PR  NI  VIRT  RES  SHR S %CPU %MEM    TIME+  COMMAND           
101467 faron     20   0 28.8g 7.1g  99m S 198.1  1.4  39:05.44 MATLAB           


top - 10:23:51 up 98 days,  1:09, 10 users,  load average: 8.51, 7.85, 7.30
Tasks:   1 total,   0 running,   1 sleeping,   0 stopped,   0 zombie
Cpu(s): 28.9%us,  8.6%sy,  0.0%ni, 62.3%id,  0.2%wa,  0.0%hi,  0.0%si,  0.0%st
Mem:  529334084k total, 83021328k used, 446312756k free,   206264k buffers
Swap: 131071992k total, 71226516k used, 59845476k free, 26271108k cached

   PID USER      PR  NI  VIRT  RES  SHR S %CPU %MEM    TIME+  COMMAND           
101467 faron     20   0 29.2g 7.4g  99m S 198.1  1.5  41:04.44 MATLAB           


top - 10:24:51 up 98 days,  1:10, 10 users,  load average: 8.94, 8.09, 7.41
Tasks:   1 total,   0 running,   1 sleeping,   0 stopped,   0 zombie
Cpu(s): 30.3%us,  8.7%sy,  0.0%ni, 61.0%id,  0.0%wa,  0.0%hi,  0.0%si,  0.0%st
Mem:  529334084k total, 88709436k used, 440624648k free,   206264k buffers
Swap: 131071992k total, 71226516k used, 59845476k free, 26393988k cached

   PID USER      PR  NI  VIRT  RES  SHR S %CPU %MEM    TIME+  COMMAND           
101467 faron     20   0 29.5g 7.8g  99m S 198.1  1.5  43:03.43 MATLAB           


top - 10:25:51 up 98 days,  1:11, 10 users,  load average: 8.76, 8.19, 7.49
Tasks:   1 total,   0 running,   1 sleeping,   0 stopped,   0 zombie
Cpu(s): 30.6%us,  8.7%sy,  0.0%ni, 60.7%id,  0.0%wa,  0.0%hi,  0.0%si,  0.0%st
Mem:  529334084k total, 93847180k used, 435486904k free,   206280k buffers
Swap: 131071992k total, 71226516k used, 59845476k free, 26486156k cached

   PID USER      PR  NI  VIRT  RES  SHR S %CPU %MEM    TIME+  COMMAND           
101467 faron     20   0 29.9g 8.1g  99m S 198.4  1.6  45:02.59 MATLAB           


top - 10:26:51 up 98 days,  1:12, 10 users,  load average: 9.02, 8.37, 7.59
Tasks:   1 total,   0 running,   1 sleeping,   0 stopped,   0 zombie
Cpu(s): 30.7%us,  8.6%sy,  0.0%ni, 60.7%id,  0.0%wa,  0.0%hi,  0.0%si,  0.0%st
Mem:  529334084k total, 98680360k used, 430653724k free,   206284k buffers
Swap: 131071992k total, 71226516k used, 59845476k free, 26598164k cached

   PID USER      PR  NI  VIRT  RES  SHR S %CPU %MEM    TIME+  COMMAND           
101467 faron     20   0 30.2g 8.4g  99m S 198.3  1.7  47:01.68 MATLAB           


top - 10:27:51 up 98 days,  1:13, 10 users,  load average: 9.25, 8.55, 7.70
Tasks:   1 total,   0 running,   1 sleeping,   0 stopped,   0 zombie
Cpu(s): 30.6%us,  8.7%sy,  0.0%ni, 60.7%id,  0.0%wa,  0.0%hi,  0.0%si,  0.0%st
Mem:  529334084k total, 104210676k used, 425123408k free,   206288k buffers
Swap: 131071992k total, 71226516k used, 59845476k free, 26598164k cached

   PID USER      PR  NI  VIRT  RES  SHR S %CPU %MEM    TIME+  COMMAND           
101467 faron     20   0 30.6g 8.8g  99m S 198.3  1.7  49:00.71 MATLAB           


top - 10:28:51 up 98 days,  1:14, 10 users,  load average: 8.52, 8.48, 7.73
Tasks:   1 total,   0 running,   1 sleeping,   0 stopped,   0 zombie
Cpu(s): 27.6%us,  8.8%sy,  0.0%ni, 63.6%id,  0.0%wa,  0.0%hi,  0.0%si,  0.0%st
Mem:  529334084k total, 110466196k used, 418867888k free,   206288k buffers
Swap: 131071992k total, 71226516k used, 59845476k free, 26598164k cached

   PID USER      PR  NI  VIRT  RES  SHR S %CPU %MEM    TIME+  COMMAND           
101467 faron     20   0 30.9g 9.1g  99m S 198.6  1.8  50:59.92 MATLAB           


top - 10:29:51 up 98 days,  1:15, 10 users,  load average: 8.10, 8.36, 7.73
Tasks:   1 total,   0 running,   1 sleeping,   0 stopped,   0 zombie
Cpu(s): 26.6%us,  8.6%sy,  0.0%ni, 64.9%id,  0.0%wa,  0.0%hi,  0.0%si,  0.0%st
Mem:  529334084k total, 113474640k used, 415859444k free,   206292k buffers
Swap: 131071992k total, 71226516k used, 59845476k free, 26598164k cached

   PID USER      PR  NI  VIRT  RES  SHR S %CPU %MEM    TIME+  COMMAND           
101467 faron     20   0 31.3g 9.5g  99m S 198.2  1.9  52:58.94 MATLAB           


top - 10:30:51 up 98 days,  1:16, 10 users,  load average: 8.50, 8.43, 7.79
Tasks:   1 total,   0 running,   1 sleeping,   0 stopped,   0 zombie
Cpu(s): 29.1%us,  8.8%sy,  0.0%ni, 62.0%id,  0.0%wa,  0.0%hi,  0.0%si,  0.0%st
Mem:  529334084k total, 121858336k used, 407475748k free,   206316k buffers
Swap: 131071992k total, 71226516k used, 59845476k free, 26598176k cached

   PID USER      PR  NI  VIRT  RES  SHR S %CPU %MEM    TIME+  COMMAND           
101467 faron     20   0 31.6g 9.8g  99m S 198.0  1.9  54:57.86 MATLAB           


top - 10:31:51 up 98 days,  1:17, 10 users,  load average: 8.43, 8.43, 7.83
Tasks:   1 total,   0 running,   1 sleeping,   0 stopped,   0 zombie
Cpu(s): 28.6%us,  8.7%sy,  0.0%ni, 62.7%id,  0.0%wa,  0.0%hi,  0.0%si,  0.0%st
Mem:  529334084k total, 125878660k used, 403455424k free,   206324k buffers
Swap: 131071992k total, 71226516k used, 59845476k free, 26598176k cached

   PID USER      PR  NI  VIRT  RES  SHR S %CPU %MEM    TIME+  COMMAND           
101467 faron     20   0 32.0g  10g  99m S 198.2  2.0  56:56.92 MATLAB           


top - 10:32:51 up 98 days,  1:18, 10 users,  load average: 8.06, 8.31, 7.82
Tasks:   1 total,   0 running,   1 sleeping,   0 stopped,   0 zombie
Cpu(s): 26.5%us,  8.5%sy,  0.0%ni, 65.0%id,  0.0%wa,  0.0%hi,  0.0%si,  0.0%st
Mem:  529334084k total, 126571320k used, 402762764k free,   206328k buffers
Swap: 131071992k total, 71226516k used, 59845476k free, 26598176k cached

   PID USER      PR  NI  VIRT  RES  SHR S %CPU %MEM    TIME+  COMMAND           
101467 faron     20   0 32.3g  10g  99m S 198.3  2.1  58:56.01 MATLAB           


top - 10:33:51 up 98 days,  1:19, 10 users,  load average: 8.08, 8.27, 7.84
Tasks:   1 total,   0 running,   1 sleeping,   0 stopped,   0 zombie
Cpu(s): 26.7%us,  8.5%sy,  0.0%ni, 64.8%id,  0.0%wa,  0.0%hi,  0.0%si,  0.0%st
Mem:  529334084k total, 126926584k used, 402407500k free,   206328k buffers
Swap: 131071992k total, 71226516k used, 59845476k free, 26598176k cached

   PID USER      PR  NI  VIRT  RES  SHR S %CPU %MEM    TIME+  COMMAND           
101467 faron     20   0 32.7g  10g  99m S 198.3  2.1  60:55.08 MATLAB           


top - 10:34:51 up 98 days,  1:20, 10 users,  load average: 8.52, 8.34, 7.88
Tasks:   1 total,   0 running,   1 sleeping,   0 stopped,   0 zombie
Cpu(s): 29.1%us,  8.8%sy,  0.0%ni, 62.1%id,  0.0%wa,  0.0%hi,  0.0%si,  0.0%st
Mem:  529334084k total, 127833088k used, 401500996k free,   206340k buffers
Swap: 131071992k total, 71226516k used, 59845476k free, 26598196k cached

   PID USER      PR  NI  VIRT  RES  SHR S %CPU %MEM    TIME+  COMMAND           
101467 faron     20   0 33.0g  11g  99m S 198.2  2.2  62:54.09 MATLAB           


top - 10:35:52 up 98 days,  1:21, 10 users,  load average: 8.79, 8.43, 7.94
Tasks:   1 total,   0 running,   1 sleeping,   0 stopped,   0 zombie
Cpu(s): 30.7%us,  8.6%sy,  0.0%ni, 60.7%id,  0.0%wa,  0.0%hi,  0.0%si,  0.0%st
Mem:  529334084k total, 125767176k used, 403566908k free,   206356k buffers
Swap: 131071992k total, 71226516k used, 59845476k free, 26598196k cached

   PID USER      PR  NI  VIRT  RES  SHR S %CPU %MEM    TIME+  COMMAND           
101467 faron     20   0 33.3g  11g  99m S 198.3  2.3  64:53.17 MATLAB           


top - 10:36:52 up 98 days,  1:22, 10 users,  load average: 9.04, 8.56, 8.02
Tasks:   1 total,   0 running,   1 sleeping,   0 stopped,   0 zombie
Cpu(s): 30.6%us,  8.6%sy,  0.0%ni, 60.7%id,  0.0%wa,  0.0%hi,  0.0%si,  0.0%st
Mem:  529334084k total, 126164084k used, 403170000k free,   206356k buffers
Swap: 131071992k total, 71226516k used, 59845476k free, 26598196k cached

   PID USER      PR  NI  VIRT  RES  SHR S %CPU %MEM    TIME+  COMMAND           
101467 faron     20   0 33.7g  11g  99m S 198.3  2.3  66:52.23 MATLAB           


top - 10:37:52 up 98 days,  1:23, 10 users,  load average: 9.13, 8.66, 8.08
Tasks:   1 total,   0 running,   1 sleeping,   0 stopped,   0 zombie
Cpu(s): 30.7%us,  8.6%sy,  0.0%ni, 60.7%id,  0.0%wa,  0.0%hi,  0.0%si,  0.0%st
Mem:  529334084k total, 126612552k used, 402721532k free,   206360k buffers
Swap: 131071992k total, 71226516k used, 59845476k free, 26598196k cached

   PID USER      PR  NI  VIRT  RES  SHR S %CPU %MEM    TIME+  COMMAND           
101467 faron     20   0 34.0g  12g  99m S 198.2  2.4  68:51.24 MATLAB           


top - 10:38:52 up 98 days,  1:24, 11 users,  load average: 9.05, 8.72, 8.13
Tasks:   1 total,   0 running,   1 sleeping,   0 stopped,   0 zombie
Cpu(s): 30.3%us,  8.6%sy,  0.0%ni, 61.1%id,  0.0%wa,  0.0%hi,  0.0%si,  0.0%st
Mem:  529334084k total, 127007116k used, 402326968k free,   206368k buffers
Swap: 131071992k total, 71226516k used, 59845476k free, 26598288k cached

   PID USER      PR  NI  VIRT  RES  SHR S %CPU %MEM    TIME+  COMMAND           
101467 faron     20   0 34.4g  12g  99m S 198.2  2.5  70:50.26 MATLAB           


top - 10:39:52 up 98 days,  1:25, 11 users,  load average: 9.14, 8.80, 8.20
Tasks:   1 total,   0 running,   1 sleeping,   0 stopped,   0 zombie
Cpu(s): 30.7%us,  8.5%sy,  0.0%ni, 60.8%id,  0.0%wa,  0.0%hi,  0.0%si,  0.0%st
Mem:  529334084k total, 127837448k used, 401496636k free,   206392k buffers
Swap: 131071992k total, 71226516k used, 59845476k free, 26598324k cached

   PID USER      PR  NI  VIRT  RES  SHR S %CPU %MEM    TIME+  COMMAND           
101467 faron     20   0 34.7g  12g  99m S 198.2  2.6  72:49.32 MATLAB           


top - 10:40:52 up 98 days,  1:26, 11 users,  load average: 9.05, 8.83, 8.24
Tasks:   1 total,   0 running,   1 sleeping,   0 stopped,   0 zombie
Cpu(s): 30.9%us,  8.6%sy,  0.0%ni, 60.5%id,  0.0%wa,  0.0%hi,  0.0%si,  0.0%st
Mem:  529334084k total, 127832348k used, 401501736k free,   206412k buffers
Swap: 131071992k total, 71226516k used, 59845476k free, 26598328k cached

   PID USER      PR  NI  VIRT  RES  SHR S %CPU %MEM    TIME+  COMMAND           
101467 faron     20   0 35.1g  13g  99m S 198.2  2.6  74:48.35 MATLAB           


top - 10:41:52 up 98 days,  1:27, 11 users,  load average: 9.23, 8.91, 8.30
Tasks:   1 total,   0 running,   1 sleeping,   0 stopped,   0 zombie
Cpu(s): 30.7%us,  8.6%sy,  0.0%ni, 60.7%id,  0.0%wa,  0.0%hi,  0.0%si,  0.0%st
Mem:  529334084k total, 128414712k used, 400919372k free,   206412k buffers
Swap: 131071992k total, 71226516k used, 59845476k free, 26598328k cached

   PID USER      PR  NI  VIRT  RES  SHR S %CPU %MEM    TIME+  COMMAND           
101467 faron     20   0 35.4g  13g  99m S 198.2  2.7  76:47.39 MATLAB           


top - 10:42:52 up 98 days,  1:28, 11 users,  load average: 9.24, 8.97, 8.36
Tasks:   1 total,   0 running,   1 sleeping,   0 stopped,   0 zombie
Cpu(s): 30.8%us,  8.6%sy,  0.0%ni, 60.7%id,  0.0%wa,  0.0%hi,  0.0%si,  0.0%st
Mem:  529334084k total, 129299740k used, 400034344k free,   206412k buffers
Swap: 131071992k total, 71226516k used, 59845476k free, 26598328k cached

   PID USER      PR  NI  VIRT  RES  SHR S %CPU %MEM    TIME+  COMMAND           
101467 faron     20   0 35.7g  13g  99m S 198.2  2.8  78:46.42 MATLAB           


top - 10:43:52 up 98 days,  1:29, 11 users,  load average: 8.61, 8.85, 8.36
Tasks:   1 total,   0 running,   1 sleeping,   0 stopped,   0 zombie
Cpu(s): 28.7%us,  8.5%sy,  0.0%ni, 62.8%id,  0.0%wa,  0.0%hi,  0.0%si,  0.0%st
Mem:  529334084k total, 129806920k used, 399527164k free,   206420k buffers
Swap: 131071992k total, 71226516k used, 59845476k free, 26598332k cached

   PID USER      PR  NI  VIRT  RES  SHR S %CPU %MEM    TIME+  COMMAND           
101467 faron     20   0 36.1g  14g  99m S 198.3  2.8  80:45.45 MATLAB           


top - 10:44:52 up 98 days,  1:30, 11 users,  load average: 8.33, 8.71, 8.34
Tasks:   1 total,   0 running,   1 sleeping,   0 stopped,   0 zombie
Cpu(s): 26.8%us,  8.5%sy,  0.0%ni, 64.3%id,  0.3%wa,  0.0%hi,  0.0%si,  0.0%st
Mem:  529334084k total, 130931444k used, 398402640k free,   206424k buffers
Swap: 131071992k total, 71226516k used, 59845476k free, 27146440k cached

   PID USER      PR  NI  VIRT  RES  SHR S %CPU %MEM    TIME+  COMMAND           
101467 faron     20   0 36.4g  14g  99m S 198.4  2.9  82:44.57 MATLAB           


top - 10:45:52 up 98 days,  1:31, 11 users,  load average: 8.49, 8.67, 8.35
Tasks:   1 total,   0 running,   1 sleeping,   0 stopped,   0 zombie
Cpu(s): 28.4%us,  8.7%sy,  0.0%ni, 62.9%id,  0.0%wa,  0.0%hi,  0.0%si,  0.0%st
Mem:  529334084k total, 136839932k used, 392494152k free,   206428k buffers
Swap: 131071992k total, 71226516k used, 59845476k free, 27146440k cached

   PID USER      PR  NI  VIRT  RES  SHR S %CPU %MEM    TIME+  COMMAND           
101467 faron     20   0 36.8g  14g  99m S 198.2  3.0  84:43.60 MATLAB           


top - 10:46:52 up 98 days,  1:32, 11 users,  load average: 8.72, 8.71, 8.38
Tasks:   1 total,   0 running,   1 sleeping,   0 stopped,   0 zombie
Cpu(s): 30.7%us,  8.6%sy,  0.0%ni, 60.7%id,  0.0%wa,  0.0%hi,  0.0%si,  0.0%st
Mem:  529334084k total, 135200600k used, 394133484k free,   206428k buffers
Swap: 131071992k total, 71226516k used, 59845476k free, 27146440k cached

   PID USER      PR  NI  VIRT  RES  SHR S %CPU %MEM    TIME+  COMMAND           
101467 faron     20   0 37.1g  15g  99m S 198.0  3.0  86:42.51 MATLAB           


top - 10:47:52 up 98 days,  1:33, 11 users,  load average: 8.95, 8.79, 8.42
Tasks:   1 total,   0 running,   1 sleeping,   0 stopped,   0 zombie
Cpu(s): 30.7%us,  8.5%sy,  0.0%ni, 60.8%id,  0.0%wa,  0.0%hi,  0.0%si,  0.0%st
Mem:  529334084k total, 135869372k used, 393464712k free,   206432k buffers
Swap: 131071992k total, 71226516k used, 59845476k free, 27146440k cached

   PID USER      PR  NI  VIRT  RES  SHR S %CPU %MEM    TIME+  COMMAND           
101467 faron     20   0 37.5g  15g  99m S 198.2  3.1  88:41.46 MATLAB           


top - 10:48:52 up 98 days,  1:34, 11 users,  load average: 9.02, 8.84, 8.46
Tasks:   1 total,   0 running,   1 sleeping,   0 stopped,   0 zombie
Cpu(s): 30.7%us,  8.5%sy,  0.0%ni, 60.7%id,  0.0%wa,  0.0%hi,  0.0%si,  0.0%st
Mem:  529334084k total, 136484032k used, 392850052k free,   206436k buffers
Swap: 131071992k total, 71226516k used, 59845476k free, 27146440k cached

   PID USER      PR  NI  VIRT  RES  SHR S %CPU %MEM    TIME+  COMMAND           
101467 faron     20   0 37.8g  15g  99m S 198.2  3.2  90:40.39 MATLAB           


top - 10:49:52 up 98 days,  1:35, 11 users,  load average: 9.04, 8.88, 8.50
Tasks:   1 total,   0 running,   1 sleeping,   0 stopped,   0 zombie
Cpu(s): 30.6%us,  8.6%sy,  0.0%ni, 60.8%id,  0.0%wa,  0.0%hi,  0.0%si,  0.0%st
Mem:  529334084k total, 136965280k used, 392368804k free,   206456k buffers
Swap: 131071992k total, 71226516k used, 59845476k free, 27146448k cached

   PID USER      PR  NI  VIRT  RES  SHR S %CPU %MEM    TIME+  COMMAND           
101467 faron     20   0 38.1g  16g  99m S 198.2  3.2  92:39.29 MATLAB           


top - 10:50:52 up 98 days,  1:36, 11 users,  load average: 8.80, 8.86, 8.52
Tasks:   1 total,   0 running,   1 sleeping,   0 stopped,   0 zombie
Cpu(s): 30.0%us,  8.5%sy,  0.0%ni, 61.3%id,  0.2%wa,  0.0%hi,  0.0%si,  0.0%st
Mem:  529334084k total, 137805976k used, 391528108k free,   206492k buffers
Swap: 131071992k total, 71226516k used, 59845476k free, 27424996k cached

   PID USER      PR  NI  VIRT  RES  SHR S %CPU %MEM    TIME+  COMMAND           
101467 faron     20   0 38.5g  16g  99m S 198.1  3.3  94:38.27 MATLAB           


top - 10:51:52 up 98 days,  1:37, 11 users,  load average: 9.32, 8.97, 8.57
Tasks:   1 total,   0 running,   1 sleeping,   0 stopped,   0 zombie
Cpu(s): 33.3%us,  8.5%sy,  0.0%ni, 58.2%id,  0.0%wa,  0.0%hi,  0.0%si,  0.0%st
Mem:  529334084k total, 139152036k used, 390182048k free,   206504k buffers
Swap: 131071992k total, 71226516k used, 59845476k free, 27425128k cached

   PID USER      PR  NI  VIRT  RES  SHR S %CPU %MEM    TIME+  COMMAND           
101467 faron     20   0 38.8g  16g  99m S 198.1  3.4  96:37.24 MATLAB           


top - 10:52:52 up 98 days,  1:38, 11 users,  load average: 9.69, 9.14, 8.65
Tasks:   1 total,   0 running,   1 sleeping,   0 stopped,   0 zombie
Cpu(s): 34.4%us,  8.5%sy,  0.0%ni, 57.0%id,  0.0%wa,  0.0%hi,  0.0%si,  0.0%st
Mem:  529334084k total, 139694380k used, 389639704k free,   206512k buffers
Swap: 131071992k total, 71226516k used, 59845476k free, 27425128k cached

   PID USER      PR  NI  VIRT  RES  SHR S %CPU %MEM    TIME+  COMMAND           
101467 faron     20   0 39.1g  17g  99m S 198.0  3.4  98:36.04 MATLAB           


top - 10:53:52 up 98 days,  1:39, 11 users,  load average: 9.77, 9.27, 8.73
Tasks:   1 total,   0 running,   1 sleeping,   0 stopped,   0 zombie
Cpu(s): 34.1%us,  8.5%sy,  0.0%ni, 57.4%id,  0.0%wa,  0.0%hi,  0.0%si,  0.0%st
Mem:  529334084k total, 140316916k used, 389017168k free,   206512k buffers
Swap: 131071992k total, 71226516k used, 59845476k free, 27425128k cached

   PID USER      PR  NI  VIRT  RES  SHR S %CPU %MEM    TIME+  COMMAND           
101467 faron     20   0 39.5g  17g  99m S 198.0  3.5 100:34.99 MATLAB           


top - 10:54:52 up 98 days,  1:40, 11 users,  load average: 9.53, 9.28, 8.76
Tasks:   1 total,   0 running,   1 sleeping,   0 stopped,   0 zombie
Cpu(s): 32.0%us,  8.5%sy,  0.0%ni, 59.6%id,  0.0%wa,  0.0%hi,  0.0%si,  0.0%st
Mem:  529334084k total, 140792980k used, 388541104k free,   206540k buffers
Swap: 131071992k total, 71226516k used, 59845476k free, 27426436k cached

   PID USER      PR  NI  VIRT  RES  SHR S %CPU %MEM    TIME+  COMMAND           
101467 faron     20   0 39.8g  17g  99m S 198.2  3.6 102:33.99 MATLAB           


top - 10:55:52 up 98 days,  1:41, 11 users,  load average: 9.72, 9.39, 8.83
Tasks:   1 total,   0 running,   1 sleeping,   0 stopped,   0 zombie
Cpu(s): 35.0%us,  8.6%sy,  0.0%ni, 56.4%id,  0.0%wa,  0.0%hi,  0.0%si,  0.0%st
Mem:  529334084k total, 141446708k used, 387887376k free,   206544k buffers
Swap: 131071992k total, 71226516k used, 59845476k free, 27426436k cached

   PID USER      PR  NI  VIRT  RES  SHR S %CPU %MEM    TIME+  COMMAND           
101467 faron     20   0 40.1g  18g  99m S 198.2  3.6 104:32.99 MATLAB           


top - 10:56:53 up 98 days,  1:42, 11 users,  load average: 10.32, 9.62, 8.94
Tasks:   1 total,   0 running,   1 sleeping,   0 stopped,   0 zombie
Cpu(s): 36.5%us,  8.6%sy,  0.0%ni, 54.9%id,  0.0%wa,  0.0%hi,  0.0%si,  0.0%st
Mem:  529334084k total, 142550732k used, 386783352k free,   206576k buffers
Swap: 131071992k total, 71226516k used, 59845476k free, 27505636k cached

   PID USER      PR  NI  VIRT  RES  SHR S %CPU %MEM    TIME+  COMMAND           
101467 faron     20   0 40.5g  18g  99m S 197.9  3.7 106:31.85 MATLAB           


top - 10:57:53 up 98 days,  1:43, 11 users,  load average: 10.31, 9.75, 9.03
Tasks:   1 total,   0 running,   1 sleeping,   0 stopped,   0 zombie
Cpu(s): 34.9%us,  8.6%sy,  0.0%ni, 56.6%id,  0.0%wa,  0.0%hi,  0.0%si,  0.0%st
Mem:  529334084k total, 143547720k used, 385786364k free,   206576k buffers
Swap: 131071992k total, 71226516k used, 59845476k free, 27505636k cached

   PID USER      PR  NI  VIRT  RES  SHR S %CPU %MEM    TIME+  COMMAND           
101467 faron     20   0 40.8g  18g  99m S 197.9  3.8 108:30.70 MATLAB           


top - 10:58:53 up 98 days,  1:44, 11 users,  load average: 9.98, 9.76, 9.08
Tasks:   1 total,   0 running,   1 sleeping,   0 stopped,   0 zombie
Cpu(s): 34.7%us,  8.6%sy,  0.0%ni, 56.7%id,  0.0%wa,  0.0%hi,  0.0%si,  0.0%st
Mem:  529334084k total, 144451580k used, 384882504k free,   206592k buffers
Swap: 131071992k total, 71226516k used, 59845476k free, 27505636k cached

   PID USER      PR  NI  VIRT  RES  SHR S %CPU %MEM    TIME+  COMMAND           
101467 faron     20   0 41.1g  19g  99m S 197.9  3.8 110:29.54 MATLAB           


top - 10:59:53 up 98 days,  1:45, 11 users,  load average: 10.07, 9.82, 9.14
Tasks:   1 total,   0 running,   1 sleeping,   0 stopped,   0 zombie
Cpu(s): 34.8%us,  8.6%sy,  0.0%ni, 56.6%id,  0.0%wa,  0.0%hi,  0.0%si,  0.0%st
Mem:  529334084k total, 145396020k used, 383938064k free,   206600k buffers
Swap: 131071992k total, 71226516k used, 59845476k free, 27505636k cached

   PID USER      PR  NI  VIRT  RES  SHR S %CPU %MEM    TIME+  COMMAND           
101467 faron     20   0 41.4g  19g  99m S 197.9  3.9 112:28.38 MATLAB           


top - 11:00:53 up 98 days,  1:46, 11 users,  load average: 9.58, 9.72, 9.15
Tasks:   1 total,   0 running,   1 sleeping,   0 stopped,   0 zombie
Cpu(s): 32.0%us,  8.6%sy,  0.0%ni, 59.4%id,  0.0%wa,  0.0%hi,  0.0%si,  0.0%st
Mem:  529334084k total, 146380944k used, 382953140k free,   206640k buffers
Swap: 131071992k total, 71226516k used, 59845476k free, 27505644k cached

   PID USER      PR  NI  VIRT  RES  SHR S %CPU %MEM    TIME+  COMMAND           
101467 faron     20   0 41.8g  19g  99m S 197.9  3.9 114:27.23 MATLAB           


top - 11:01:53 up 98 days,  1:47, 12 users,  load average: 8.93, 9.52, 9.11
Tasks:   1 total,   0 running,   1 sleeping,   0 stopped,   0 zombie
Cpu(s): 26.9%us,  8.6%sy,  0.0%ni, 63.6%id,  0.8%wa,  0.0%hi,  0.0%si,  0.0%st
Mem:  529334084k total, 148328364k used, 381005720k free,   206680k buffers
Swap: 131071992k total, 71226512k used, 59845480k free, 28526172k cached

   PID USER      PR  NI  VIRT  RES  SHR S %CPU %MEM    TIME+  COMMAND           
101467 faron     20   0 42.1g  20g  99m S 198.1  4.0 116:26.24 MATLAB           


top - 11:02:53 up 98 days,  1:48, 11 users,  load average: 8.61, 9.32, 9.07
Tasks:   1 total,   0 running,   1 sleeping,   0 stopped,   0 zombie
Cpu(s): 26.7%us,  8.6%sy,  0.0%ni, 64.8%id,  0.0%wa,  0.0%hi,  0.0%si,  0.0%st
Mem:  529334084k total, 149233632k used, 380100452k free,   206952k buffers
Swap: 131071992k total, 71226476k used, 59845516k free, 28526812k cached

   PID USER      PR  NI  VIRT  RES  SHR S %CPU %MEM    TIME+  COMMAND           
101467 faron     20   0 42.5g  20g  99m S 198.2  4.1 118:25.26 MATLAB           


top - 11:03:53 up 98 days,  1:49, 11 users,  load average: 8.16, 9.06, 8.99
Tasks:   1 total,   0 running,   1 sleeping,   0 stopped,   0 zombie
Cpu(s): 26.7%us,  8.6%sy,  0.0%ni, 64.8%id,  0.0%wa,  0.0%hi,  0.0%si,  0.0%st
Mem:  529334084k total, 149746504k used, 379587580k free,   206972k buffers
Swap: 131071992k total, 71226476k used, 59845516k free, 28526812k cached

   PID USER      PR  NI  VIRT  RES  SHR S %CPU %MEM    TIME+  COMMAND           
101467 faron     20   0 42.8g  20g  99m S 198.3  4.1 120:24.29 MATLAB           


top - 11:04:53 up 98 days,  1:50, 11 users,  load average: 8.08, 8.89, 8.94
Tasks:   1 total,   0 running,   1 sleeping,   0 stopped,   0 zombie
Cpu(s): 24.2%us,  9.6%sy,  0.0%ni, 65.6%id,  0.5%wa,  0.0%hi,  0.1%si,  0.0%st
Mem:  529334084k total, 152898304k used, 376435780k free,   206988k buffers
Swap: 131071992k total, 71226476k used, 59845516k free, 28526812k cached

   PID USER      PR  NI  VIRT  RES  SHR S %CPU %MEM    TIME+  COMMAND           
101467 faron     20   0 43.8g  22g 100m S 156.9  4.5 121:58.53 MATLAB           


top - 11:05:53 up 98 days,  1:51, 11 users,  load average: 7.61, 8.61, 8.83
Tasks:   1 total,   0 running,   1 sleeping,   0 stopped,   0 zombie
Cpu(s): 21.5%us,  9.6%sy,  0.0%ni, 68.9%id,  0.0%wa,  0.0%hi,  0.0%si,  0.0%st
Mem:  529334084k total, 186398972k used, 342935112k free,   206996k buffers
Swap: 131071992k total, 71226476k used, 59845516k free, 28526812k cached

   PID USER      PR  NI  VIRT  RES  SHR S %CPU %MEM    TIME+  COMMAND           
101467 faron     20   0 63.6g  54g 100m S 103.5 10.8 123:00.69 MATLAB           


top - 11:06:53 up 98 days,  1:52, 11 users,  load average: 7.74, 8.45, 8.76
Tasks:   0 total,   0 running,   0 sleeping,   0 stopped,   0 zombie
Cpu(s): 23.6%us,  9.8%sy,  0.0%ni, 66.6%id,  0.0%wa,  0.0%hi,  0.0%si,  0.0%st
Mem:  529334084k total, 126370508k used, 402963576k free,   207008k buffers
Swap: 131071992k total, 71226468k used, 59845524k free, 26679628k cached

   PID USER      PR  NI  VIRT  RES  SHR S %CPU %MEM    TIME+  COMMAND           


top - 11:07:53 up 98 days,  1:53, 11 users,  load average: 7.60, 8.27, 8.68
Tasks:   0 total,   0 running,   0 sleeping,   0 stopped,   0 zombie
Cpu(s): 22.7%us,  8.3%sy,  0.0%ni, 69.0%id,  0.0%wa,  0.0%hi,  0.0%si,  0.0%st
Mem:  529334084k total, 126004528k used, 403329556k free,   207024k buffers
Swap: 131071992k total, 71226468k used, 59845524k free, 26679628k cached

   PID USER      PR  NI  VIRT  RES  SHR S %CPU %MEM    TIME+  COMMAND           


top - 11:08:53 up 98 days,  1:54, 11 users,  load average: 6.86, 7.96, 8.55
Tasks:   0 total,   0 running,   0 sleeping,   0 stopped,   0 zombie
Cpu(s): 18.7%us,  8.3%sy,  0.0%ni, 73.1%id,  0.0%wa,  0.0%hi,  0.0%si,  0.0%st
Mem:  529334084k total, 126102320k used, 403231764k free,   207028k buffers
Swap: 131071992k total, 71226468k used, 59845524k free, 26679628k cached

   PID USER      PR  NI  VIRT  RES  SHR S %CPU %MEM    TIME+  COMMAND           


top - 11:09:53 up 98 days,  1:55, 11 users,  load average: 6.67, 7.70, 8.42
Tasks:   0 total,   0 running,   0 sleeping,   0 stopped,   0 zombie
Cpu(s): 19.7%us,  8.4%sy,  0.0%ni, 71.9%id,  0.0%wa,  0.0%hi,  0.0%si,  0.0%st
Mem:  529334084k total, 134361332k used, 394972752k free,   207036k buffers
Swap: 131071992k total, 71226468k used, 59845524k free, 26679628k cached

   PID USER      PR  NI  VIRT  RES  SHR S %CPU %MEM    TIME+  COMMAND           


top - 11:10:53 up 98 days,  1:56, 11 users,  load average: 7.01, 7.61, 8.34
Tasks:   0 total,   0 running,   0 sleeping,   0 stopped,   0 zombie
Cpu(s): 22.8%us,  8.2%sy,  0.0%ni, 69.0%id,  0.0%wa,  0.0%hi,  0.0%si,  0.0%st
Mem:  529334084k total, 131265816k used, 398068268k free,   207064k buffers
Swap: 131071992k total, 71226468k used, 59845524k free, 26679632k cached

   PID USER      PR  NI  VIRT  RES  SHR S %CPU %MEM    TIME+  COMMAND           


top - 11:11:53 up 98 days,  1:57, 11 users,  load average: 7.24, 7.57, 8.28
Tasks:   0 total,   0 running,   0 sleeping,   0 stopped,   0 zombie
Cpu(s): 22.8%us,  8.2%sy,  0.0%ni, 68.9%id,  0.0%wa,  0.0%hi,  0.0%si,  0.0%st
Mem:  529334084k total, 131283100k used, 398050984k free,   207072k buffers
Swap: 131071992k total, 71226468k used, 59845524k free, 26679632k cached

   PID USER      PR  NI  VIRT  RES  SHR S %CPU %MEM    TIME+  COMMAND           


top - 11:12:53 up 98 days,  1:58, 11 users,  load average: 7.20, 7.49, 8.21
Tasks:   0 total,   0 running,   0 sleeping,   0 stopped,   0 zombie
Cpu(s): 22.8%us,  8.2%sy,  0.0%ni, 69.0%id,  0.0%wa,  0.0%hi,  0.0%si,  0.0%st
Mem:  529334084k total, 131893052k used, 397441032k free,   207072k buffers
Swap: 131071992k total, 71226468k used, 59845524k free, 26679632k cached

   PID USER      PR  NI  VIRT  RES  SHR S %CPU %MEM    TIME+  COMMAND           


top - 11:13:53 up 98 days,  1:59, 11 users,  load average: 7.21, 7.44, 8.14
Tasks:   0 total,   0 running,   0 sleeping,   0 stopped,   0 zombie
Cpu(s): 22.8%us,  8.2%sy,  0.0%ni, 69.0%id,  0.0%wa,  0.0%hi,  0.0%si,  0.0%st
Mem:  529334084k total, 131856216k used, 397477868k free,   207072k buffers
Swap: 131071992k total, 71226468k used, 59845524k free, 26679632k cached

   PID USER      PR  NI  VIRT  RES  SHR S %CPU %MEM    TIME+  COMMAND           


top - 11:14:53 up 98 days,  2:00, 11 users,  load average: 7.08, 7.37, 8.07
Tasks:   0 total,   0 running,   0 sleeping,   0 stopped,   0 zombie
Cpu(s): 22.1%us,  8.2%sy,  0.0%ni, 69.7%id,  0.0%wa,  0.0%hi,  0.0%si,  0.0%st
Mem:  529334084k total, 131378992k used, 397955092k free,   207072k buffers
Swap: 131071992k total, 71226468k used, 59845524k free, 26679632k cached

   PID USER      PR  NI  VIRT  RES  SHR S %CPU %MEM    TIME+  COMMAND           


top - 11:15:54 up 98 days,  2:01, 11 users,  load average: 7.10, 7.29, 8.00
Tasks:   0 total,   0 running,   0 sleeping,   0 stopped,   0 zombie
Cpu(s): 21.2%us,  8.2%sy,  0.0%ni, 70.3%id,  0.3%wa,  0.0%hi,  0.0%si,  0.0%st
Mem:  529334084k total, 131729116k used, 397604968k free,   207088k buffers
Swap: 131071992k total, 71226468k used, 59845524k free, 26945084k cached

   PID USER      PR  NI  VIRT  RES  SHR S %CPU %MEM    TIME+  COMMAND           


top - 11:16:54 up 98 days,  2:02, 11 users,  load average: 7.73, 7.44, 8.00
Tasks:   0 total,   0 running,   0 sleeping,   0 stopped,   0 zombie
Cpu(s): 26.9%us,  8.2%sy,  0.0%ni, 64.9%id,  0.0%wa,  0.0%hi,  0.0%si,  0.0%st
Mem:  529334084k total, 131789860k used, 397544224k free,   207088k buffers
Swap: 131071992k total, 71226468k used, 59845524k free, 26945084k cached

   PID USER      PR  NI  VIRT  RES  SHR S %CPU %MEM    TIME+  COMMAND           


top - 11:17:54 up 98 days,  2:03, 11 users,  load average: 7.52, 7.44, 7.97
Tasks:   0 total,   0 running,   0 sleeping,   0 stopped,   0 zombie
Cpu(s): 24.2%us,  8.1%sy,  0.0%ni, 67.7%id,  0.0%wa,  0.0%hi,  0.0%si,  0.0%st
Mem:  529334084k total, 131873452k used, 397460632k free,   207088k buffers
Swap: 131071992k total, 71226468k used, 59845524k free, 26945084k cached

   PID USER      PR  NI  VIRT  RES  SHR S %CPU %MEM    TIME+  COMMAND           


top - 11:18:54 up 98 days,  2:04, 11 users,  load average: 7.91, 7.56, 7.97
Tasks:   0 total,   0 running,   0 sleeping,   0 stopped,   0 zombie
Cpu(s): 26.6%us,  8.2%sy,  0.0%ni, 65.2%id,  0.0%wa,  0.0%hi,  0.0%si,  0.0%st
Mem:  529334084k total, 132504892k used, 396829192k free,   207092k buffers
Swap: 131071992k total, 71226468k used, 59845524k free, 26945084k cached

   PID USER      PR  NI  VIRT  RES  SHR S %CPU %MEM    TIME+  COMMAND           


top - 11:19:54 up 98 days,  2:05, 11 users,  load average: 8.23, 7.71, 8.00
Tasks:   0 total,   0 running,   0 sleeping,   0 stopped,   0 zombie
Cpu(s): 26.7%us,  8.2%sy,  0.0%ni, 65.1%id,  0.0%wa,  0.0%hi,  0.0%si,  0.0%st
Mem:  529334084k total, 132655112k used, 396678972k free,   207096k buffers
Swap: 131071992k total, 71226468k used, 59845524k free, 26945084k cached

   PID USER      PR  NI  VIRT  RES  SHR S %CPU %MEM    TIME+  COMMAND           


top - 11:20:54 up 98 days,  2:06, 11 users,  load average: 8.23, 7.80, 8.01
Tasks:   0 total,   0 running,   0 sleeping,   0 stopped,   0 zombie
Cpu(s): 26.8%us,  8.2%sy,  0.0%ni, 65.0%id,  0.0%wa,  0.0%hi,  0.0%si,  0.0%st
Mem:  529334084k total, 133103664k used, 396230420k free,   207116k buffers
Swap: 131071992k total, 71226468k used, 59845524k free, 26945092k cached

   PID USER      PR  NI  VIRT  RES  SHR S %CPU %MEM    TIME+  COMMAND           


top - 11:21:54 up 98 days,  2:07, 11 users,  load average: 7.80, 7.77, 7.98
Tasks:   0 total,   0 running,   0 sleeping,   0 stopped,   0 zombie
Cpu(s): 24.1%us,  8.2%sy,  0.0%ni, 67.7%id,  0.0%wa,  0.0%hi,  0.0%si,  0.0%st
Mem:  529334084k total, 133190308k used, 396143776k free,   207120k buffers
Swap: 131071992k total, 71226468k used, 59845524k free, 26945092k cached

   PID USER      PR  NI  VIRT  RES  SHR S %CPU %MEM    TIME+  COMMAND           


top - 11:22:54 up 98 days,  2:08, 11 users,  load average: 7.54, 7.71, 7.95
Tasks:   0 total,   0 running,   0 sleeping,   0 stopped,   0 zombie
Cpu(s): 20.9%us,  8.3%sy,  0.0%ni, 68.8%id,  2.0%wa,  0.0%hi,  0.0%si,  0.0%st
Mem:  529334084k total, 135208044k used, 394126040k free,   207124k buffers
Swap: 131071992k total, 71226468k used, 59845524k free, 27918584k cached

   PID USER      PR  NI  VIRT  RES  SHR S %CPU %MEM    TIME+  COMMAND           


top - 11:23:54 up 98 days,  2:09, 11 users,  load average: 6.58, 7.39, 7.82
Tasks:   0 total,   0 running,   0 sleeping,   0 stopped,   0 zombie
Cpu(s): 17.8%us,  8.1%sy,  0.0%ni, 74.0%id,  0.0%wa,  0.0%hi,  0.0%si,  0.0%st
Mem:  529334084k total, 135248016k used, 394086068k free,   207132k buffers
Swap: 131071992k total, 71226468k used, 59845524k free, 27918584k cached

   PID USER      PR  NI  VIRT  RES  SHR S %CPU %MEM    TIME+  COMMAND           


top - 11:24:54 up 98 days,  2:10, 11 users,  load average: 6.94, 7.36, 7.79
Tasks:   0 total,   0 running,   0 sleeping,   0 stopped,   0 zombie
Cpu(s): 22.1%us,  8.3%sy,  0.0%ni, 69.6%id,  0.0%wa,  0.0%hi,  0.0%si,  0.0%st
Mem:  529334084k total, 135836804k used, 393497280k free,   207152k buffers
Swap: 131071992k total, 71226468k used, 59845524k free, 28171936k cached

   PID USER      PR  NI  VIRT  RES  SHR S %CPU %MEM    TIME+  COMMAND           


top - 11:25:54 up 98 days,  2:11, 11 users,  load average: 6.77, 7.22, 7.71
Tasks:   0 total,   0 running,   0 sleeping,   0 stopped,   0 zombie
Cpu(s): 19.4%us,  8.3%sy,  0.0%ni, 72.3%id,  0.0%wa,  0.0%hi,  0.0%si,  0.0%st
Mem:  529334084k total, 137836632k used, 391497452k free,   207168k buffers
Swap: 131071992k total, 71226468k used, 59845524k free, 28171944k cached

   PID USER      PR  NI  VIRT  RES  SHR S %CPU %MEM    TIME+  COMMAND           


top - 11:26:54 up 98 days,  2:12, 11 users,  load average: 7.07, 7.22, 7.68
Tasks:   0 total,   0 running,   0 sleeping,   0 stopped,   0 zombie
Cpu(s): 22.8%us,  8.2%sy,  0.0%ni, 69.0%id,  0.0%wa,  0.0%hi,  0.0%si,  0.0%st
Mem:  529334084k total, 137806720k used, 391527364k free,   207168k buffers
Swap: 131071992k total, 71226468k used, 59845524k free, 28171944k cached

   PID USER      PR  NI  VIRT  RES  SHR S %CPU %MEM    TIME+  COMMAND           


top - 11:27:54 up 98 days,  2:13, 11 users,  load average: 6.46, 7.03, 7.58
Tasks:   0 total,   0 running,   0 sleeping,   0 stopped,   0 zombie
Cpu(s): 19.3%us,  8.1%sy,  0.0%ni, 72.5%id,  0.0%wa,  0.0%hi,  0.0%si,  0.0%st
Mem:  529334084k total, 137880740k used, 391453344k free,   207172k buffers
Swap: 131071992k total, 71226468k used, 59845524k free, 28206676k cached

   PID USER      PR  NI  VIRT  RES  SHR S %CPU %MEM    TIME+  COMMAND           


top - 11:28:54 up 98 days,  2:14, 11 users,  load average: 7.14, 7.10, 7.56
Tasks:   0 total,   0 running,   0 sleeping,   0 stopped,   0 zombie
Cpu(s): 24.3%us,  8.2%sy,  0.0%ni, 67.5%id,  0.0%wa,  0.0%hi,  0.0%si,  0.0%st
Mem:  529334084k total, 136682940k used, 392651144k free,   207176k buffers
Swap: 131071992k total, 71226468k used, 59845524k free, 26967732k cached

   PID USER      PR  NI  VIRT  RES  SHR S %CPU %MEM    TIME+  COMMAND           


top - 11:29:54 up 98 days,  2:15, 11 users,  load average: 6.91, 7.06, 7.52
Tasks:   0 total,   0 running,   0 sleeping,   0 stopped,   0 zombie
Cpu(s): 21.1%us,  8.2%sy,  0.0%ni, 70.6%id,  0.1%wa,  0.0%hi,  0.0%si,  0.0%st
Mem:  529334084k total, 136809368k used, 392524716k free,   207176k buffers
Swap: 131071992k total, 71226468k used, 59845524k free, 27096940k cached

   PID USER      PR  NI  VIRT  RES  SHR S %CPU %MEM    TIME+  COMMAND           


top - 11:30:54 up 98 days,  2:16, 11 users,  load average: 6.59, 6.93, 7.44
Tasks:   0 total,   0 running,   0 sleeping,   0 stopped,   0 zombie
Cpu(s): 18.5%us,  8.2%sy,  0.0%ni, 73.3%id,  0.0%wa,  0.0%hi,  0.0%si,  0.0%st
Mem:  529334084k total, 136797720k used, 392536364k free,   207200k buffers
Swap: 131071992k total, 71226468k used, 59845524k free, 27096948k cached

   PID USER      PR  NI  VIRT  RES  SHR S %CPU %MEM    TIME+  COMMAND           


top - 11:31:54 up 98 days,  2:17, 11 users,  load average: 6.49, 6.83, 7.38
Tasks:   0 total,   0 running,   0 sleeping,   0 stopped,   0 zombie
Cpu(s): 18.6%us,  8.2%sy,  0.0%ni, 73.2%id,  0.0%wa,  0.0%hi,  0.0%si,  0.0%st
Mem:  529334084k total, 136798288k used, 392535796k free,   207200k buffers
Swap: 131071992k total, 71226468k used, 59845524k free, 27096948k cached

   PID USER      PR  NI  VIRT  RES  SHR S %CPU %MEM    TIME+  COMMAND           


top - 11:32:54 up 98 days,  2:18, 11 users,  load average: 6.36, 6.72, 7.30
Tasks:   0 total,   0 running,   0 sleeping,   0 stopped,   0 zombie
Cpu(s): 18.5%us,  8.3%sy,  0.0%ni, 73.2%id,  0.0%wa,  0.0%hi,  0.0%si,  0.0%st
Mem:  529334084k total, 136892268k used, 392441816k free,   207204k buffers
Swap: 131071992k total, 71226468k used, 59845524k free, 27096948k cached

   PID USER      PR  NI  VIRT  RES  SHR S %CPU %MEM    TIME+  COMMAND           


top - 11:33:54 up 98 days,  2:19, 11 users,  load average: 6.28, 6.63, 7.23
Tasks:   0 total,   0 running,   0 sleeping,   0 stopped,   0 zombie
Cpu(s): 18.8%us,  8.3%sy,  0.0%ni, 72.8%id,  0.0%wa,  0.0%hi,  0.0%si,  0.0%st
Mem:  529334084k total, 136823552k used, 392510532k free,   207204k buffers
Swap: 131071992k total, 71226468k used, 59845524k free, 27118888k cached

   PID USER      PR  NI  VIRT  RES  SHR S %CPU %MEM    TIME+  COMMAND           


top - 11:34:55 up 98 days,  2:20, 11 users,  load average: 6.41, 6.62, 7.19
Tasks:   0 total,   0 running,   0 sleeping,   0 stopped,   0 zombie
Cpu(s): 18.5%us,  8.4%sy,  0.0%ni, 73.1%id,  0.0%wa,  0.0%hi,  0.0%si,  0.0%st
Mem:  529334084k total, 136850048k used, 392484036k free,   207212k buffers
Swap: 131071992k total, 71226468k used, 59845524k free, 27129108k cached

   PID USER      PR  NI  VIRT  RES  SHR S %CPU %MEM    TIME+  COMMAND           


top - 11:35:55 up 98 days,  2:21, 11 users,  load average: 6.31, 6.55, 7.13
Tasks:   0 total,   0 running,   0 sleeping,   0 stopped,   0 zombie
Cpu(s): 18.4%us,  8.4%sy,  0.0%ni, 73.2%id,  0.0%wa,  0.0%hi,  0.0%si,  0.0%st
Mem:  529334084k total, 136875532k used, 392458552k free,   207220k buffers
Swap: 131071992k total, 71226468k used, 59845524k free, 27129108k cached

   PID USER      PR  NI  VIRT  RES  SHR S %CPU %MEM    TIME+  COMMAND           


top - 11:36:55 up 98 days,  2:22, 11 users,  load average: 6.10, 6.46, 7.06
Tasks:   0 total,   0 running,   0 sleeping,   0 stopped,   0 zombie
Cpu(s): 17.9%us,  8.3%sy,  0.0%ni, 73.7%id,  0.0%wa,  0.0%hi,  0.0%si,  0.0%st
Mem:  529334084k total, 136877848k used, 392456236k free,   207224k buffers
Swap: 131071992k total, 71226468k used, 59845524k free, 27129108k cached

   PID USER      PR  NI  VIRT  RES  SHR S %CPU %MEM    TIME+  COMMAND           


top - 11:37:55 up 98 days,  2:23, 11 users,  load average: 6.11, 6.40, 7.00
Tasks:   0 total,   0 running,   0 sleeping,   0 stopped,   0 zombie
Cpu(s): 18.2%us,  8.4%sy,  0.0%ni, 73.4%id,  0.0%wa,  0.0%hi,  0.0%si,  0.0%st
Mem:  529334084k total, 136879244k used, 392454840k free,   207224k buffers
Swap: 131071992k total, 71226468k used, 59845524k free, 27129108k cached

   PID USER      PR  NI  VIRT  RES  SHR S %CPU %MEM    TIME+  COMMAND           


top - 11:38:55 up 98 days,  2:24, 11 users,  load average: 6.06, 6.34, 6.94
Tasks:   0 total,   0 running,   0 sleeping,   0 stopped,   0 zombie
Cpu(s): 18.3%us,  8.4%sy,  0.0%ni, 73.3%id,  0.0%wa,  0.0%hi,  0.0%si,  0.0%st
Mem:  529334084k total, 136882208k used, 392451876k free,   207228k buffers
Swap: 131071992k total, 71226468k used, 59845524k free, 27129108k cached

   PID USER      PR  NI  VIRT  RES  SHR S %CPU %MEM    TIME+  COMMAND           


top - 11:39:55 up 98 days,  2:25, 11 users,  load average: 6.20, 6.32, 6.89
Tasks:   0 total,   0 running,   0 sleeping,   0 stopped,   0 zombie
Cpu(s): 18.5%us,  8.3%sy,  0.0%ni, 73.2%id,  0.0%wa,  0.0%hi,  0.0%si,  0.0%st
Mem:  529334084k total, 136883940k used, 392450144k free,   207228k buffers
Swap: 131071992k total, 71226468k used, 59845524k free, 27129108k cached

   PID USER      PR  NI  VIRT  RES  SHR S %CPU %MEM    TIME+  COMMAND           


top - 11:40:55 up 98 days,  2:26, 11 users,  load average: 6.07, 6.26, 6.84
Tasks:   0 total,   0 running,   0 sleeping,   0 stopped,   0 zombie
Cpu(s): 18.4%us,  8.3%sy,  0.0%ni, 73.2%id,  0.0%wa,  0.0%hi,  0.0%si,  0.0%st
Mem:  529334084k total, 136889708k used, 392444376k free,   207244k buffers
Swap: 131071992k total, 71226468k used, 59845524k free, 27129116k cached

   PID USER      PR  NI  VIRT  RES  SHR S %CPU %MEM    TIME+  COMMAND           


top - 11:41:55 up 98 days,  2:27, 11 users,  load average: 6.25, 6.27, 6.80
Tasks:   0 total,   0 running,   0 sleeping,   0 stopped,   0 zombie
Cpu(s): 18.3%us,  8.4%sy,  0.0%ni, 73.3%id,  0.0%wa,  0.0%hi,  0.0%si,  0.0%st
Mem:  529334084k total, 136991732k used, 392342352k free,   207244k buffers
Swap: 131071992k total, 71226468k used, 59845524k free, 27129116k cached

   PID USER      PR  NI  VIRT  RES  SHR S %CPU %MEM    TIME+  COMMAND           


top - 11:42:55 up 98 days,  2:28, 11 users,  load average: 6.40, 6.31, 6.78
Tasks:   0 total,   0 running,   0 sleeping,   0 stopped,   0 zombie
Cpu(s): 18.1%us,  8.5%sy,  0.0%ni, 73.4%id,  0.0%wa,  0.0%hi,  0.0%si,  0.0%st
Mem:  529334084k total, 136899196k used, 392434888k free,   207244k buffers
Swap: 131071992k total, 71226468k used, 59845524k free, 27129116k cached

   PID USER      PR  NI  VIRT  RES  SHR S %CPU %MEM    TIME+  COMMAND           


top - 11:43:55 up 98 days,  2:29, 11 users,  load average: 6.33, 6.30, 6.74
Tasks:   0 total,   0 running,   0 sleeping,   0 stopped,   0 zombie
Cpu(s): 18.1%us,  8.5%sy,  0.0%ni, 73.4%id,  0.0%wa,  0.0%hi,  0.0%si,  0.0%st
Mem:  529334084k total, 137047096k used, 392286988k free,   207244k buffers
Swap: 131071992k total, 71226468k used, 59845524k free, 27129116k cached

   PID USER      PR  NI  VIRT  RES  SHR S %CPU %MEM    TIME+  COMMAND           


top - 11:44:55 up 98 days,  2:30, 11 users,  load average: 6.19, 6.27, 6.70
Tasks:   0 total,   0 running,   0 sleeping,   0 stopped,   0 zombie
Cpu(s): 18.2%us,  8.3%sy,  0.0%ni, 73.4%id,  0.0%wa,  0.0%hi,  0.0%si,  0.0%st
Mem:  529334084k total, 136870740k used, 392463344k free,   207244k buffers
Swap: 131071992k total, 71226468k used, 59845524k free, 27129116k cached

   PID USER      PR  NI  VIRT  RES  SHR S %CPU %MEM    TIME+  COMMAND           


top - 11:45:55 up 98 days,  2:31, 11 users,  load average: 6.12, 6.23, 6.66
Tasks:   0 total,   0 running,   0 sleeping,   0 stopped,   0 zombie
Cpu(s): 18.3%us,  8.4%sy,  0.0%ni, 73.2%id,  0.0%wa,  0.0%hi,  0.0%si,  0.0%st
Mem:  529334084k total, 136876668k used, 392457416k free,   207252k buffers
Swap: 131071992k total, 71226468k used, 59845524k free, 27129116k cached

   PID USER      PR  NI  VIRT  RES  SHR S %CPU %MEM    TIME+  COMMAND           


top - 11:46:55 up 98 days,  2:32, 11 users,  load average: 6.13, 6.22, 6.63
Tasks:   0 total,   0 running,   0 sleeping,   0 stopped,   0 zombie
Cpu(s): 18.3%us,  8.4%sy,  0.0%ni, 73.3%id,  0.0%wa,  0.0%hi,  0.0%si,  0.0%st
Mem:  529334084k total, 136880972k used, 392453112k free,   207256k buffers
Swap: 131071992k total, 71226468k used, 59845524k free, 27129116k cached

   PID USER      PR  NI  VIRT  RES  SHR S %CPU %MEM    TIME+  COMMAND           


top - 11:47:55 up 98 days,  2:33, 11 users,  load average: 6.10, 6.19, 6.59
Tasks:   0 total,   0 running,   0 sleeping,   0 stopped,   0 zombie
Cpu(s): 18.2%us,  8.5%sy,  0.0%ni, 73.2%id,  0.0%wa,  0.0%hi,  0.0%si,  0.0%st
Mem:  529334084k total, 136885156k used, 392448928k free,   207256k buffers
Swap: 131071992k total, 71226468k used, 59845524k free, 27129116k cached

   PID USER      PR  NI  VIRT  RES  SHR S %CPU %MEM    TIME+  COMMAND           


top - 11:48:55 up 98 days,  2:34, 11 users,  load average: 6.08, 6.17, 6.56
Tasks:   0 total,   0 running,   0 sleeping,   0 stopped,   0 zombie
Cpu(s): 18.3%us,  8.4%sy,  0.0%ni, 73.3%id,  0.0%wa,  0.0%hi,  0.0%si,  0.0%st
Mem:  529334084k total, 136880788k used, 392453296k free,   207260k buffers
Swap: 131071992k total, 71226468k used, 59845524k free, 27129116k cached

   PID USER      PR  NI  VIRT  RES  SHR S %CPU %MEM    TIME+  COMMAND           


top - 11:49:55 up 98 days,  2:35, 11 users,  load average: 6.13, 6.16, 6.53
Tasks:   0 total,   0 running,   0 sleeping,   0 stopped,   0 zombie
Cpu(s): 18.5%us,  8.3%sy,  0.0%ni, 73.2%id,  0.0%wa,  0.0%hi,  0.0%si,  0.0%st
Mem:  529334084k total, 136905800k used, 392428284k free,   207264k buffers
Swap: 131071992k total, 71226468k used, 59845524k free, 27129116k cached

   PID USER      PR  NI  VIRT  RES  SHR S %CPU %MEM    TIME+  COMMAND           


top - 11:50:55 up 98 days,  2:36, 11 users,  load average: 5.89, 6.10, 6.48
Tasks:   0 total,   0 running,   0 sleeping,   0 stopped,   0 zombie
Cpu(s): 17.8%us,  8.3%sy,  0.0%ni, 73.9%id,  0.0%wa,  0.0%hi,  0.0%si,  0.0%st
Mem:  529334084k total, 136967192k used, 392366892k free,   207288k buffers
Swap: 131071992k total, 71226468k used, 59845524k free, 27129120k cached

   PID USER      PR  NI  VIRT  RES  SHR S %CPU %MEM    TIME+  COMMAND           


top - 11:51:55 up 98 days,  2:37, 11 users,  load average: 6.06, 6.12, 6.47
Tasks:   0 total,   0 running,   0 sleeping,   0 stopped,   0 zombie
Cpu(s): 17.8%us,  8.3%sy,  0.0%ni, 73.9%id,  0.0%wa,  0.0%hi,  0.0%si,  0.0%st
Mem:  529334084k total, 137075204k used, 392258880k free,   207296k buffers
Swap: 131071992k total, 71226468k used, 59845524k free, 27129120k cached

   PID USER      PR  NI  VIRT  RES  SHR S %CPU %MEM    TIME+  COMMAND           


top - 11:52:55 up 98 days,  2:38, 11 users,  load average: 6.17, 6.14, 6.45
Tasks:   0 total,   0 running,   0 sleeping,   0 stopped,   0 zombie
Cpu(s): 18.4%us,  8.4%sy,  0.0%ni, 73.3%id,  0.0%wa,  0.0%hi,  0.0%si,  0.0%st
Mem:  529334084k total, 139571032k used, 389763052k free,   207300k buffers
Swap: 131071992k total, 71226468k used, 59845524k free, 27129120k cached

   PID USER      PR  NI  VIRT  RES  SHR S %CPU %MEM    TIME+  COMMAND           


top - 11:53:55 up 98 days,  2:39, 11 users,  load average: 6.33, 6.19, 6.45
Tasks:   0 total,   0 running,   0 sleeping,   0 stopped,   0 zombie
Cpu(s): 18.3%us,  8.4%sy,  0.0%ni, 73.3%id,  0.0%wa,  0.0%hi,  0.0%si,  0.0%st
Mem:  529334084k total, 142309448k used, 387024636k free,   207300k buffers
Swap: 131071992k total, 71226468k used, 59845524k free, 27129120k cached

   PID USER      PR  NI  VIRT  RES  SHR S %CPU %MEM    TIME+  COMMAND           


top - 11:54:56 up 98 days,  2:40, 11 users,  load average: 6.36, 6.21, 6.44
Tasks:   0 total,   0 running,   0 sleeping,   0 stopped,   0 zombie
Cpu(s): 18.6%us,  8.3%sy,  0.0%ni, 73.1%id,  0.0%wa,  0.0%hi,  0.0%si,  0.0%st
Mem:  529334084k total, 138387088k used, 390946996k free,   207300k buffers
Swap: 131071992k total, 71226468k used, 59845524k free, 27129120k cached

   PID USER      PR  NI  VIRT  RES  SHR S %CPU %MEM    TIME+  COMMAND           


top - 11:55:56 up 98 days,  2:41, 11 users,  load average: 6.43, 6.26, 6.44
Tasks:   0 total,   0 running,   0 sleeping,   0 stopped,   0 zombie
Cpu(s): 18.5%us,  8.3%sy,  0.0%ni, 73.1%id,  0.0%wa,  0.0%hi,  0.0%si,  0.0%st
Mem:  529334084k total, 141277612k used, 388056472k free,   207312k buffers
Swap: 131071992k total, 71226468k used, 59845524k free, 27129120k cached

   PID USER      PR  NI  VIRT  RES  SHR S %CPU %MEM    TIME+  COMMAND           


top - 11:56:56 up 98 days,  2:42, 11 users,  load average: 6.26, 6.24, 6.42
Tasks:   0 total,   0 running,   0 sleeping,   0 stopped,   0 zombie
Cpu(s): 18.3%us,  8.3%sy,  0.0%ni, 73.4%id,  0.0%wa,  0.0%hi,  0.0%si,  0.0%st
Mem:  529334084k total, 142956468k used, 386377616k free,   207312k buffers
Swap: 131071992k total, 71226468k used, 59845524k free, 27129120k cached

   PID USER      PR  NI  VIRT  RES  SHR S %CPU %MEM    TIME+  COMMAND           


top - 11:57:56 up 98 days,  2:43, 11 users,  load average: 6.29, 6.24, 6.41
Tasks:   0 total,   0 running,   0 sleeping,   0 stopped,   0 zombie
Cpu(s): 18.1%us,  8.5%sy,  0.0%ni, 73.4%id,  0.0%wa,  0.0%hi,  0.0%si,  0.0%st
Mem:  529334084k total, 143070184k used, 386263900k free,   207312k buffers
Swap: 131071992k total, 71226468k used, 59845524k free, 27129120k cached

   PID USER      PR  NI  VIRT  RES  SHR S %CPU %MEM    TIME+  COMMAND           


top - 11:58:56 up 98 days,  2:44, 11 users,  load average: 6.23, 6.23, 6.39
Tasks:   0 total,   0 running,   0 sleeping,   0 stopped,   0 zombie
Cpu(s): 18.0%us,  8.5%sy,  0.0%ni, 73.5%id,  0.0%wa,  0.0%hi,  0.0%si,  0.0%st
Mem:  529334084k total, 150795416k used, 378538668k free,   207320k buffers
Swap: 131071992k total, 71226468k used, 59845524k free, 27129120k cached

   PID USER      PR  NI  VIRT  RES  SHR S %CPU %MEM    TIME+  COMMAND           


top - 11:59:56 up 98 days,  2:45, 11 users,  load average: 6.20, 6.22, 6.37
Tasks:   0 total,   0 running,   0 sleeping,   0 stopped,   0 zombie
Cpu(s): 18.1%us,  8.5%sy,  0.0%ni, 73.4%id,  0.0%wa,  0.0%hi,  0.0%si,  0.0%st
Mem:  529334084k total, 159547776k used, 369786308k free,   207320k buffers
Swap: 131071992k total, 71226468k used, 59845524k free, 27129120k cached

   PID USER      PR  NI  VIRT  RES  SHR S %CPU %MEM    TIME+  COMMAND           


top - 12:00:56 up 98 days,  2:46, 11 users,  load average: 6.19, 6.22, 6.36
Tasks:   0 total,   0 running,   0 sleeping,   0 stopped,   0 zombie
Cpu(s): 18.2%us,  8.6%sy,  0.0%ni, 73.2%id,  0.0%wa,  0.0%hi,  0.0%si,  0.0%st
Mem:  529334084k total, 170339172k used, 358994912k free,   207348k buffers
Swap: 131071992k total, 71226468k used, 59845524k free, 27129128k cached

   PID USER      PR  NI  VIRT  RES  SHR S %CPU %MEM    TIME+  COMMAND           


top - 12:01:56 up 98 days,  2:47, 11 users,  load average: 6.31, 6.25, 6.36
Tasks:   0 total,   0 running,   0 sleeping,   0 stopped,   0 zombie
Cpu(s): 18.3%us,  8.4%sy,  0.0%ni, 73.4%id,  0.0%wa,  0.0%hi,  0.0%si,  0.0%st
Mem:  529334084k total, 175725836k used, 353608248k free,   207364k buffers
Swap: 131071992k total, 71226468k used, 59845524k free, 27129132k cached

   PID USER      PR  NI  VIRT  RES  SHR S %CPU %MEM    TIME+  COMMAND           


top - 12:02:56 up 98 days,  2:48, 11 users,  load average: 6.20, 6.23, 6.35
Tasks:   0 total,   0 running,   0 sleeping,   0 stopped,   0 zombie
Cpu(s): 18.2%us,  8.3%sy,  0.0%ni, 73.5%id,  0.0%wa,  0.0%hi,  0.0%si,  0.0%st
Mem:  529334084k total, 171264324k used, 358069760k free,   207372k buffers
Swap: 131071992k total, 71226464k used, 59845528k free, 26965192k cached

   PID USER      PR  NI  VIRT  RES  SHR S %CPU %MEM    TIME+  COMMAND           


top - 12:03:56 up 98 days,  2:49, 11 users,  load average: 6.00, 6.17, 6.32
Tasks:   0 total,   0 running,   0 sleeping,   0 stopped,   0 zombie
Cpu(s): 17.9%us,  8.4%sy,  0.0%ni, 73.6%id,  0.0%wa,  0.0%hi,  0.1%si,  0.0%st
Mem:  529334084k total, 172020636k used, 357313448k free,   207388k buffers
Swap: 131071992k total, 71226464k used, 59845528k free, 26132288k cached

   PID USER      PR  NI  VIRT  RES  SHR S %CPU %MEM    TIME+  COMMAND           

