top - 08:46:43 up 97 days, 23:32, 14 users,  load average: 5.50, 4.66, 4.67
Tasks:   1 total,   0 running,   1 sleeping,   0 stopped,   0 zombie
Cpu(s): 39.3%us, 14.6%sy,  5.5%ni, 40.2%id,  0.2%wa,  0.0%hi,  0.3%si,  0.0%st
Mem:  529334084k total, 47189152k used, 482144932k free,   203992k buffers
Swap: 131071992k total, 71232600k used, 59839392k free,  6716732k cached

   PID USER      PR  NI  VIRT  RES  SHR S %CPU %MEM    TIME+  COMMAND           
 99928 faron     20   0 22.6g 879m  99m S 197.6  0.2   2:48.93 MATLAB           


top - 08:51:43 up 97 days, 23:37, 13 users,  load average: 5.82, 5.37, 4.97
Tasks:   1 total,   0 running,   1 sleeping,   0 stopped,   0 zombie
Cpu(s): 16.8%us,  8.5%sy,  0.0%ni, 74.6%id,  0.0%wa,  0.0%hi,  0.0%si,  0.0%st
Mem:  529334084k total, 49048404k used, 480285680k free,   204196k buffers
Swap: 131071992k total, 71232600k used, 59839392k free,  6716472k cached

   PID USER      PR  NI  VIRT  RES  SHR S %CPU %MEM    TIME+  COMMAND           
 99928 faron     20   0 24.3g 2.6g  99m S 201.6  0.5  12:53.67 MATLAB           


top - 08:56:44 up 97 days, 23:42, 14 users,  load average: 7.29, 6.07, 5.34
Tasks:   1 total,   0 running,   1 sleeping,   0 stopped,   0 zombie
Cpu(s): 18.3%us,  9.1%sy,  0.0%ni, 72.2%id,  0.4%wa,  0.0%hi,  0.0%si,  0.0%st
Mem:  529334084k total, 75837224k used, 453496860k free,   204368k buffers
Swap: 131071992k total, 71232600k used, 59839392k free, 17372828k cached

   PID USER      PR  NI  VIRT  RES  SHR S %CPU %MEM    TIME+  COMMAND           
 99928 faron     20   0 26.1g 4.3g  99m S 198.3  0.9  22:48.60 MATLAB           


top - 09:01:44 up 97 days, 23:47, 14 users,  load average: 16.53, 10.89, 7.39
Tasks:   1 total,   0 running,   1 sleeping,   0 stopped,   0 zombie
Cpu(s): 34.7%us, 10.7%sy,  0.0%ni, 54.3%id,  0.2%wa,  0.0%hi,  0.0%si,  0.0%st
Mem:  529334084k total, 74454088k used, 454879996k free,   204536k buffers
Swap: 131071992k total, 71230056k used, 59841936k free, 25057124k cached

   PID USER      PR  NI  VIRT  RES  SHR S %CPU %MEM    TIME+  COMMAND           
 99928 faron     20   0 27.8g 6.0g  99m S 188.3  1.2  32:13.50 MATLAB           


top - 09:06:44 up 97 days, 23:52, 14 users,  load average: 7.04, 8.32, 7.22
Tasks:   1 total,   0 running,   1 sleeping,   0 stopped,   0 zombie
Cpu(s): 21.2%us,  8.7%sy,  0.0%ni, 70.0%id,  0.0%wa,  0.0%hi,  0.0%si,  0.0%st
Mem:  529334084k total, 76282744k used, 453051340k free,   204580k buffers
Swap: 131071992k total, 71230056k used, 59841936k free, 25057232k cached

   PID USER      PR  NI  VIRT  RES  SHR S %CPU %MEM    TIME+  COMMAND           
 99928 faron     20   0 29.5g 7.7g  99m S 198.3  1.5  42:08.54 MATLAB           


top - 09:11:44 up 97 days, 23:57, 13 users,  load average: 15.01, 11.94, 8.87
Tasks:   1 total,   0 running,   1 sleeping,   0 stopped,   0 zombie
Cpu(s): 35.0%us,  9.9%sy,  0.0%ni, 54.8%id,  0.2%wa,  0.0%hi,  0.0%si,  0.0%st
Mem:  529334084k total, 78036144k used, 451297940k free,   204724k buffers
Swap: 131071992k total, 71230056k used, 59841936k free, 25057164k cached

   PID USER      PR  NI  VIRT  RES  SHR S %CPU %MEM    TIME+  COMMAND           
 99928 faron     20   0 31.1g 9.3g  99m S 189.7  1.8  51:37.75 MATLAB           


top - 09:16:44 up 98 days, 2 min, 14 users,  load average: 9.71, 10.39, 8.98
Tasks:   1 total,   0 running,   1 sleeping,   0 stopped,   0 zombie
Cpu(s): 28.3%us, 10.3%sy,  0.0%ni, 61.1%id,  0.2%wa,  0.0%hi,  0.0%si,  0.0%st
Mem:  529334084k total, 89936180k used, 439397904k free,   204876k buffers
Swap: 131071992k total, 71230056k used, 59841936k free, 25674384k cached

   PID USER      PR  NI  VIRT  RES  SHR S %CPU %MEM    TIME+  COMMAND           
 99928 faron     20   0 32.8g  11g  99m S 196.6  2.2  61:27.80 MATLAB           


top - 09:21:44 up 98 days, 7 min, 12 users,  load average: 7.83, 10.77, 9.71
Tasks:   1 total,   0 running,   1 sleeping,   0 stopped,   0 zombie
Cpu(s): 38.8%us, 10.4%sy,  0.0%ni, 50.8%id,  0.0%wa,  0.0%hi,  0.0%si,  0.0%st
Mem:  529334084k total, 82231704k used, 447102380k free,   204984k buffers
Swap: 131071992k total, 71230056k used, 59841936k free, 25685412k cached

   PID USER      PR  NI  VIRT  RES  SHR S %CPU %MEM    TIME+  COMMAND           
 99928 faron     20   0 34.5g  12g  99m S 190.2  2.5  70:58.62 MATLAB           


top - 09:26:44 up 98 days, 12 min, 13 users,  load average: 7.08, 8.39, 8.95
Tasks:   1 total,   0 running,   1 sleeping,   0 stopped,   0 zombie
Cpu(s): 22.3%us,  8.6%sy,  0.0%ni, 69.0%id,  0.0%wa,  0.0%hi,  0.0%si,  0.0%st
Mem:  529334084k total, 84046348k used, 445287736k free,   205152k buffers
Swap: 131071992k total, 71230056k used, 59841936k free, 25685432k cached

   PID USER      PR  NI  VIRT  RES  SHR S %CPU %MEM    TIME+  COMMAND           
 99928 faron     20   0 36.2g  14g  99m S 198.3  2.8  80:53.82 MATLAB           


top - 09:31:44 up 98 days, 17 min, 13 users,  load average: 6.93, 7.50, 8.41
Tasks:   1 total,   0 running,   1 sleeping,   0 stopped,   0 zombie
Cpu(s): 22.4%us,  8.5%sy,  0.0%ni, 69.0%id,  0.0%wa,  0.0%hi,  0.0%si,  0.0%st
Mem:  529334084k total, 85833776k used, 443500308k free,   205244k buffers
Swap: 131071992k total, 71230056k used, 59841936k free, 25685396k cached

   PID USER      PR  NI  VIRT  RES  SHR S %CPU %MEM    TIME+  COMMAND           
 99928 faron     20   0 38.0g  16g  99m S 198.4  3.2  90:49.35 MATLAB           


top - 09:36:44 up 98 days, 22 min, 12 users,  load average: 9.42, 8.83, 8.73
Tasks:   1 total,   0 running,   1 sleeping,   0 stopped,   0 zombie
Cpu(s): 29.7%us, 10.6%sy,  0.0%ni, 59.3%id,  0.2%wa,  0.0%hi,  0.0%si,  0.0%st
Mem:  529334084k total, 96960664k used, 432373420k free,   205336k buffers
Swap: 131071992k total, 71230056k used, 59841936k free, 25696216k cached

   PID USER      PR  NI  VIRT  RES  SHR S %CPU %MEM    TIME+  COMMAND           
 99928 faron     20   0 39.7g  17g  99m S 196.1  3.5 100:37.82 MATLAB           


top - 09:41:44 up 98 days, 27 min, 12 users,  load average: 9.49, 11.41, 9.96
Tasks:   1 total,   0 running,   1 sleeping,   0 stopped,   0 zombie
Cpu(s): 35.6%us, 10.0%sy,  0.0%ni, 54.3%id,  0.0%wa,  0.0%hi,  0.0%si,  0.0%st
Mem:  529334084k total, 89417644k used, 439916440k free,   205412k buffers
Swap: 131071992k total, 71230056k used, 59841936k free, 25707472k cached

   PID USER      PR  NI  VIRT  RES  SHR S %CPU %MEM    TIME+  COMMAND           
 99928 faron     20   0 41.3g  19g  99m S 190.0  3.8 110:08.15 MATLAB           


top - 09:46:45 up 98 days, 32 min, 12 users,  load average: 6.88, 8.56, 9.11
Tasks:   1 total,   0 running,   1 sleeping,   0 stopped,   0 zombie
Cpu(s): 22.1%us,  8.8%sy,  0.0%ni, 69.1%id,  0.0%wa,  0.0%hi,  0.0%si,  0.0%st
Mem:  529334084k total, 103685004k used, 425649080k free,   205428k buffers
Swap: 131071992k total, 71230056k used, 59841936k free, 25712740k cached

   PID USER      PR  NI  VIRT  RES  SHR S %CPU %MEM    TIME+  COMMAND           
 99928 faron     20   0 49.6g  33g 100m S 196.2  6.5 119:57.03 MATLAB           


top - 09:51:45 up 98 days, 37 min, 12 users,  load average: 5.39, 6.66, 8.14
Tasks:   0 total,   0 running,   0 sleeping,   0 stopped,   0 zombie
Cpu(s): 15.2%us,  9.3%sy,  0.0%ni, 75.5%id,  0.0%wa,  0.0%hi,  0.0%si,  0.0%st
Mem:  529334084k total, 69083380k used, 460250704k free,   205536k buffers
Swap: 131071992k total, 71230056k used, 59841936k free, 25713228k cached

   PID USER      PR  NI  VIRT  RES  SHR S %CPU %MEM    TIME+  COMMAND           


top - 09:56:45 up 98 days, 42 min, 12 users,  load average: 5.36, 5.79, 7.34
Tasks:   0 total,   0 running,   0 sleeping,   0 stopped,   0 zombie
Cpu(s): 14.2%us,  8.5%sy,  0.0%ni, 77.4%id,  0.0%wa,  0.0%hi,  0.0%si,  0.0%st
Mem:  529334084k total, 69412132k used, 459921952k free,   205624k buffers
Swap: 131071992k total, 71230056k used, 59841936k free, 25766396k cached

   PID USER      PR  NI  VIRT  RES  SHR S %CPU %MEM    TIME+  COMMAND           

