No MATLAB command specified

                            < M A T L A B (R) >
                  Copyright 1984-2017 The MathWorks, Inc.
                   R2017b (9.3.0.713579) 64-bit (glnxa64)
                             September 14, 2017

 
For online documentation, see http://www.mathworks.com/support
For product information, visit www.mathworks.com.
 
>> >> >> >> >> >> >> >> >> >> >> >> >> >> >> >> >> >>  
%%% BEM Kinematic SCM BAVU GPS Stations Greens %%%
 
Date/time in Stanford= 2018 11 27 8 8 36.5503
PID= 75754
Fault elements characteristic length= 2.5 km
Faults locking depth= 10 km
SA creeping Northern end coordinate= 4075 km (UTM)
Grids loaded= obs_data_gps.txt & obs_data_grid.txt
"v" parameter output structure= 3
Nr of elem= 18621
Nr of free parameters= 0
Nr obs points= 1064 (gps= 196, grid= 868)
Run kinematic shear model...
Saving G ic-matrix to workspace= false
{Out of memory. Type HELP MEMORY for your options.

Error in StrainToStressComp (line 17)
s(:, 1:6:end) = 2.*mu.*e(:, 1:6:end) + lambda.*en;

Error in tribemx (line 175)
   G.e = StrainToStressComp(G.e', mu, lambda)';

Error in GreenFunsSCM_kinematic_cees (line 122)
    [slip_shear_kine, trac_shear_kine, obs_shear_kine] = tribemx(faults, d, bc,
    obs_data);

Error in run (line 91)
evalin('caller', strcat(script, ';'));
} 
>> >> >> 