top - 11:44:18 up 55 days,  2:30, 17 users,  load average: 17.92, 16.72, 21.01
Tasks:   1 total,   0 running,   1 sleeping,   0 stopped,   0 zombie
Cpu(s): 46.3%us, 13.9%sy,  9.7%ni, 29.4%id,  0.2%wa,  0.0%hi,  0.4%si,  0.0%st
Mem:  529334084k total, 303046784k used, 226287300k free,    12328k buffers
Swap: 131071992k total, 111931964k used, 19140028k free,  1271216k cached

   PID USER      PR  NI  VIRT  RES  SHR S %CPU %MEM    TIME+  COMMAND           
 83335 faron     20   0 52.4g 763m  99m S 197.6  0.1   2:19.26 MATLAB           


top - 11:54:18 up 55 days,  2:40, 17 users,  load average: 18.00, 18.16, 19.66
Tasks:   1 total,   0 running,   1 sleeping,   0 stopped,   0 zombie
Cpu(s): 58.8%us, 25.0%sy,  0.0%ni, 15.0%id,  0.1%wa,  0.0%hi,  1.0%si,  0.0%st
Mem:  529334084k total, 322961424k used, 206372660k free,    13972k buffers
Swap: 131071992k total, 111909888k used, 19162104k free,  1407572k cached

   PID USER      PR  NI  VIRT  RES  SHR S %CPU %MEM    TIME+  COMMAND           
 83335 faron     20   0 55.3g 3.6g  99m S 192.1  0.7  21:32.11 MATLAB           


top - 12:04:18 up 55 days,  2:50, 17 users,  load average: 21.85, 19.62, 19.48
Tasks:   1 total,   0 running,   1 sleeping,   0 stopped,   0 zombie
Cpu(s): 59.8%us, 26.6%sy,  0.0%ni, 11.9%id,  0.4%wa,  0.0%hi,  1.2%si,  0.0%st
Mem:  529334084k total, 326911372k used, 202422712k free,    15236k buffers
Swap: 131071992k total, 111885944k used, 19186048k free,  1930736k cached

   PID USER      PR  NI  VIRT  RES  SHR S %CPU %MEM    TIME+  COMMAND           
 83335 faron     20   0 58.2g 6.4g  99m S 187.3  1.3  40:16.32 MATLAB           


top - 12:14:18 up 55 days,  3:00, 17 users,  load average: 18.81, 22.94, 22.60
Tasks:   1 total,   0 running,   1 sleeping,   0 stopped,   0 zombie
Cpu(s): 63.3%us, 28.6%sy,  0.0%ni,  6.7%id,  0.2%wa,  0.0%hi,  1.2%si,  0.0%st
Mem:  529334084k total, 126800192k used, 402533892k free,    16552k buffers
Swap: 131071992k total, 97911524k used, 33160468k free,  2049168k cached

   PID USER      PR  NI  VIRT  RES  SHR S %CPU %MEM    TIME+  COMMAND           
 83335 faron     20   0 60.6g 8.9g  99m S 164.7  1.8  56:44.66 MATLAB           


top - 12:24:18 up 55 days,  3:10, 17 users,  load average: 24.61, 22.50, 22.30
Tasks:   1 total,   0 running,   1 sleeping,   0 stopped,   0 zombie
Cpu(s): 66.6%us, 25.7%sy,  0.0%ni,  6.5%id,  0.1%wa,  0.0%hi,  1.2%si,  0.0%st
Mem:  529334084k total, 138020488k used, 391313596k free,    17940k buffers
Swap: 131071992k total, 97897092k used, 33174900k free,  2077428k cached

   PID USER      PR  NI  VIRT  RES  SHR S %CPU %MEM    TIME+  COMMAND           
 83335 faron     20   0 63.3g  11g  99m S 180.1  2.3  74:45.45 MATLAB           


top - 12:34:18 up 55 days,  3:20, 17 users,  load average: 19.77, 21.36, 21.94
Tasks:   1 total,   0 running,   1 sleeping,   0 stopped,   0 zombie
Cpu(s): 67.2%us, 25.2%sy,  0.0%ni,  6.4%id,  0.0%wa,  0.0%hi,  1.2%si,  0.0%st
Mem:  529334084k total, 159932196k used, 369401888k free,    18948k buffers
Swap: 131071992k total, 97888792k used, 33183200k free,  2214724k cached

   PID USER      PR  NI  VIRT  RES  SHR S %CPU %MEM    TIME+  COMMAND           
 83335 faron     20   0 66.0g  14g  99m S 180.5  2.8  92:48.74 MATLAB           


top - 12:44:19 up 55 days,  3:30, 17 users,  load average: 22.23, 22.31, 22.24
Tasks:   1 total,   0 running,   1 sleeping,   0 stopped,   0 zombie
Cpu(s): 67.5%us, 26.4%sy,  0.0%ni,  4.8%id,  0.0%wa,  0.0%hi,  1.3%si,  0.0%st
Mem:  529334084k total, 187386244k used, 341947840k free,    20004k buffers
Swap: 131071992k total, 97851684k used, 33220308k free,  2255552k cached

   PID USER      PR  NI  VIRT  RES  SHR S %CPU %MEM    TIME+  COMMAND           
 83335 faron     20   0 68.7g  16g  99m S 177.5  3.3 110:34.14 MATLAB           


top - 12:54:19 up 55 days,  3:40, 16 users,  load average: 22.80, 22.70, 22.43
Tasks:   1 total,   0 running,   1 sleeping,   0 stopped,   0 zombie
Cpu(s): 68.1%us, 26.3%sy,  0.0%ni,  4.3%id,  0.0%wa,  0.0%hi,  1.3%si,  0.0%st
Mem:  529334084k total, 200393684k used, 328940400k free,    20984k buffers
Swap: 131071992k total, 97844680k used, 33227312k free,  2259772k cached

   PID USER      PR  NI  VIRT  RES  SHR S %CPU %MEM    TIME+  COMMAND           
 83335 faron     20   0 71.3g  19g  99m S 175.7  3.9 128:08.71 MATLAB           


top - 13:04:19 up 55 days,  3:50, 17 users,  load average: 22.84, 22.05, 22.19
Tasks:   1 total,   0 running,   1 sleeping,   0 stopped,   0 zombie
Cpu(s): 66.6%us, 26.1%sy,  0.0%ni,  6.0%id,  0.0%wa,  0.0%hi,  1.3%si,  0.0%st
Mem:  529334084k total, 228813920k used, 300520164k free,    22104k buffers
Swap: 131071992k total, 97837676k used, 33234316k free,  2425140k cached

   PID USER      PR  NI  VIRT  RES  SHR S %CPU %MEM    TIME+  COMMAND           
 83335 faron     20   0 74.0g  22g  99m S 181.3  4.4 146:16.74 MATLAB           


top - 13:14:19 up 55 days,  4:00, 18 users,  load average: 29.97, 27.51, 24.47
Tasks:   1 total,   0 running,   1 sleeping,   0 stopped,   0 zombie
Cpu(s): 64.9%us, 28.9%sy,  0.0%ni,  5.2%id,  0.0%wa,  0.0%hi,  1.1%si,  0.0%st
Mem:  529334084k total, 253061280k used, 276272804k free,    23468k buffers
Swap: 131071992k total, 97830072k used, 33241920k free,  2757024k cached

   PID USER      PR  NI  VIRT  RES  SHR S %CPU %MEM    TIME+  COMMAND           
 83335 faron     20   0 76.5g  24g  99m S 164.2  4.9 162:42.29 MATLAB           


top - 13:24:19 up 55 days,  4:10, 20 users,  load average: 34.47, 32.80, 28.91
Tasks:   1 total,   0 running,   1 sleeping,   0 stopped,   0 zombie
Cpu(s): 61.3%us, 36.9%sy,  0.0%ni,  0.8%id,  0.0%wa,  0.0%hi,  1.0%si,  0.0%st
Mem:  529334084k total, 247656240k used, 281677844k free,    24952k buffers
Swap: 131071992k total, 97823092k used, 33248900k free,  2762764k cached

   PID USER      PR  NI  VIRT  RES  SHR S %CPU %MEM    TIME+  COMMAND           
 83335 faron     20   0 78.5g  26g  99m S 133.8  5.3 176:05.36 MATLAB           


top - 13:34:19 up 55 days,  4:20, 18 users,  load average: 22.10, 24.84, 27.03
Tasks:   1 total,   0 running,   1 sleeping,   0 stopped,   0 zombie
Cpu(s): 64.0%us, 30.9%sy,  0.0%ni,  3.7%id,  0.2%wa,  0.0%hi,  1.3%si,  0.0%st
Mem:  529334084k total, 233063116k used, 296270968k free,    26036k buffers
Swap: 131071992k total, 97816228k used, 33255764k free, 11928816k cached

   PID USER      PR  NI  VIRT  RES  SHR S %CPU %MEM    TIME+  COMMAND           
 83335 faron     20   0 80.9g  29g  99m S 162.5  5.8 192:20.57 MATLAB           


top - 13:44:19 up 55 days,  4:30, 18 users,  load average: 18.32, 20.65, 23.80
Tasks:   1 total,   0 running,   1 sleeping,   0 stopped,   0 zombie
Cpu(s): 63.9%us, 27.5%sy,  0.0%ni,  7.1%id,  0.1%wa,  0.0%hi,  1.4%si,  0.0%st
Mem:  529334084k total, 245408904k used, 283925180k free,    26988k buffers
Swap: 131071992k total, 97656424k used, 33415568k free, 11933848k cached

   PID USER      PR  NI  VIRT  RES  SHR S %CPU %MEM    TIME+  COMMAND           
 83335 faron     20   0 83.6g  31g  99m S 182.8  6.3 210:37.63 MATLAB           


top - 13:54:19 up 55 days,  4:40, 18 users,  load average: 21.03, 21.48, 22.75
Tasks:   1 total,   0 running,   1 sleeping,   0 stopped,   0 zombie
Cpu(s): 65.9%us, 27.4%sy,  0.0%ni,  5.4%id,  0.0%wa,  0.0%hi,  1.3%si,  0.0%st
Mem:  529334084k total, 261177452k used, 268156632k free,    28068k buffers
Swap: 131071992k total, 97649124k used, 33422868k free, 11935904k cached

   PID USER      PR  NI  VIRT  RES  SHR S %CPU %MEM    TIME+  COMMAND           
 83335 faron     20   0 86.2g  34g  99m S 177.9  6.8 228:25.34 MATLAB           


top - 14:04:19 up 55 days,  4:50, 18 users,  load average: 20.46, 19.82, 20.89
Tasks:   1 total,   0 running,   1 sleeping,   0 stopped,   0 zombie
Cpu(s): 59.9%us, 25.3%sy,  0.0%ni, 13.4%id,  0.1%wa,  0.0%hi,  1.3%si,  0.0%st
Mem:  529334084k total, 309278820k used, 220055264k free,    29724k buffers
Swap: 131071992k total, 97641368k used, 33430624k free, 11957068k cached

   PID USER      PR  NI  VIRT  RES  SHR S %CPU %MEM    TIME+  COMMAND           
 83335 faron     20   0 89.1g  37g  99m S 190.1  7.4 247:26.18 MATLAB           


top - 14:14:19 up 55 days,  5:00, 18 users,  load average: 23.79, 20.66, 20.53
Tasks:   1 total,   0 running,   1 sleeping,   0 stopped,   0 zombie
Cpu(s): 62.9%us, 26.1%sy,  0.0%ni, 10.0%id,  0.0%wa,  0.0%hi,  1.0%si,  0.0%st
Mem:  529334084k total, 411303728k used, 118030356k free,    30532k buffers
Swap: 131071992k total, 97635436k used, 33436556k free, 12186228k cached

   PID USER      PR  NI  VIRT  RES  SHR S %CPU %MEM    TIME+  COMMAND           
 83335 faron     20   0 91.9g  40g  99m S 185.5  7.9 265:59.39 MATLAB           


top - 14:24:20 up 55 days,  5:10, 18 users,  load average: 19.71, 22.09, 21.43
Tasks:   1 total,   0 running,   1 sleeping,   0 stopped,   0 zombie
Cpu(s): 63.4%us, 27.2%sy,  0.0%ni,  8.5%id,  0.0%wa,  0.0%hi,  0.9%si,  0.0%st
Mem:  529334084k total, 320177364k used, 209156720k free,    32000k buffers
Swap: 131071992k total, 97622564k used, 33449428k free,  3052020k cached

   PID USER      PR  NI  VIRT  RES  SHR S %CPU %MEM    TIME+  COMMAND           
 83335 faron     20   0 94.5g  42g  99m S 179.3  8.5 283:55.32 MATLAB           


top - 14:34:20 up 55 days,  5:20, 19 users,  load average: 31.14, 30.32, 26.09
Tasks:   1 total,   0 running,   1 sleeping,   0 stopped,   0 zombie
Cpu(s): 60.7%us, 37.3%sy,  0.0%ni,  1.2%id,  0.0%wa,  0.0%hi,  0.8%si,  0.0%st
Mem:  529334084k total, 355415108k used, 173918976k free,    33032k buffers
Swap: 131071992k total, 97611504k used, 33460488k free,  3680348k cached

   PID USER      PR  NI  VIRT  RES  SHR S %CPU %MEM    TIME+  COMMAND           
 83335 faron     20   0 96.8g  44g  99m S 147.6  8.9 298:41.31 MATLAB           


top - 14:44:20 up 55 days,  5:30, 18 users,  load average: 40.13, 34.32, 30.02
Tasks:   1 total,   0 running,   1 sleeping,   0 stopped,   0 zombie
Cpu(s): 65.4%us, 32.2%sy,  0.0%ni,  1.1%id,  0.4%wa,  0.0%hi,  0.9%si,  0.0%st
Mem:  529334084k total, 219074976k used, 310259108k free,    34184k buffers
Swap: 131071992k total, 97595868k used, 33476124k free,  5940396k cached

   PID USER      PR  NI  VIRT  RES  SHR S %CPU %MEM    TIME+  COMMAND           
 83335 faron     20   0 98.6g  46g  99m S 133.4  9.3 312:01.84 MATLAB           


top - 14:54:20 up 55 days,  5:40, 18 users,  load average: 24.48, 28.41, 29.59
Tasks:   1 total,   0 running,   1 sleeping,   0 stopped,   0 zombie
Cpu(s): 73.0%us, 23.5%sy,  0.0%ni,  2.4%id,  0.4%wa,  0.0%hi,  0.8%si,  0.0%st
Mem:  529334084k total, 234717424k used, 294616660k free,    35248k buffers
Swap: 131071992k total, 97586760k used, 33485232k free, 14076216k cached

   PID USER      PR  NI  VIRT  RES  SHR S %CPU %MEM    TIME+  COMMAND           
 83335 faron     20   0  100g  48g  99m S 154.5  9.7 327:28.83 MATLAB           


top - 15:04:20 up 55 days,  5:50, 18 users,  load average: 18.63, 22.20, 25.98
Tasks:   1 total,   0 running,   1 sleeping,   0 stopped,   0 zombie
Cpu(s): 71.7%us, 20.6%sy,  0.0%ni,  7.2%id,  0.0%wa,  0.0%hi,  0.5%si,  0.0%st
Mem:  529334084k total, 263543848k used, 265790236k free,    36560k buffers
Swap: 131071992k total, 97580976k used, 33491016k free, 14076988k cached

   PID USER      PR  NI  VIRT  RES  SHR S %CPU %MEM    TIME+  COMMAND           
 83335 faron     20   0  103g  68g 100m S 164.2 13.6 343:54.06 MATLAB           


top - 15:14:20 up 55 days,  6:00, 19 users,  load average: 24.05, 24.50, 25.11
Tasks:   1 total,   0 running,   1 sleeping,   0 stopped,   0 zombie
Cpu(s): 65.7%us, 26.1%sy,  0.0%ni,  7.7%id,  0.1%wa,  0.0%hi,  0.4%si,  0.0%st
Mem:  529334084k total, 196596136k used, 332737948k free,    37928k buffers
Swap: 131071992k total, 97576976k used, 33495016k free,  9104216k cached

   PID USER      PR  NI  VIRT  RES  SHR S %CPU %MEM    TIME+  COMMAND           
 83335 faron     20   0 54.9g 3.0g 100m S 113.1  0.6 355:12.82 MATLAB           


top - 15:24:20 up 55 days,  6:10, 20 users,  load average: 22.08, 21.50, 23.10
Tasks:   1 total,   0 running,   1 sleeping,   0 stopped,   0 zombie
Cpu(s): 70.4%us, 19.2%sy,  0.0%ni, 10.0%id,  0.0%wa,  0.0%hi,  0.3%si,  0.0%st
Mem:  529334084k total, 203549652k used, 325784432k free,    39108k buffers
Swap: 131071992k total, 97573704k used, 33498288k free,  9810740k cached

   PID USER      PR  NI  VIRT  RES  SHR S %CPU %MEM    TIME+  COMMAND           
 83335 faron     20   0 55.2g 3.3g 100m S 186.0  0.6 373:49.26 MATLAB           


top - 15:34:20 up 55 days,  6:20, 18 users,  load average: 21.38, 20.71, 21.89
Tasks:   1 total,   0 running,   1 sleeping,   0 stopped,   0 zombie
Cpu(s): 70.0%us, 18.9%sy,  0.0%ni, 10.7%id,  0.0%wa,  0.0%hi,  0.4%si,  0.0%st
Mem:  529334084k total, 215144164k used, 314189920k free,    40852k buffers
Swap: 131071992k total, 97570432k used, 33501560k free, 10777732k cached

   PID USER      PR  NI  VIRT  RES  SHR S %CPU %MEM    TIME+  COMMAND           
 83335 faron     20   0 58.0g 6.1g 100m S 190.0  1.2 392:49.63 MATLAB           


top - 15:44:20 up 55 days,  6:30, 18 users,  load average: 19.95, 21.36, 21.77
Tasks:   1 total,   0 running,   1 sleeping,   0 stopped,   0 zombie
Cpu(s): 72.7%us, 19.4%sy,  0.0%ni,  7.3%id,  0.2%wa,  0.0%hi,  0.5%si,  0.0%st
Mem:  529334084k total, 222819316k used, 306514768k free,    41972k buffers
Swap: 131071992k total, 97558604k used, 33513388k free, 11183832k cached

   PID USER      PR  NI  VIRT  RES  SHR S %CPU %MEM    TIME+  COMMAND           
 83335 faron     20   0 60.7g 8.8g 100m S 186.0  1.7 411:25.74 MATLAB           


top - 15:54:20 up 55 days,  6:40, 19 users,  load average: 22.38, 22.66, 22.24
Tasks:   1 total,   0 running,   1 sleeping,   0 stopped,   0 zombie
Cpu(s): 74.3%us, 19.7%sy,  0.0%ni,  5.6%id,  0.0%wa,  0.0%hi,  0.4%si,  0.0%st
Mem:  529334084k total, 234803340k used, 294530744k free,    43028k buffers
Swap: 131071992k total, 97555456k used, 33516536k free, 11271996k cached

   PID USER      PR  NI  VIRT  RES  SHR S %CPU %MEM    TIME+  COMMAND           
 83335 faron     20   0 63.2g  11g 100m S 178.6  2.2 429:17.60 MATLAB           


top - 16:04:21 up 55 days,  6:50, 19 users,  load average: 22.04, 23.90, 23.24
Tasks:   1 total,   0 running,   1 sleeping,   0 stopped,   0 zombie
Cpu(s): 75.1%us, 20.0%sy,  0.0%ni,  4.4%id,  0.1%wa,  0.0%hi,  0.4%si,  0.0%st
Mem:  529334084k total, 261747164k used, 267586920k free,    45584k buffers
Swap: 131071992k total, 97552704k used, 33519288k free, 12062140k cached

   PID USER      PR  NI  VIRT  RES  SHR S %CPU %MEM    TIME+  COMMAND           
 83335 faron     20   0 65.7g  13g 100m S 177.9  2.7 447:05.45 MATLAB           


top - 16:14:21 up 55 days,  7:00, 18 users,  load average: 30.83, 33.19, 27.71
Tasks:   1 total,   0 running,   1 sleeping,   0 stopped,   0 zombie
Cpu(s): 77.0%us, 18.6%sy,  0.0%ni,  4.0%id,  0.1%wa,  0.0%hi,  0.4%si,  0.0%st
Mem:  529334084k total, 305789648k used, 223544436k free,    48068k buffers
Swap: 131071992k total, 97550240k used, 33521752k free, 13537384k cached

   PID USER      PR  NI  VIRT  RES  SHR S %CPU %MEM    TIME+  COMMAND           
 83335 faron     20   0 67.9g  15g 100m S 152.9  3.2 462:22.82 MATLAB           


top - 16:24:21 up 55 days,  7:10, 18 users,  load average: 52.67, 46.35, 36.24
Tasks:   1 total,   0 running,   1 sleeping,   0 stopped,   0 zombie
Cpu(s): 80.9%us, 17.0%sy,  0.0%ni,  1.7%id,  0.0%wa,  0.0%hi,  0.4%si,  0.0%st
Mem:  529334084k total, 351954660k used, 177379424k free,    49432k buffers
Swap: 131071992k total, 97547368k used, 33524624k free, 13536300k cached

   PID USER      PR  NI  VIRT  RES  SHR S %CPU %MEM    TIME+  COMMAND           
 83335 faron     20   0 69.6g  17g 100m S 116.8  3.5 474:03.80 MATLAB           


top - 16:34:21 up 55 days,  7:20, 18 users,  load average: 52.92, 51.38, 43.75
Tasks:   1 total,   0 running,   1 sleeping,   0 stopped,   0 zombie
Cpu(s): 83.2%us, 16.4%sy,  0.0%ni,  0.1%id,  0.0%wa,  0.0%hi,  0.3%si,  0.0%st
Mem:  529334084k total, 401230124k used, 128103960k free,    50484k buffers
Swap: 131071992k total, 97542448k used, 33529544k free, 14574244k cached

   PID USER      PR  NI  VIRT  RES  SHR S %CPU %MEM    TIME+  COMMAND           
 83335 faron     20   0 71.0g  19g 100m S 91.7  3.8 483:14.07 MATLAB            


top - 16:44:21 up 55 days,  7:30, 16 users,  load average: 42.51, 46.25, 45.16
Tasks:   1 total,   0 running,   1 sleeping,   0 stopped,   0 zombie
Cpu(s): 82.2%us, 16.7%sy,  0.0%ni,  0.8%id,  0.0%wa,  0.0%hi,  0.3%si,  0.0%st
Mem:  529334084k total, 432862964k used, 96471120k free,    51688k buffers
Swap: 131071992k total, 82175024k used, 48896968k free, 14572732k cached

   PID USER      PR  NI  VIRT  RES  SHR S %CPU %MEM    TIME+  COMMAND           
 83335 faron     20   0 72.7g  20g 100m S 107.0  4.1 493:55.91 MATLAB           


top - 16:54:21 up 55 days,  7:40, 16 users,  load average: 46.78, 47.93, 47.07
Tasks:   1 total,   0 running,   1 sleeping,   0 stopped,   0 zombie
Cpu(s): 82.7%us, 16.9%sy,  0.0%ni,  0.1%id,  0.0%wa,  0.0%hi,  0.3%si,  0.0%st
Mem:  529334084k total, 424577416k used, 104756668k free,    52552k buffers
Swap: 131071992k total, 82169304k used, 48902688k free, 15758628k cached

   PID USER      PR  NI  VIRT  RES  SHR S %CPU %MEM    TIME+  COMMAND           
 83335 faron     20   0 74.0g  22g 100m S 91.4  4.4 503:04.17 MATLAB            


top - 17:04:21 up 55 days,  7:50, 17 users,  load average: 13.50, 27.33, 38.43
Tasks:   1 total,   0 running,   1 sleeping,   0 stopped,   0 zombie
Cpu(s): 69.4%us, 17.7%sy,  0.0%ni, 12.5%id,  0.0%wa,  0.0%hi,  0.4%si,  0.0%st
Mem:  529334084k total, 430965532k used, 98368552k free,    53492k buffers
Swap: 131071992k total, 82026200k used, 49045792k free, 15789972k cached

   PID USER      PR  NI  VIRT  RES  SHR S %CPU %MEM    TIME+  COMMAND           
 83335 faron     20   0 76.2g  24g 100m S 142.7  4.8 517:20.69 MATLAB           


top - 17:14:21 up 55 days,  8:00, 19 users,  load average: 12.65, 15.40, 26.69
Tasks:   1 total,   0 running,   1 sleeping,   0 stopped,   0 zombie
Cpu(s): 50.8%us, 18.1%sy,  0.0%ni, 30.7%id,  0.0%wa,  0.0%hi,  0.4%si,  0.0%st
Mem:  529334084k total, 430715496k used, 98618588k free,    54476k buffers
Swap: 131071992k total, 82023960k used, 49048032k free, 14210112k cached

   PID USER      PR  NI  VIRT  RES  SHR S %CPU %MEM    TIME+  COMMAND           
 83335 faron     20   0 79.4g  27g 100m S 198.3  5.4 537:10.95 MATLAB           


top - 17:24:21 up 55 days,  8:10, 18 users,  load average: 12.15, 13.63, 20.52
Tasks:   1 total,   0 running,   1 sleeping,   0 stopped,   0 zombie
Cpu(s): 49.8%us, 18.2%sy,  0.0%ni, 31.6%id,  0.0%wa,  0.0%hi,  0.4%si,  0.0%st
Mem:  529334084k total, 425105756k used, 104228328k free,    55392k buffers
Swap: 131071992k total, 82020828k used, 49051164k free, 14385292k cached

   PID USER      PR  NI  VIRT  RES  SHR S %CPU %MEM    TIME+  COMMAND           
 83335 faron     20   0 82.7g  30g 100m S 198.2  6.1 557:00.64 MATLAB           


top - 17:34:21 up 55 days,  8:20, 16 users,  load average: 32.60, 26.31, 23.44
Tasks:   1 total,   0 running,   1 sleeping,   0 stopped,   0 zombie
Cpu(s): 58.1%us, 28.9%sy,  0.0%ni, 12.6%id,  0.0%wa,  0.0%hi,  0.4%si,  0.0%st
Mem:  529334084k total, 430064140k used, 99269944k free,    56412k buffers
Swap: 131071992k total, 82017784k used, 49054208k free, 14381744k cached

   PID USER      PR  NI  VIRT  RES  SHR S %CPU %MEM    TIME+  COMMAND           
 83335 faron     20   0 85.5g  33g 100m S 172.9  6.6 574:18.36 MATLAB           


top - 17:44:22 up 55 days,  8:30, 15 users,  load average: 53.99, 46.89, 35.26
Tasks:   1 total,   0 running,   1 sleeping,   0 stopped,   0 zombie
Cpu(s): 69.0%us, 28.6%sy,  0.0%ni,  2.0%id,  0.0%wa,  0.0%hi,  0.3%si,  0.0%st
Mem:  529334084k total, 437756600k used, 91577484k free,    57320k buffers
Swap: 131071992k total, 82007716k used, 49064276k free, 14383668k cached

   PID USER      PR  NI  VIRT  RES  SHR S %CPU %MEM    TIME+  COMMAND           
 83335 faron     20   0 87.1g  35g 100m S 107.6  7.0 585:04.27 MATLAB           


top - 17:54:22 up 55 days,  8:40, 14 users,  load average: 14.56, 26.44, 31.18
Tasks:   1 total,   0 running,   1 sleeping,   0 stopped,   0 zombie
Cpu(s): 66.2%us, 19.0%sy,  0.0%ni, 14.4%id,  0.0%wa,  0.0%hi,  0.4%si,  0.0%st
Mem:  529334084k total, 459208948k used, 70125136k free,    58192k buffers
Swap: 131071992k total, 82007336k used, 49064656k free, 14383708k cached

   PID USER      PR  NI  VIRT  RES  SHR S %CPU %MEM    TIME+  COMMAND           
 83335 faron     20   0 89.5g  37g 100m S 153.2  7.4 600:23.81 MATLAB           


top - 18:04:22 up 55 days,  8:50, 12 users,  load average: 15.80, 16.45, 23.37
Tasks:   1 total,   0 running,   1 sleeping,   0 stopped,   0 zombie
Cpu(s): 51.9%us, 21.1%sy,  0.0%ni, 26.4%id,  0.0%wa,  0.0%hi,  0.6%si,  0.0%st
Mem:  529334084k total, 255810740k used, 273523344k free,    59256k buffers
Swap: 131071992k total, 82006052k used, 49065940k free, 14384436k cached

   PID USER      PR  NI  VIRT  RES  SHR S %CPU %MEM    TIME+  COMMAND           
 83335 faron     20   0 92.5g  40g 100m S 197.7  8.0 620:10.41 MATLAB           


top - 18:14:22 up 55 days,  9:00, 12 users,  load average: 20.89, 18.83, 20.62
Tasks:   1 total,   0 running,   1 sleeping,   0 stopped,   0 zombie
Cpu(s): 51.6%us, 20.9%sy,  0.0%ni, 26.9%id,  0.1%wa,  0.0%hi,  0.6%si,  0.0%st
Mem:  529334084k total, 216643608k used, 312690476k free,    60104k buffers
Swap: 131071992k total, 82003560k used, 49068432k free, 14429704k cached

   PID USER      PR  NI  VIRT  RES  SHR S %CPU %MEM    TIME+  COMMAND           
 83335 faron     20   0 95.6g  43g 100m S 189.1  8.7 639:05.23 MATLAB           


top - 18:24:22 up 55 days,  9:10, 12 users,  load average: 18.93, 27.70, 25.49
Tasks:   1 total,   0 running,   1 sleeping,   0 stopped,   0 zombie
Cpu(s): 68.8%us, 19.7%sy,  0.0%ni, 11.0%id,  0.0%wa,  0.0%hi,  0.4%si,  0.0%st
Mem:  529334084k total, 226350096k used, 302983988k free,    60984k buffers
Swap: 131071992k total, 82002464k used, 49069528k free, 14427300k cached

   PID USER      PR  NI  VIRT  RES  SHR S %CPU %MEM    TIME+  COMMAND           
 83335 faron     20   0 98.0g  46g 100m S 145.0  9.1 653:35.61 MATLAB           


top - 18:34:22 up 55 days,  9:20, 11 users,  load average: 13.52, 15.04, 19.52
Tasks:   1 total,   0 running,   1 sleeping,   0 stopped,   0 zombie
Cpu(s): 45.2%us, 19.8%sy,  0.0%ni, 34.5%id,  0.0%wa,  0.0%hi,  0.5%si,  0.0%st
Mem:  529334084k total, 233719860k used, 295614224k free,    61832k buffers
Swap: 131071992k total, 82001568k used, 49070424k free, 14419016k cached

   PID USER      PR  NI  VIRT  RES  SHR S %CPU %MEM    TIME+  COMMAND           
 83335 faron     20   0  101g  49g 100m S 198.3  9.8 673:25.51 MATLAB           


top - 18:44:22 up 55 days,  9:30, 10 users,  load average: 11.07, 12.57, 16.14
Tasks:   1 total,   0 running,   1 sleeping,   0 stopped,   0 zombie
Cpu(s): 43.5%us, 20.7%sy,  0.0%ni, 35.2%id,  0.0%wa,  0.0%hi,  0.5%si,  0.0%st
Mem:  529334084k total, 351206756k used, 178127328k free,    62696k buffers
Swap: 131071992k total, 82000828k used, 49071164k free, 14419080k cached

   PID USER      PR  NI  VIRT  RES  SHR S %CPU %MEM    TIME+  COMMAND           
 83335 faron     20   0  163g 155g 100m S 153.3 30.8 688:45.27 MATLAB           


top - 18:54:22 up 55 days,  9:40, 10 users,  load average: 11.65, 12.14, 14.30
Tasks:   0 total,   0 running,   0 sleeping,   0 stopped,   0 zombie
Cpu(s): 39.9%us, 21.1%sy,  0.0%ni, 38.4%id,  0.0%wa,  0.0%hi,  0.6%si,  0.0%st
Mem:  529334084k total, 193635652k used, 335698432k free,    63592k buffers
Swap: 131071992k total, 81999664k used, 49072328k free, 14419124k cached

   PID USER      PR  NI  VIRT  RES  SHR S %CPU %MEM    TIME+  COMMAND           


top - 19:04:22 up 55 days,  9:50, 10 users,  load average: 11.90, 11.91, 13.13
Tasks:   0 total,   0 running,   0 sleeping,   0 stopped,   0 zombie
Cpu(s): 38.2%us, 19.9%sy,  0.0%ni, 41.4%id,  0.0%wa,  0.0%hi,  0.6%si,  0.0%st
Mem:  529334084k total, 200241236k used, 329092848k free,    64480k buffers
Swap: 131071992k total, 81998512k used, 49073480k free, 14419188k cached

   PID USER      PR  NI  VIRT  RES  SHR S %CPU %MEM    TIME+  COMMAND           


top - 19:14:22 up 55 days, 10:00,  6 users,  load average: 11.30, 11.43, 12.21
Tasks:   0 total,   0 running,   0 sleeping,   0 stopped,   0 zombie
Cpu(s): 35.7%us, 19.1%sy,  0.0%ni, 44.7%id,  0.0%wa,  0.0%hi,  0.5%si,  0.0%st
Mem:  529334084k total, 206321800k used, 323012284k free,    65344k buffers
Swap: 131071992k total, 81997492k used, 49074500k free, 14403524k cached

   PID USER      PR  NI  VIRT  RES  SHR S %CPU %MEM    TIME+  COMMAND           


top - 19:24:23 up 55 days, 10:10,  6 users,  load average: 10.74, 11.04, 11.60
Tasks:   0 total,   0 running,   0 sleeping,   0 stopped,   0 zombie
Cpu(s): 35.5%us, 19.4%sy,  0.0%ni, 44.5%id,  0.0%wa,  0.0%hi,  0.5%si,  0.0%st
Mem:  529334084k total, 212938076k used, 316396008k free,    66240k buffers
Swap: 131071992k total, 81996912k used, 49075080k free, 14403568k cached

   PID USER      PR  NI  VIRT  RES  SHR S %CPU %MEM    TIME+  COMMAND           


top - 19:34:23 up 55 days, 10:20,  6 users,  load average: 14.27, 13.27, 12.39
Tasks:   0 total,   0 running,   0 sleeping,   0 stopped,   0 zombie
Cpu(s): 43.1%us, 22.7%sy,  0.0%ni, 33.1%id,  0.4%wa,  0.0%hi,  0.7%si,  0.0%st
Mem:  529334084k total, 223029400k used, 306304684k free,    67172k buffers
Swap: 131071992k total, 80565176k used, 50506816k free, 14404048k cached

   PID USER      PR  NI  VIRT  RES  SHR S %CPU %MEM    TIME+  COMMAND           


top - 19:44:23 up 55 days, 10:30,  6 users,  load average: 13.74, 13.65, 13.03
Tasks:   0 total,   0 running,   0 sleeping,   0 stopped,   0 zombie
Cpu(s): 46.5%us, 24.3%sy,  0.0%ni, 28.3%id,  0.0%wa,  0.0%hi,  0.8%si,  0.0%st
Mem:  529334084k total, 234808492k used, 294525592k free,    68020k buffers
Swap: 131071992k total, 80555784k used, 50516208k free, 14404120k cached

   PID USER      PR  NI  VIRT  RES  SHR S %CPU %MEM    TIME+  COMMAND           


top - 19:54:23 up 55 days, 10:40,  6 users,  load average: 14.32, 12.97, 12.91
Tasks:   0 total,   0 running,   0 sleeping,   0 stopped,   0 zombie
Cpu(s): 42.5%us, 22.5%sy,  0.0%ni, 34.3%id,  0.0%wa,  0.0%hi,  0.7%si,  0.0%st
Mem:  529334084k total, 242189636k used, 287144448k free,    68836k buffers
Swap: 131071992k total, 80554380k used, 50517612k free, 14404180k cached

   PID USER      PR  NI  VIRT  RES  SHR S %CPU %MEM    TIME+  COMMAND           


top - 20:04:23 up 55 days, 10:50,  7 users,  load average: 14.01, 13.03, 12.85
Tasks:   0 total,   0 running,   0 sleeping,   0 stopped,   0 zombie
Cpu(s): 41.2%us, 22.5%sy,  0.0%ni, 35.6%id,  0.0%wa,  0.0%hi,  0.7%si,  0.0%st
Mem:  529334084k total, 254832196k used, 274501888k free,    69880k buffers
Swap: 131071992k total, 80552116k used, 50519876k free, 14404308k cached

   PID USER      PR  NI  VIRT  RES  SHR S %CPU %MEM    TIME+  COMMAND           


top - 20:14:23 up 55 days, 11:00,  7 users,  load average: 15.33, 14.41, 13.53
Tasks:   0 total,   0 running,   0 sleeping,   0 stopped,   0 zombie
Cpu(s): 47.3%us, 25.4%sy,  0.0%ni, 26.4%id,  0.0%wa,  0.0%hi,  0.9%si,  0.0%st
Mem:  529334084k total, 261754788k used, 267579296k free,    70728k buffers
Swap: 131071992k total, 80551436k used, 50520556k free, 14404368k cached

   PID USER      PR  NI  VIRT  RES  SHR S %CPU %MEM    TIME+  COMMAND           


top - 20:24:23 up 55 days, 11:10,  7 users,  load average: 15.96, 15.35, 14.44
Tasks:   0 total,   0 running,   0 sleeping,   0 stopped,   0 zombie
Cpu(s): 52.5%us, 27.0%sy,  0.0%ni, 19.4%id,  0.0%wa,  0.0%hi,  1.1%si,  0.0%st
Mem:  529334084k total, 51575352k used, 477758732k free,    71840k buffers
Swap: 131071992k total, 80549648k used, 50522344k free, 14404228k cached

   PID USER      PR  NI  VIRT  RES  SHR S %CPU %MEM    TIME+  COMMAND           


top - 20:34:23 up 55 days, 11:20,  7 users,  load average: 10.89, 11.64, 12.90
Tasks:   0 total,   0 running,   0 sleeping,   0 stopped,   0 zombie
Cpu(s): 38.0%us, 22.2%sy,  0.0%ni, 38.7%id,  0.0%wa,  0.0%hi,  1.2%si,  0.0%st
Mem:  529334084k total, 42808232k used, 486525852k free,    72768k buffers
Swap: 131071992k total, 80548636k used, 50523356k free, 14403816k cached

   PID USER      PR  NI  VIRT  RES  SHR S %CPU %MEM    TIME+  COMMAND           


top - 20:44:23 up 55 days, 11:30,  8 users,  load average: 10.96, 11.04, 11.93
Tasks:   0 total,   0 running,   0 sleeping,   0 stopped,   0 zombie
Cpu(s): 36.0%us, 21.2%sy,  0.0%ni, 41.5%id,  0.0%wa,  0.0%hi,  1.2%si,  0.0%st
Mem:  529334084k total, 50066200k used, 479267884k free,    73852k buffers
Swap: 131071992k total, 80547540k used, 50524452k free, 14403688k cached

   PID USER      PR  NI  VIRT  RES  SHR S %CPU %MEM    TIME+  COMMAND           


top - 20:54:23 up 55 days, 11:40,  8 users,  load average: 15.52, 14.22, 12.97
Tasks:   0 total,   0 running,   0 sleeping,   0 stopped,   0 zombie
Cpu(s): 47.4%us, 21.3%sy,  0.0%ni, 29.9%id,  0.2%wa,  0.0%hi,  1.2%si,  0.0%st
Mem:  529334084k total, 52806076k used, 476528008k free,    77724k buffers
Swap: 131071992k total, 80545760k used, 50526232k free,  3088588k cached

   PID USER      PR  NI  VIRT  RES  SHR S %CPU %MEM    TIME+  COMMAND           


top - 21:04:24 up 55 days, 11:50,  8 users,  load average: 16.62, 16.62, 14.85
Tasks:   0 total,   0 running,   0 sleeping,   0 stopped,   0 zombie
Cpu(s): 59.5%us, 21.3%sy,  0.0%ni, 18.1%id,  0.1%wa,  0.0%hi,  1.0%si,  0.0%st
Mem:  529334084k total, 58732516k used, 470601568k free,    79016k buffers
Swap: 131071992k total, 80544588k used, 50527404k free,  3090804k cached

   PID USER      PR  NI  VIRT  RES  SHR S %CPU %MEM    TIME+  COMMAND           


top - 21:14:24 up 55 days, 12:00,  8 users,  load average: 16.87, 17.23, 16.10
Tasks:   0 total,   0 running,   0 sleeping,   0 stopped,   0 zombie
Cpu(s): 61.4%us, 21.3%sy,  0.0%ni, 16.3%id,  0.0%wa,  0.0%hi,  0.9%si,  0.0%st
Mem:  529334084k total, 59457164k used, 469876920k free,    80088k buffers
Swap: 131071992k total, 80543704k used, 50528288k free,  3090884k cached

   PID USER      PR  NI  VIRT  RES  SHR S %CPU %MEM    TIME+  COMMAND           


top - 21:24:24 up 55 days, 12:10,  8 users,  load average: 17.39, 17.41, 16.66
Tasks:   0 total,   0 running,   0 sleeping,   0 stopped,   0 zombie
Cpu(s): 59.9%us, 20.5%sy,  0.0%ni, 18.8%id,  0.0%wa,  0.0%hi,  0.8%si,  0.0%st
Mem:  529334084k total, 58575732k used, 470758352k free,    81160k buffers
Swap: 131071992k total, 80541148k used, 50530844k free,  3090928k cached

   PID USER      PR  NI  VIRT  RES  SHR S %CPU %MEM    TIME+  COMMAND           


top - 21:34:24 up 55 days, 12:20,  8 users,  load average: 17.73, 17.70, 17.16
Tasks:   0 total,   0 running,   0 sleeping,   0 stopped,   0 zombie
Cpu(s): 61.2%us, 20.9%sy,  0.0%ni, 16.9%id,  0.0%wa,  0.0%hi,  0.9%si,  0.0%st
Mem:  529334084k total, 65141796k used, 464192288k free,    82160k buffers
Swap: 131071992k total, 80194440k used, 50877552k free,  3092176k cached

   PID USER      PR  NI  VIRT  RES  SHR S %CPU %MEM    TIME+  COMMAND           


top - 21:44:24 up 55 days, 12:30,  8 users,  load average: 17.14, 17.73, 17.47
Tasks:   0 total,   0 running,   0 sleeping,   0 stopped,   0 zombie
Cpu(s): 63.2%us, 21.8%sy,  0.0%ni, 13.8%id,  0.0%wa,  0.0%hi,  1.1%si,  0.0%st
Mem:  529334084k total, 62972192k used, 466361892k free,    83240k buffers
Swap: 131071992k total, 80186020k used, 50885972k free,  3091348k cached

   PID USER      PR  NI  VIRT  RES  SHR S %CPU %MEM    TIME+  COMMAND           


top - 21:54:24 up 55 days, 12:40,  8 users,  load average: 17.14, 17.49, 17.48
Tasks:   0 total,   0 running,   0 sleeping,   0 stopped,   0 zombie
Cpu(s): 62.5%us, 21.5%sy,  0.0%ni, 15.0%id,  0.0%wa,  0.0%hi,  1.0%si,  0.0%st
Mem:  529334084k total, 63835096k used, 465498988k free,    84504k buffers
Swap: 131071992k total, 80185128k used, 50886864k free,  3113192k cached

   PID USER      PR  NI  VIRT  RES  SHR S %CPU %MEM    TIME+  COMMAND           


top - 22:04:24 up 55 days, 12:50,  8 users,  load average: 16.93, 18.27, 18.12
Tasks:   0 total,   0 running,   0 sleeping,   0 stopped,   0 zombie
Cpu(s): 65.7%us, 21.0%sy,  0.0%ni, 12.1%id,  0.3%wa,  0.0%hi,  0.9%si,  0.0%st
Mem:  529334084k total, 56770076k used, 472564008k free,    89924k buffers
Swap: 131071992k total, 80184732k used, 50887260k free,  3899980k cached

   PID USER      PR  NI  VIRT  RES  SHR S %CPU %MEM    TIME+  COMMAND           


top - 22:14:24 up 55 days, 13:00,  8 users,  load average: 16.05, 16.49, 17.26
Tasks:   0 total,   0 running,   0 sleeping,   0 stopped,   0 zombie
Cpu(s): 58.4%us, 18.6%sy,  0.0%ni, 22.4%id,  0.0%wa,  0.0%hi,  0.6%si,  0.0%st
Mem:  529334084k total, 60517296k used, 468816788k free,    90836k buffers
Swap: 131071992k total, 80184504k used, 50887488k free,  3900032k cached

   PID USER      PR  NI  VIRT  RES  SHR S %CPU %MEM    TIME+  COMMAND           


top - 22:24:24 up 55 days, 13:10,  7 users,  load average: 15.76, 16.14, 16.71
Tasks:   0 total,   0 running,   0 sleeping,   0 stopped,   0 zombie
Cpu(s): 57.0%us, 17.3%sy,  0.0%ni, 25.3%id,  0.0%wa,  0.0%hi,  0.5%si,  0.0%st
Mem:  529334084k total, 57089016k used, 472245068k free,    91796k buffers
Swap: 131071992k total, 80184124k used, 50887868k free,  3900076k cached

   PID USER      PR  NI  VIRT  RES  SHR S %CPU %MEM    TIME+  COMMAND           


top - 22:34:24 up 55 days, 13:20,  7 users,  load average: 16.02, 15.93, 16.33
Tasks:   0 total,   0 running,   0 sleeping,   0 stopped,   0 zombie
Cpu(s): 57.1%us, 17.6%sy,  0.0%ni, 24.8%id,  0.0%wa,  0.0%hi,  0.5%si,  0.0%st
Mem:  529334084k total, 66605136k used, 462728948k free,    92908k buffers
Swap: 131071992k total, 80183900k used, 50888092k free,  3900192k cached

   PID USER      PR  NI  VIRT  RES  SHR S %CPU %MEM    TIME+  COMMAND           


top - 22:44:25 up 55 days, 13:30,  7 users,  load average: 15.61, 15.80, 16.08
Tasks:   0 total,   0 running,   0 sleeping,   0 stopped,   0 zombie
Cpu(s): 55.7%us, 16.9%sy,  0.0%ni, 27.0%id,  0.0%wa,  0.0%hi,  0.4%si,  0.0%st
Mem:  529334084k total, 62139284k used, 467194800k free,    93844k buffers
Swap: 131071992k total, 80183780k used, 50888212k free,  3900240k cached

   PID USER      PR  NI  VIRT  RES  SHR S %CPU %MEM    TIME+  COMMAND           


top - 22:54:25 up 55 days, 13:40,  7 users,  load average: 15.26, 15.09, 15.54
Tasks:   0 total,   0 running,   0 sleeping,   0 stopped,   0 zombie
Cpu(s): 52.6%us, 16.3%sy,  0.0%ni, 30.7%id,  0.1%wa,  0.0%hi,  0.4%si,  0.0%st
Mem:  529334084k total, 57466848k used, 471867236k free,    94828k buffers
Swap: 131071992k total, 80183604k used, 50888388k free,  3901208k cached

   PID USER      PR  NI  VIRT  RES  SHR S %CPU %MEM    TIME+  COMMAND           


top - 23:04:25 up 55 days, 13:50,  7 users,  load average: 15.52, 15.45, 15.49
Tasks:   0 total,   0 running,   0 sleeping,   0 stopped,   0 zombie
Cpu(s): 54.9%us, 16.1%sy,  0.0%ni, 28.7%id,  0.0%wa,  0.0%hi,  0.3%si,  0.0%st
Mem:  529334084k total, 64765964k used, 464568120k free,    95844k buffers
Swap: 131071992k total, 80183488k used, 50888504k free,  3901260k cached

   PID USER      PR  NI  VIRT  RES  SHR S %CPU %MEM    TIME+  COMMAND           


top - 23:14:25 up 55 days, 14:00,  7 users,  load average: 15.41, 15.39, 15.44
Tasks:   0 total,   0 running,   0 sleeping,   0 stopped,   0 zombie
Cpu(s): 54.6%us, 16.9%sy,  0.0%ni, 28.2%id,  0.0%wa,  0.0%hi,  0.3%si,  0.0%st
Mem:  529334084k total, 61541248k used, 467792836k free,    96772k buffers
Swap: 131071992k total, 80183368k used, 50888624k free,  3901304k cached

   PID USER      PR  NI  VIRT  RES  SHR S %CPU %MEM    TIME+  COMMAND           


top - 23:24:25 up 55 days, 14:10,  7 users,  load average: 15.50, 15.64, 15.53
Tasks:   0 total,   0 running,   0 sleeping,   0 stopped,   0 zombie
Cpu(s): 55.5%us, 16.3%sy,  0.0%ni, 27.9%id,  0.0%wa,  0.0%hi,  0.3%si,  0.0%st
Mem:  529334084k total, 67323976k used, 462010108k free,    97652k buffers
Swap: 131071992k total, 80183188k used, 50888804k free,  3901352k cached

   PID USER      PR  NI  VIRT  RES  SHR S %CPU %MEM    TIME+  COMMAND           


top - 23:34:25 up 55 days, 14:20,  7 users,  load average: 15.67, 15.60, 15.54
Tasks:   0 total,   0 running,   0 sleeping,   0 stopped,   0 zombie
Cpu(s): 55.2%us, 16.4%sy,  0.0%ni, 28.1%id,  0.0%wa,  0.0%hi,  0.3%si,  0.0%st
Mem:  529334084k total, 62481316k used, 466852768k free,    98472k buffers
Swap: 131071992k total, 80183072k used, 50888920k free,  3901396k cached

   PID USER      PR  NI  VIRT  RES  SHR S %CPU %MEM    TIME+  COMMAND           


top - 23:44:25 up 55 days, 14:30,  7 users,  load average: 15.47, 15.35, 15.40
Tasks:   0 total,   0 running,   0 sleeping,   0 stopped,   0 zombie
Cpu(s): 55.1%us, 16.2%sy,  0.0%ni, 28.4%id,  0.0%wa,  0.0%hi,  0.3%si,  0.0%st
Mem:  529334084k total, 61614076k used, 467720008k free,    99376k buffers
Swap: 131071992k total, 80174144k used, 50897848k free,  3901440k cached

   PID USER      PR  NI  VIRT  RES  SHR S %CPU %MEM    TIME+  COMMAND           


top - 23:54:25 up 55 days, 14:40,  7 users,  load average: 15.42, 15.42, 15.43
Tasks:   0 total,   0 running,   0 sleeping,   0 stopped,   0 zombie
Cpu(s): 55.5%us, 15.9%sy,  0.0%ni, 28.3%id,  0.0%wa,  0.0%hi,  0.3%si,  0.0%st
Mem:  529334084k total, 58610932k used, 470723152k free,   100460k buffers
Swap: 131071992k total, 80174044k used, 50897948k free,  3902628k cached

   PID USER      PR  NI  VIRT  RES  SHR S %CPU %MEM    TIME+  COMMAND           


top - 00:04:25 up 55 days, 14:50,  7 users,  load average: 15.45, 15.47, 15.41
Tasks:   0 total,   0 running,   0 sleeping,   0 stopped,   0 zombie
Cpu(s): 55.0%us, 16.2%sy,  0.0%ni, 28.5%id,  0.0%wa,  0.0%hi,  0.3%si,  0.0%st
Mem:  529334084k total, 65331276k used, 464002808k free,   101144k buffers
Swap: 131071992k total, 80173732k used, 50898260k free,  3902732k cached

   PID USER      PR  NI  VIRT  RES  SHR S %CPU %MEM    TIME+  COMMAND           


top - 00:14:25 up 55 days, 15:00,  7 users,  load average: 15.79, 15.77, 15.57
Tasks:   0 total,   0 running,   0 sleeping,   0 stopped,   0 zombie
Cpu(s): 55.1%us, 16.4%sy,  0.0%ni, 28.1%id,  0.0%wa,  0.0%hi,  0.4%si,  0.0%st
Mem:  529334084k total, 66618276k used, 462715808k free,   101860k buffers
Swap: 131071992k total, 80173536k used, 50898456k free,  3902772k cached

   PID USER      PR  NI  VIRT  RES  SHR S %CPU %MEM    TIME+  COMMAND           


top - 00:24:26 up 55 days, 15:10,  7 users,  load average: 14.79, 15.32, 15.48
Tasks:   0 total,   0 running,   0 sleeping,   0 stopped,   0 zombie
Cpu(s): 53.8%us, 17.1%sy,  0.0%ni, 28.8%id,  0.0%wa,  0.0%hi,  0.3%si,  0.0%st
Mem:  529334084k total, 60901336k used, 468432748k free,   102504k buffers
Swap: 131071992k total, 80173408k used, 50898584k free,  3902812k cached

   PID USER      PR  NI  VIRT  RES  SHR S %CPU %MEM    TIME+  COMMAND           


top - 00:34:26 up 55 days, 15:20,  7 users,  load average: 15.78, 15.53, 15.49
Tasks:   0 total,   0 running,   0 sleeping,   0 stopped,   0 zombie
Cpu(s): 53.9%us, 17.0%sy,  0.0%ni, 28.8%id,  0.0%wa,  0.0%hi,  0.3%si,  0.0%st
Mem:  529334084k total, 61974900k used, 467359184k free,   103188k buffers
Swap: 131071992k total, 80173188k used, 50898804k free,  3902852k cached

   PID USER      PR  NI  VIRT  RES  SHR S %CPU %MEM    TIME+  COMMAND           


top - 00:44:26 up 55 days, 15:30,  7 users,  load average: 15.49, 15.63, 15.55
Tasks:   0 total,   0 running,   0 sleeping,   0 stopped,   0 zombie
Cpu(s): 55.1%us, 16.5%sy,  0.0%ni, 28.0%id,  0.0%wa,  0.0%hi,  0.3%si,  0.0%st
Mem:  529334084k total, 62572484k used, 466761600k free,   103860k buffers
Swap: 131071992k total, 80173020k used, 50898972k free,  3902888k cached

   PID USER      PR  NI  VIRT  RES  SHR S %CPU %MEM    TIME+  COMMAND           


top - 00:54:26 up 55 days, 15:40,  7 users,  load average: 15.60, 15.49, 15.49
Tasks:   0 total,   0 running,   0 sleeping,   0 stopped,   0 zombie
Cpu(s): 55.0%us, 16.2%sy,  0.0%ni, 28.4%id,  0.0%wa,  0.0%hi,  0.3%si,  0.0%st
Mem:  529334084k total, 60936352k used, 468397732k free,   104456k buffers
Swap: 131071992k total, 80172412k used, 50899580k free,  3902928k cached

   PID USER      PR  NI  VIRT  RES  SHR S %CPU %MEM    TIME+  COMMAND           


top - 01:04:26 up 55 days, 15:50,  7 users,  load average: 15.73, 15.75, 15.57
Tasks:   0 total,   0 running,   0 sleeping,   0 stopped,   0 zombie
Cpu(s): 54.2%us, 16.2%sy,  0.0%ni, 29.3%id,  0.0%wa,  0.0%hi,  0.3%si,  0.0%st
Mem:  529334084k total, 65684344k used, 463649740k free,   105584k buffers
Swap: 131071992k total, 80172356k used, 50899636k free,  3902988k cached

   PID USER      PR  NI  VIRT  RES  SHR S %CPU %MEM    TIME+  COMMAND           


top - 01:14:26 up 55 days, 16:00,  7 users,  load average: 15.58, 15.76, 15.66
Tasks:   0 total,   0 running,   0 sleeping,   0 stopped,   0 zombie
Cpu(s): 55.6%us, 16.5%sy,  0.0%ni, 27.5%id,  0.0%wa,  0.0%hi,  0.4%si,  0.0%st
Mem:  529334084k total, 59257888k used, 470076196k free,   106164k buffers
Swap: 131071992k total, 80172256k used, 50899736k free,  3903028k cached

   PID USER      PR  NI  VIRT  RES  SHR S %CPU %MEM    TIME+  COMMAND           


top - 01:24:26 up 55 days, 16:10,  7 users,  load average: 15.36, 15.42, 15.51
Tasks:   0 total,   0 running,   0 sleeping,   0 stopped,   0 zombie
Cpu(s): 55.1%us, 16.4%sy,  0.0%ni, 28.2%id,  0.0%wa,  0.0%hi,  0.3%si,  0.0%st
Mem:  529334084k total, 61415504k used, 467918580k free,   106684k buffers
Swap: 131071992k total, 80172224k used, 50899768k free,  3903068k cached

   PID USER      PR  NI  VIRT  RES  SHR S %CPU %MEM    TIME+  COMMAND           


top - 01:34:26 up 55 days, 16:20,  7 users,  load average: 16.06, 15.79, 15.67
Tasks:   0 total,   0 running,   0 sleeping,   0 stopped,   0 zombie
Cpu(s): 55.7%us, 16.4%sy,  0.0%ni, 27.5%id,  0.0%wa,  0.0%hi,  0.4%si,  0.0%st
Mem:  529334084k total, 62451596k used, 466882488k free,   107308k buffers
Swap: 131071992k total, 80172124k used, 50899868k free,  3903112k cached

   PID USER      PR  NI  VIRT  RES  SHR S %CPU %MEM    TIME+  COMMAND           


top - 01:44:26 up 55 days, 16:30,  7 users,  load average: 15.52, 15.73, 15.69
Tasks:   0 total,   0 running,   0 sleeping,   0 stopped,   0 zombie
Cpu(s): 55.7%us, 16.0%sy,  0.0%ni, 27.9%id,  0.1%wa,  0.0%hi,  0.3%si,  0.0%st
Mem:  529334084k total, 64758452k used, 464575632k free,   107860k buffers
Swap: 131071992k total, 80163980k used, 50908012k free,  3903144k cached

   PID USER      PR  NI  VIRT  RES  SHR S %CPU %MEM    TIME+  COMMAND           


top - 01:54:26 up 55 days, 16:40,  7 users,  load average: 15.44, 15.72, 15.71
Tasks:   0 total,   0 running,   0 sleeping,   0 stopped,   0 zombie
Cpu(s): 55.8%us, 16.5%sy,  0.0%ni, 27.3%id,  0.0%wa,  0.0%hi,  0.4%si,  0.0%st
Mem:  529334084k total, 62774800k used, 466559284k free,   108468k buffers
Swap: 131071992k total, 80163812k used, 50908180k free,  3903192k cached

   PID USER      PR  NI  VIRT  RES  SHR S %CPU %MEM    TIME+  COMMAND           


top - 02:04:27 up 55 days, 16:50,  7 users,  load average: 15.50, 15.79, 15.74
Tasks:   0 total,   0 running,   0 sleeping,   0 stopped,   0 zombie
Cpu(s): 56.5%us, 16.7%sy,  0.0%ni, 26.4%id,  0.0%wa,  0.0%hi,  0.4%si,  0.0%st
Mem:  529334084k total, 61057840k used, 468276244k free,   109076k buffers
Swap: 131071992k total, 80163748k used, 50908244k free,  3903248k cached

   PID USER      PR  NI  VIRT  RES  SHR S %CPU %MEM    TIME+  COMMAND           


top - 02:14:27 up 55 days, 17:00,  7 users,  load average: 16.49, 16.08, 15.86
Tasks:   0 total,   0 running,   0 sleeping,   0 stopped,   0 zombie
Cpu(s): 55.4%us, 16.9%sy,  0.0%ni, 27.3%id,  0.0%wa,  0.0%hi,  0.4%si,  0.0%st
Mem:  529334084k total, 60703040k used, 468631044k free,   109624k buffers
Swap: 131071992k total, 80163684k used, 50908308k free,  3903288k cached

   PID USER      PR  NI  VIRT  RES  SHR S %CPU %MEM    TIME+  COMMAND           


top - 02:24:27 up 55 days, 17:10,  7 users,  load average: 16.45, 16.33, 16.10
Tasks:   0 total,   0 running,   0 sleeping,   0 stopped,   0 zombie
Cpu(s): 57.2%us, 17.9%sy,  0.0%ni, 24.3%id,  0.0%wa,  0.0%hi,  0.5%si,  0.0%st
Mem:  529334084k total, 63673724k used, 465660360k free,   110332k buffers
Swap: 131071992k total, 80163456k used, 50908536k free,  3903328k cached

   PID USER      PR  NI  VIRT  RES  SHR S %CPU %MEM    TIME+  COMMAND           


top - 02:34:27 up 55 days, 17:20,  9 users,  load average: 16.77, 16.83, 16.50
Tasks:   0 total,   0 running,   0 sleeping,   0 stopped,   0 zombie
Cpu(s): 59.4%us, 19.4%sy,  0.0%ni, 20.5%id,  0.0%wa,  0.0%hi,  0.7%si,  0.0%st
Mem:  529334084k total, 68328908k used, 461005176k free,   111144k buffers
Swap: 131071992k total, 80161988k used, 50910004k free,  3912636k cached

   PID USER      PR  NI  VIRT  RES  SHR S %CPU %MEM    TIME+  COMMAND           


top - 02:44:27 up 55 days, 17:30,  9 users,  load average: 17.45, 17.14, 16.79
Tasks:   0 total,   0 running,   0 sleeping,   0 stopped,   0 zombie
Cpu(s): 62.0%us, 20.3%sy,  0.0%ni, 16.9%id,  0.0%wa,  0.0%hi,  0.8%si,  0.0%st
Mem:  529334084k total, 69608844k used, 459725240k free,   111868k buffers
Swap: 131071992k total, 80161564k used, 50910428k free,  3912672k cached

   PID USER      PR  NI  VIRT  RES  SHR S %CPU %MEM    TIME+  COMMAND           


top - 02:54:27 up 55 days, 17:40,  8 users,  load average: 17.53, 17.26, 17.00
Tasks:   0 total,   0 running,   0 sleeping,   0 stopped,   0 zombie
Cpu(s): 63.0%us, 20.3%sy,  0.0%ni, 15.8%id,  0.0%wa,  0.0%hi,  0.9%si,  0.0%st
Mem:  529334084k total, 63496216k used, 465837868k free,   112872k buffers
Swap: 131071992k total, 80160360k used, 50911632k free,  3912936k cached

   PID USER      PR  NI  VIRT  RES  SHR S %CPU %MEM    TIME+  COMMAND           


top - 03:04:27 up 55 days, 17:50,  8 users,  load average: 18.21, 17.97, 17.49
Tasks:   0 total,   0 running,   0 sleeping,   0 stopped,   0 zombie
Cpu(s): 65.7%us, 21.6%sy,  0.0%ni, 11.6%id,  0.0%wa,  0.0%hi,  1.0%si,  0.0%st
Mem:  529334084k total, 71361500k used, 457972584k free,   113664k buffers
Swap: 131071992k total, 80159924k used, 50912068k free,  3912988k cached

   PID USER      PR  NI  VIRT  RES  SHR S %CPU %MEM    TIME+  COMMAND           


top - 03:14:27 up 55 days, 18:00,  8 users,  load average: 18.39, 18.31, 17.88
Tasks:   0 total,   0 running,   0 sleeping,   0 stopped,   0 zombie
Cpu(s): 66.8%us, 22.3%sy,  0.0%ni,  9.8%id,  0.0%wa,  0.0%hi,  1.2%si,  0.0%st
Mem:  529334084k total, 62016456k used, 467317628k free,   114492k buffers
Swap: 131071992k total, 80159428k used, 50912564k free,  3913120k cached

   PID USER      PR  NI  VIRT  RES  SHR S %CPU %MEM    TIME+  COMMAND           


top - 03:24:27 up 55 days, 18:10,  8 users,  load average: 16.84, 17.61, 17.77
Tasks:   0 total,   0 running,   0 sleeping,   0 stopped,   0 zombie
Cpu(s): 64.7%us, 21.6%sy,  0.0%ni, 12.6%id,  0.0%wa,  0.0%hi,  1.0%si,  0.0%st
Mem:  529334084k total, 63194460k used, 466139624k free,   118880k buffers
Swap: 131071992k total, 80158696k used, 50913296k free,  3917636k cached

   PID USER      PR  NI  VIRT  RES  SHR S %CPU %MEM    TIME+  COMMAND           


top - 03:34:27 up 55 days, 18:20,  8 users,  load average: 17.82, 17.54, 17.65
Tasks:   0 total,   0 running,   0 sleeping,   0 stopped,   0 zombie
Cpu(s): 62.8%us, 21.4%sy,  0.0%ni, 14.8%id,  0.0%wa,  0.0%hi,  0.9%si,  0.0%st
Mem:  529334084k total, 59352816k used, 469981268k free,   119596k buffers
Swap: 131071992k total, 80158204k used, 50913788k free,  3917680k cached

   PID USER      PR  NI  VIRT  RES  SHR S %CPU %MEM    TIME+  COMMAND           


top - 03:44:28 up 55 days, 18:30,  8 users,  load average: 17.88, 17.73, 17.71
Tasks:   0 total,   0 running,   0 sleeping,   0 stopped,   0 zombie
Cpu(s): 62.1%us, 22.0%sy,  0.0%ni, 14.9%id,  0.0%wa,  0.0%hi,  0.9%si,  0.0%st
Mem:  529334084k total, 58776864k used, 470557220k free,   120268k buffers
Swap: 131071992k total, 80149636k used, 50922356k free,  3917732k cached

   PID USER      PR  NI  VIRT  RES  SHR S %CPU %MEM    TIME+  COMMAND           


top - 03:54:28 up 55 days, 18:40,  9 users,  load average: 18.37, 18.05, 17.84
Tasks:   0 total,   0 running,   0 sleeping,   0 stopped,   0 zombie
Cpu(s): 62.9%us, 22.2%sy,  0.0%ni, 13.9%id,  0.0%wa,  0.0%hi,  0.9%si,  0.0%st
Mem:  529334084k total, 63949544k used, 465384540k free,   120996k buffers
Swap: 131071992k total, 80148936k used, 50923056k free,  3917796k cached

   PID USER      PR  NI  VIRT  RES  SHR S %CPU %MEM    TIME+  COMMAND           


top - 04:04:28 up 55 days, 18:50,  9 users,  load average: 17.74, 17.84, 17.83
Tasks:   0 total,   0 running,   0 sleeping,   0 stopped,   0 zombie
Cpu(s): 64.7%us, 21.6%sy,  0.0%ni, 12.7%id,  0.0%wa,  0.0%hi,  1.0%si,  0.0%st
Mem:  529334084k total, 61626592k used, 467707492k free,   121588k buffers
Swap: 131071992k total, 80148420k used, 50923572k free,  3917832k cached

   PID USER      PR  NI  VIRT  RES  SHR S %CPU %MEM    TIME+  COMMAND           


top - 04:14:28 up 55 days, 19:00,  9 users,  load average: 17.34, 17.70, 17.81
Tasks:   0 total,   0 running,   0 sleeping,   0 stopped,   0 zombie
Cpu(s): 64.3%us, 21.9%sy,  0.0%ni, 12.9%id,  0.0%wa,  0.0%hi,  0.9%si,  0.0%st
Mem:  529334084k total, 62474180k used, 466859904k free,   122160k buffers
Swap: 131071992k total, 80147940k used, 50924052k free,  3917868k cached

   PID USER      PR  NI  VIRT  RES  SHR S %CPU %MEM    TIME+  COMMAND           


top - 04:24:28 up 55 days, 19:10,  9 users,  load average: 17.03, 17.56, 17.71
Tasks:   0 total,   0 running,   0 sleeping,   0 stopped,   0 zombie
Cpu(s): 65.1%us, 21.6%sy,  0.0%ni, 12.3%id,  0.0%wa,  0.0%hi,  1.0%si,  0.0%st
Mem:  529334084k total, 62418672k used, 466915412k free,   122772k buffers
Swap: 131071992k total, 80145796k used, 50926196k free,  3917912k cached

   PID USER      PR  NI  VIRT  RES  SHR S %CPU %MEM    TIME+  COMMAND           


top - 04:34:28 up 55 days, 19:20,  9 users,  load average: 18.28, 17.89, 17.84
Tasks:   0 total,   0 running,   0 sleeping,   0 stopped,   0 zombie
Cpu(s): 64.8%us, 21.7%sy,  0.0%ni, 12.6%id,  0.0%wa,  0.0%hi,  1.0%si,  0.0%st
Mem:  529334084k total, 70001252k used, 459332832k free,   123324k buffers
Swap: 131071992k total, 80145168k used, 50926824k free,  3917952k cached

   PID USER      PR  NI  VIRT  RES  SHR S %CPU %MEM    TIME+  COMMAND           


top - 04:44:28 up 55 days, 19:30,  7 users,  load average: 17.42, 17.64, 17.73
Tasks:   0 total,   0 running,   0 sleeping,   0 stopped,   0 zombie
Cpu(s): 64.1%us, 21.1%sy,  0.0%ni, 13.9%id,  0.0%wa,  0.0%hi,  0.9%si,  0.0%st
Mem:  529334084k total, 65116936k used, 464217148k free,   123864k buffers
Swap: 131071992k total, 80144548k used, 50927444k free,  3917988k cached

   PID USER      PR  NI  VIRT  RES  SHR S %CPU %MEM    TIME+  COMMAND           


top - 04:54:28 up 55 days, 19:40,  7 users,  load average: 17.25, 17.77, 17.76
Tasks:   0 total,   0 running,   0 sleeping,   0 stopped,   0 zombie
Cpu(s): 62.9%us, 20.7%sy,  0.0%ni, 15.1%id,  0.4%wa,  0.0%hi,  0.9%si,  0.0%st
Mem:  529334084k total, 57019368k used, 472314716k free,   124508k buffers
Swap: 131071992k total, 79192176k used, 51879816k free,  3918004k cached

   PID USER      PR  NI  VIRT  RES  SHR S %CPU %MEM    TIME+  COMMAND           


top - 05:04:28 up 55 days, 19:50,  7 users,  load average: 16.73, 17.00, 17.33
Tasks:   0 total,   0 running,   0 sleeping,   0 stopped,   0 zombie
Cpu(s): 61.1%us, 19.7%sy,  0.0%ni, 18.2%id,  0.3%wa,  0.0%hi,  0.7%si,  0.0%st
Mem:  529334084k total, 63498376k used, 465835708k free,   125076k buffers
Swap: 131071992k total, 77820524k used, 53251468k free,  3918032k cached

   PID USER      PR  NI  VIRT  RES  SHR S %CPU %MEM    TIME+  COMMAND           


top - 05:14:28 up 55 days, 20:00,  7 users,  load average: 16.84, 16.79, 17.04
Tasks:   0 total,   0 running,   0 sleeping,   0 stopped,   0 zombie
Cpu(s): 60.1%us, 18.8%sy,  0.0%ni, 20.5%id,  0.0%wa,  0.0%hi,  0.6%si,  0.0%st
Mem:  529334084k total, 70713200k used, 458620884k free,   125556k buffers
Swap: 131071992k total, 77820108k used, 53251884k free,  3918072k cached

   PID USER      PR  NI  VIRT  RES  SHR S %CPU %MEM    TIME+  COMMAND           


top - 05:24:29 up 55 days, 20:10,  7 users,  load average: 16.18, 16.57, 16.79
Tasks:   0 total,   0 running,   0 sleeping,   0 stopped,   0 zombie
Cpu(s): 60.1%us, 18.7%sy,  0.0%ni, 20.5%id,  0.0%wa,  0.0%hi,  0.6%si,  0.0%st
Mem:  529334084k total, 60015368k used, 469318716k free,   126080k buffers
Swap: 131071992k total, 77819624k used, 53252368k free,  3918116k cached

   PID USER      PR  NI  VIRT  RES  SHR S %CPU %MEM    TIME+  COMMAND           


top - 05:34:29 up 55 days, 20:20,  7 users,  load average: 16.70, 16.83, 16.85
Tasks:   0 total,   0 running,   0 sleeping,   0 stopped,   0 zombie
Cpu(s): 59.9%us, 19.5%sy,  0.0%ni, 19.9%id,  0.0%wa,  0.0%hi,  0.6%si,  0.0%st
Mem:  529334084k total, 56785312k used, 472548772k free,   126640k buffers
Swap: 131071992k total, 77819220k used, 53252772k free,  3918152k cached

   PID USER      PR  NI  VIRT  RES  SHR S %CPU %MEM    TIME+  COMMAND           


top - 05:44:29 up 55 days, 20:30,  7 users,  load average: 15.59, 16.19, 16.58
Tasks:   0 total,   0 running,   0 sleeping,   0 stopped,   0 zombie
Cpu(s): 57.5%us, 18.5%sy,  0.0%ni, 22.9%id,  0.7%wa,  0.0%hi,  0.5%si,  0.0%st
Mem:  529334084k total, 60348288k used, 468985796k free,   127180k buffers
Swap: 131071992k total, 76350992k used, 54721000k free,  3917240k cached

   PID USER      PR  NI  VIRT  RES  SHR S %CPU %MEM    TIME+  COMMAND           


top - 05:54:29 up 55 days, 20:40,  7 users,  load average: 12.10, 13.84, 15.33
Tasks:   0 total,   0 running,   0 sleeping,   0 stopped,   0 zombie
Cpu(s): 50.0%us, 17.1%sy,  0.0%ni, 32.4%id,  0.0%wa,  0.0%hi,  0.4%si,  0.0%st
Mem:  529334084k total, 56130464k used, 473203620k free,   127712k buffers
Swap: 131071992k total, 76350772k used, 54721220k free,  3914040k cached

   PID USER      PR  NI  VIRT  RES  SHR S %CPU %MEM    TIME+  COMMAND           


top - 06:04:29 up 55 days, 20:50,  7 users,  load average: 11.29, 11.82, 13.56
Tasks:   0 total,   0 running,   0 sleeping,   0 stopped,   0 zombie
Cpu(s): 39.8%us, 16.6%sy,  0.0%ni, 43.2%id,  0.0%wa,  0.0%hi,  0.4%si,  0.0%st
Mem:  529334084k total, 46351420k used, 482982664k free,   128256k buffers
Swap: 131071992k total, 76350568k used, 54721424k free,  3912988k cached

   PID USER      PR  NI  VIRT  RES  SHR S %CPU %MEM    TIME+  COMMAND           


top - 06:14:29 up 55 days, 21:00,  7 users,  load average: 10.36, 10.58, 12.08
Tasks:   0 total,   0 running,   0 sleeping,   0 stopped,   0 zombie
Cpu(s): 35.3%us, 16.0%sy,  0.0%ni, 48.2%id,  0.0%wa,  0.0%hi,  0.4%si,  0.0%st
Mem:  529334084k total, 43604568k used, 485729516k free,   128680k buffers
Swap: 131071992k total, 76350360k used, 54721632k free,  3911928k cached

   PID USER      PR  NI  VIRT  RES  SHR S %CPU %MEM    TIME+  COMMAND           

