top - 20:42:52 up 26 days, 10:24, 13 users,  load average: 3.85, 3.24, 3.29
Tasks:   1 total,   0 running,   1 sleeping,   0 stopped,   0 zombie
Cpu(s): 62.8%us,  8.8%sy,  0.1%ni, 28.3%id,  0.0%wa,  0.0%hi,  0.0%si,  0.0%st
Mem:  463142780k total, 107828596k used, 355314184k free,   367424k buffers
Swap: 131071992k total,  5198956k used, 125873036k free, 50556320k cached

   PID USER      PR  NI  VIRT  RES  SHR S %CPU %MEM    TIME+  COMMAND           
 13386 faron     20   0 52.1g 495m  99m S 197.6  0.1   0:31.30 MATLAB           


top - 21:12:52 up 26 days, 10:54, 13 users,  load average: 5.77, 5.70, 5.24
Tasks:   1 total,   0 running,   1 sleeping,   0 stopped,   0 zombie
Cpu(s): 26.3%us,  1.5%sy,  0.0%ni, 72.2%id,  0.0%wa,  0.0%hi,  0.0%si,  0.0%st
Mem:  463142780k total, 129273952k used, 333868828k free,   367468k buffers
Swap: 131071992k total,  5198956k used, 125873036k free, 50565760k cached

   PID USER      PR  NI  VIRT  RES  SHR S %CPU %MEM    TIME+  COMMAND           
 13386 faron     20   0 62.5g  10g  99m S 198.8  2.4  60:09.57 MATLAB           


top - 21:42:52 up 26 days, 11:24, 14 users,  load average: 6.21, 6.20, 5.87
Tasks:   1 total,   0 running,   1 sleeping,   0 stopped,   0 zombie
Cpu(s): 26.5%us,  1.5%sy,  0.0%ni, 71.9%id,  0.0%wa,  0.0%hi,  0.0%si,  0.0%st
Mem:  463142780k total, 150686480k used, 312456300k free,   367504k buffers
Swap: 131071992k total,  5198900k used, 125873092k free, 50575176k cached

   PID USER      PR  NI  VIRT  RES  SHR S %CPU %MEM    TIME+  COMMAND           
 13386 faron     20   0 72.6g  20g  99m S 198.0  4.7 119:33.64 MATLAB           


top - 22:12:52 up 26 days, 11:54, 13 users,  load average: 6.46, 6.36, 6.13
Tasks:   1 total,   0 running,   1 sleeping,   0 stopped,   0 zombie
Cpu(s): 27.5%us,  1.7%sy,  0.0%ni, 70.8%id,  0.0%wa,  0.0%hi,  0.0%si,  0.0%st
Mem:  463142780k total, 175339528k used, 287803252k free,   367520k buffers
Swap: 131071992k total,  5198900k used, 125873092k free, 50584628k cached

   PID USER      PR  NI  VIRT  RES  SHR S %CPU %MEM    TIME+  COMMAND           
 13386 faron     20   0 82.8g  30g  99m S 198.0  7.0 178:57.85 MATLAB           


top - 22:42:52 up 26 days, 12:24, 13 users,  load average: 10.36, 9.59, 8.03
Tasks:   1 total,   0 running,   1 sleeping,   0 stopped,   0 zombie
Cpu(s): 38.0%us,  2.4%sy,  0.0%ni, 59.5%id,  0.1%wa,  0.0%hi,  0.0%si,  0.0%st
Mem:  463142780k total, 204229656k used, 258913124k free,   367564k buffers
Swap: 131071992k total,  5198888k used, 125873104k free, 50594656k cached

   PID USER      PR  NI  VIRT  RES  SHR S %CPU %MEM    TIME+  COMMAND           
 13386 faron     20   0 92.9g  41g  99m S 198.0  9.3 238:22.07 MATLAB           


top - 23:12:52 up 26 days, 12:54, 13 users,  load average: 10.18, 9.90, 9.55
Tasks:   1 total,   0 running,   1 sleeping,   0 stopped,   0 zombie
Cpu(s): 49.8%us,  3.7%sy,  0.0%ni, 46.5%id,  0.0%wa,  0.0%hi,  0.0%si,  0.0%st
Mem:  463142780k total, 233101288k used, 230041492k free,   367576k buffers
Swap: 131071992k total,  5198888k used, 125873104k free, 50602884k cached

   PID USER      PR  NI  VIRT  RES  SHR S %CPU %MEM    TIME+  COMMAND           
 13386 faron     20   0  119g  55g 100m S 197.8 12.5 297:41.87 MATLAB           


top - 23:42:52 up 26 days, 13:24, 12 users,  load average: 12.20, 13.00, 11.62
Tasks:   1 total,   0 running,   1 sleeping,   0 stopped,   0 zombie
Cpu(s): 21.6%us, 14.2%sy,  0.0%ni, 58.0%id,  6.2%wa,  0.0%hi,  0.0%si,  0.0%st
Mem:  463142780k total, 462439116k used,   703664k free,     4304k buffers
Swap: 131071992k total, 73428268k used, 57643724k free,    14060k cached

   PID USER      PR  NI  VIRT  RES  SHR S %CPU %MEM    TIME+  COMMAND           
 13386 faron     20   0  240g 208g 1636 S 87.1 47.2 323:50.52 MATLAB            


top - 00:12:52 up 26 days, 13:54, 13 users,  load average: 10.03, 9.95, 10.14
Tasks:   1 total,   0 running,   1 sleeping,   0 stopped,   0 zombie
Cpu(s): 36.3%us,  5.9%sy,  0.0%ni, 51.7%id,  6.1%wa,  0.0%hi,  0.0%si,  0.0%st
Mem:  463142780k total, 46393040k used, 416749740k free,    12044k buffers
Swap: 131071992k total, 49236680k used, 81835312k free,   817452k cached

   PID USER      PR  NI  VIRT  RES  SHR S %CPU %MEM    TIME+  COMMAND           
 13386 faron     20   0 57.5g 5.3g  11m S 112.0  1.2 357:27.29 MATLAB           


top - 00:42:52 up 26 days, 14:24, 11 users,  load average: 10.05, 9.90, 9.84
Tasks:   1 total,   0 running,   1 sleeping,   0 stopped,   0 zombie
Cpu(s): 48.6%us,  4.3%sy,  0.0%ni, 46.4%id,  0.6%wa,  0.0%hi,  0.0%si,  0.0%st
Mem:  463142780k total, 115487632k used, 347655148k free,    13620k buffers
Swap: 131071992k total, 43308328k used, 87763664k free,   832676k cached

   PID USER      PR  NI  VIRT  RES  SHR S %CPU %MEM    TIME+  COMMAND           
 13386 faron     20   0 67.3g  15g  11m S 198.5  3.4 416:59.63 MATLAB           


top - 01:12:53 up 26 days, 14:54, 11 users,  load average: 36.15, 34.05, 25.39
Tasks:   1 total,   0 running,   1 sleeping,   0 stopped,   0 zombie
Cpu(s): 60.5%us, 15.1%sy,  0.0%ni, 24.4%id,  0.0%wa,  0.0%hi,  0.0%si,  0.0%st
Mem:  463142780k total, 156294552k used, 306848228k free,    14976k buffers
Swap: 131071992k total, 43306804k used, 87765188k free,   871224k cached

   PID USER      PR  NI  VIRT  RES  SHR S %CPU %MEM    TIME+  COMMAND           
 13386 faron     20   0 75.2g  22g  11m S 163.2  5.2 465:58.07 MATLAB           


top - 01:42:53 up 26 days, 15:24, 11 users,  load average: 35.07, 35.25, 33.73
Tasks:   1 total,   0 running,   1 sleeping,   0 stopped,   0 zombie
Cpu(s): 72.5%us, 27.3%sy,  0.0%ni,  0.2%id,  0.0%wa,  0.0%hi,  0.0%si,  0.0%st
Mem:  463142780k total, 169797820k used, 293344960k free,    16908k buffers
Swap: 131071992k total, 43306584k used, 87765408k free,   872888k cached

   PID USER      PR  NI  VIRT  RES  SHR S %CPU %MEM    TIME+  COMMAND           
 13386 faron     20   0 80.8g  28g  11m S 118.3  6.5 501:27.37 MATLAB           


top - 02:12:53 up 26 days, 15:54, 12 users,  load average: 9.86, 10.40, 17.21
Tasks:   1 total,   0 running,   1 sleeping,   0 stopped,   0 zombie
Cpu(s): 56.9%us, 13.2%sy,  0.0%ni, 29.9%id,  0.0%wa,  0.0%hi,  0.0%si,  0.0%st
Mem:  463142780k total, 166724368k used, 296418412k free,    19048k buffers
Swap: 131071992k total, 43275224k used, 87796768k free,   894640k cached

   PID USER      PR  NI  VIRT  RES  SHR S %CPU %MEM    TIME+  COMMAND           
 13386 faron     20   0 89.1g  36g  11m S 168.7  8.4 552:04.36 MATLAB           


top - 02:42:53 up 26 days, 16:24, 12 users,  load average: 9.51, 9.47, 10.51
Tasks:   1 total,   0 running,   1 sleeping,   0 stopped,   0 zombie
Cpu(s): 46.4%us,  4.1%sy,  0.0%ni, 49.5%id,  0.0%wa,  0.0%hi,  0.0%si,  0.0%st
Mem:  463142780k total, 195218544k used, 267924236k free,    23164k buffers
Swap: 131071992k total, 43274756k used, 87797236k free,   925472k cached

   PID USER      PR  NI  VIRT  RES  SHR S %CPU %MEM    TIME+  COMMAND           
 13386 faron     20   0 98.9g  46g  11m S 198.3 10.6 611:34.57 MATLAB           


top - 03:12:54 up 26 days, 16:54, 12 users,  load average: 11.54, 11.23, 10.34
Tasks:   1 total,   0 running,   1 sleeping,   0 stopped,   0 zombie
Cpu(s): 29.5%us,  5.4%sy,  0.0%ni, 57.4%id,  7.7%wa,  0.0%hi,  0.0%si,  0.0%st
Mem:  463142780k total, 462439600k used,   703180k free,     4256k buffers
Swap: 131071992k total, 65059084k used, 66012908k free,    40616k cached

   PID USER      PR  NI  VIRT  RES  SHR S %CPU %MEM    TIME+  COMMAND           
 13386 faron     20   0  241g 224g 1172 S 116.0 50.8 646:22.90 MATLAB           

