No MATLAB command specified

                            < M A T L A B (R) >
                  Copyright 1984-2017 The MathWorks, Inc.
                   R2017b (9.3.0.713579) 64-bit (glnxa64)
                             September 14, 2017

 
For online documentation, see http://www.mathworks.com/support
For product information, visit www.mathworks.com.
 
>> >> >> >> >> >> >> >> >> >> >> >> >> >> >> >> >> >>  
%%% BEM Kinematic SCM BAVU GPS Stations Greens %%%
 
Date/time in Stanford= 2018 11 27 11 47 46.9208
PID= 57594
Fault elements characteristic length= 2.5 km
Faults locking depth= 10 km
SA creeping Northern end coordinate= 4075 km (UTM)
Grids loaded= obs_data_gps.txt & obs_data_grid.txt
"v" parameter output structure= 3
Nr of elem= 18621
Nr of free parameters= 0
Nr obs points= 1064 (gps= 196, grid= 868)
Run kinematic shear model...
Saving G ic-matrix to workspace= false
Saving Green Fcns= true
Running shear kinematic model and saving Greens Funs takes 9842.2562 secs
Memory in workspace after running shear model= 5.4001 MB
Run kinematic push model...
Saving G ic-matrix to workspace= false
Saving Green Fcns= true
Running push kinematic model and saving Greens Funs takes 11490.4212 secs
Memory in workspace after running push model= 8.7787 MB
Program takes a total of 21332.6775 secs
good bye!
>> >> >> 