top - 11:49:18 up 55 days,  2:31, 20 users,  load average: 8.71, 7.45, 7.00
Tasks:   1 total,   0 running,   1 sleeping,   0 stopped,   0 zombie
Cpu(s): 48.2%us,  8.1%sy,  0.1%ni, 43.5%id,  0.1%wa,  0.0%hi,  0.0%si,  0.0%st
Mem:  463142780k total, 208022884k used, 255119896k free,   258100k buffers
Swap: 131071992k total,  8721016k used, 122350976k free,  6080580k cached

   PID USER      PR  NI  VIRT  RES  SHR S %CPU %MEM    TIME+  COMMAND           
 57594 faron     20   0 52.6g 937m  99m S 297.5  0.2   3:02.12 MATLAB           


top - 11:59:18 up 55 days,  2:41, 20 users,  load average: 8.91, 8.39, 7.73
Tasks:   1 total,   0 running,   1 sleeping,   0 stopped,   0 zombie
Cpu(s): 35.1%us,  2.9%sy,  0.0%ni, 62.0%id,  0.0%wa,  0.0%hi,  0.0%si,  0.0%st
Mem:  463142780k total, 211857768k used, 251285012k free,   258184k buffers
Swap: 131071992k total,  8721016k used, 122350976k free,  6082600k cached

   PID USER      PR  NI  VIRT  RES  SHR S %CPU %MEM    TIME+  COMMAND           
 57594 faron     20   0 56.0g 4.3g  99m S 199.8  1.0  23:01.48 MATLAB           


top - 12:09:18 up 55 days,  2:51, 21 users,  load average: 9.47, 8.91, 8.25
Tasks:   1 total,   0 running,   1 sleeping,   0 stopped,   0 zombie
Cpu(s): 34.6%us,  2.9%sy,  0.0%ni, 62.5%id,  0.0%wa,  0.0%hi,  0.0%si,  0.0%st
Mem:  463142780k total, 215161700k used, 247981080k free,   258228k buffers
Swap: 131071992k total,  8721008k used, 122350984k free,  6081884k cached

   PID USER      PR  NI  VIRT  RES  SHR S %CPU %MEM    TIME+  COMMAND           
 57594 faron     20   0 59.4g 7.6g  99m S 197.9  1.7  42:48.78 MATLAB           


top - 12:19:18 up 55 days,  3:01, 19 users,  load average: 7.64, 8.06, 8.10
Tasks:   1 total,   0 running,   1 sleeping,   0 stopped,   0 zombie
Cpu(s): 33.6%us,  2.8%sy,  0.0%ni, 63.5%id,  0.0%wa,  0.0%hi,  0.0%si,  0.0%st
Mem:  463142780k total, 216439456k used, 246703324k free,   258268k buffers
Swap: 131071992k total,  8721008k used, 122350984k free,  6081900k cached

   PID USER      PR  NI  VIRT  RES  SHR S %CPU %MEM    TIME+  COMMAND           
 57594 faron     20   0 62.7g  10g  99m S 197.8  2.5  62:35.92 MATLAB           


top - 12:29:18 up 55 days,  3:11, 18 users,  load average: 7.15, 8.25, 8.25
Tasks:   1 total,   0 running,   1 sleeping,   0 stopped,   0 zombie
Cpu(s): 34.7%us,  2.9%sy,  0.0%ni, 62.5%id,  0.0%wa,  0.0%hi,  0.0%si,  0.0%st
Mem:  463142780k total, 218464480k used, 244678300k free,   258324k buffers
Swap: 131071992k total,  8721008k used, 122350984k free,  6081992k cached

   PID USER      PR  NI  VIRT  RES  SHR S %CPU %MEM    TIME+  COMMAND           
 57594 faron     20   0 66.0g  14g  99m S 197.9  3.2  82:23.55 MATLAB           


top - 12:39:18 up 55 days,  3:21, 18 users,  load average: 7.47, 7.87, 8.06
Tasks:   1 total,   0 running,   1 sleeping,   0 stopped,   0 zombie
Cpu(s): 32.9%us,  2.9%sy,  0.0%ni, 64.2%id,  0.0%wa,  0.0%hi,  0.0%si,  0.0%st
Mem:  463142780k total, 221911680k used, 241231100k free,   258344k buffers
Swap: 131071992k total,  8721008k used, 122350984k free,  6082000k cached

   PID USER      PR  NI  VIRT  RES  SHR S %CPU %MEM    TIME+  COMMAND           
 57594 faron     20   0 69.3g  17g  99m S 197.8  4.0 102:10.71 MATLAB           


top - 12:49:19 up 55 days,  3:31, 19 users,  load average: 8.51, 8.13, 8.15
Tasks:   1 total,   0 running,   1 sleeping,   0 stopped,   0 zombie
Cpu(s): 34.3%us,  3.0%sy,  0.0%ni, 62.7%id,  0.1%wa,  0.0%hi,  0.0%si,  0.0%st
Mem:  463142780k total, 225926656k used, 237216124k free,   258432k buffers
Swap: 131071992k total,  8721000k used, 122350992k free,  6083192k cached

   PID USER      PR  NI  VIRT  RES  SHR S %CPU %MEM    TIME+  COMMAND           
 57594 faron     20   0 72.6g  20g  99m S 197.9  4.7 121:58.29 MATLAB           


top - 12:59:19 up 55 days,  3:41, 22 users,  load average: 9.41, 8.91, 8.47
Tasks:   1 total,   0 running,   1 sleeping,   0 stopped,   0 zombie
Cpu(s): 35.9%us,  2.8%sy,  0.0%ni, 61.3%id,  0.1%wa,  0.0%hi,  0.0%si,  0.0%st
Mem:  463142780k total, 242365568k used, 220777212k free,   258504k buffers
Swap: 131071992k total,  8719892k used, 122352100k free,  6085188k cached

   PID USER      PR  NI  VIRT  RES  SHR S %CPU %MEM    TIME+  COMMAND           
 57594 faron     20   0 76.0g  24g  99m S 197.9  5.5 141:46.09 MATLAB           


top - 13:09:19 up 55 days,  3:51, 22 users,  load average: 9.43, 9.22, 8.87
Tasks:   1 total,   0 running,   1 sleeping,   0 stopped,   0 zombie
Cpu(s): 38.3%us,  2.7%sy,  0.0%ni, 59.1%id,  0.0%wa,  0.0%hi,  0.0%si,  0.0%st
Mem:  463142780k total, 253843820k used, 209298960k free,   258548k buffers
Swap: 131071992k total,  8719884k used, 122352108k free,  6085196k cached

   PID USER      PR  NI  VIRT  RES  SHR S %CPU %MEM    TIME+  COMMAND           
 57594 faron     20   0 79.3g  27g  99m S 197.9  6.2 161:33.65 MATLAB           


top - 13:19:19 up 55 days,  4:01, 22 users,  load average: 9.61, 9.48, 9.15
Tasks:   1 total,   0 running,   1 sleeping,   0 stopped,   0 zombie
Cpu(s): 39.1%us,  2.6%sy,  0.0%ni, 58.3%id,  0.0%wa,  0.0%hi,  0.0%si,  0.0%st
Mem:  463142780k total, 259380952k used, 203761828k free,   258564k buffers
Swap: 131071992k total,  8719884k used, 122352108k free,  6085220k cached

   PID USER      PR  NI  VIRT  RES  SHR S %CPU %MEM    TIME+  COMMAND           
 57594 faron     20   0 82.6g  30g  99m S 198.0  7.0 181:21.74 MATLAB           


top - 13:29:19 up 55 days,  4:11, 24 users,  load average: 9.48, 9.70, 9.44
Tasks:   1 total,   0 running,   1 sleeping,   0 stopped,   0 zombie
Cpu(s): 39.2%us,  2.7%sy,  0.0%ni, 58.0%id,  0.0%wa,  0.0%hi,  0.0%si,  0.0%st
Mem:  463142780k total, 266700516k used, 196442264k free,   258708k buffers
Swap: 131071992k total,  8719884k used, 122352108k free,  6086276k cached

   PID USER      PR  NI  VIRT  RES  SHR S %CPU %MEM    TIME+  COMMAND           
 57594 faron     20   0 86.0g  34g  99m S 197.9  7.7 201:09.49 MATLAB           


top - 13:39:19 up 55 days,  4:21, 23 users,  load average: 10.70, 10.49, 9.93
Tasks:   1 total,   0 running,   1 sleeping,   0 stopped,   0 zombie
Cpu(s): 43.3%us,  2.8%sy,  0.0%ni, 53.9%id,  0.0%wa,  0.0%hi,  0.0%si,  0.0%st
Mem:  463142780k total, 274366088k used, 188776692k free,   258748k buffers
Swap: 131071992k total,  8719884k used, 122352108k free,  6086708k cached

   PID USER      PR  NI  VIRT  RES  SHR S %CPU %MEM    TIME+  COMMAND           
 57594 faron     20   0 89.3g  37g  99m S 198.0  8.5 220:57.44 MATLAB           


top - 13:49:19 up 55 days,  4:31, 23 users,  load average: 11.39, 11.10, 10.48
Tasks:   1 total,   0 running,   1 sleeping,   0 stopped,   0 zombie
Cpu(s): 45.6%us,  3.3%sy,  0.0%ni, 51.1%id,  0.0%wa,  0.0%hi,  0.0%si,  0.0%st
Mem:  463142780k total, 279564724k used, 183578056k free,   258940k buffers
Swap: 131071992k total,  8719884k used, 122352108k free,  6090940k cached

   PID USER      PR  NI  VIRT  RES  SHR S %CPU %MEM    TIME+  COMMAND           
 57594 faron     20   0 92.6g  40g  99m S 197.9  9.2 240:44.97 MATLAB           


top - 13:59:19 up 55 days,  4:41, 23 users,  load average: 11.47, 11.57, 11.03
Tasks:   1 total,   0 running,   1 sleeping,   0 stopped,   0 zombie
Cpu(s): 46.5%us,  3.3%sy,  0.0%ni, 50.1%id,  0.0%wa,  0.0%hi,  0.0%si,  0.0%st
Mem:  463142780k total, 252167588k used, 210975192k free,   258988k buffers
Swap: 131071992k total,  8719884k used, 122352108k free,  6103416k cached

   PID USER      PR  NI  VIRT  RES  SHR S %CPU %MEM    TIME+  COMMAND           
 57594 faron     20   0 95.9g  44g  99m S 197.9 10.0 260:32.73 MATLAB           


top - 14:09:19 up 55 days,  4:51, 23 users,  load average: 10.34, 10.78, 10.85
Tasks:   1 total,   0 running,   1 sleeping,   0 stopped,   0 zombie
Cpu(s): 42.8%us,  3.4%sy,  0.0%ni, 53.8%id,  0.0%wa,  0.0%hi,  0.0%si,  0.0%st
Mem:  463142780k total, 255296204k used, 207846576k free,   259016k buffers
Swap: 131071992k total,  8719876k used, 122352116k free,  6107468k cached

   PID USER      PR  NI  VIRT  RES  SHR S %CPU %MEM    TIME+  COMMAND           
 57594 faron     20   0 99.1g  47g  99m S 198.0 10.7 280:20.78 MATLAB           


top - 14:19:19 up 55 days,  5:01, 23 users,  load average: 10.70, 10.47, 10.58
Tasks:   1 total,   0 running,   1 sleeping,   0 stopped,   0 zombie
Cpu(s): 41.7%us,  3.6%sy,  0.0%ni, 54.7%id,  0.0%wa,  0.0%hi,  0.0%si,  0.0%st
Mem:  463142780k total, 258653952k used, 204488828k free,   259056k buffers
Swap: 131071992k total,  8719876k used, 122352116k free,  6111516k cached

   PID USER      PR  NI  VIRT  RES  SHR S %CPU %MEM    TIME+  COMMAND           
 57594 faron     20   0  102g  50g  99m S 198.0 11.4 300:09.21 MATLAB           


top - 14:29:20 up 55 days,  5:11, 24 users,  load average: 11.36, 10.40, 10.36
Tasks:   1 total,   0 running,   1 sleeping,   0 stopped,   0 zombie
Cpu(s): 34.5%us,  7.4%sy,  0.0%ni, 58.0%id,  0.0%wa,  0.0%hi,  0.0%si,  0.0%st
Mem:  463142780k total, 458525684k used,  4617096k free,   259088k buffers
Swap: 131071992k total,  8719876k used, 122352116k free,  6111744k cached

   PID USER      PR  NI  VIRT  RES  SHR S %CPU %MEM    TIME+  COMMAND           
 57594 faron     20   0  247g 240g 100m S 115.6 54.5 311:42.65 MATLAB           


top - 14:39:20 up 55 days,  5:21, 24 users,  load average: 10.52, 10.45, 10.41
Tasks:   1 total,   0 running,   1 sleeping,   0 stopped,   0 zombie
Cpu(s): 38.0%us,  7.5%sy,  0.0%ni, 54.1%id,  0.3%wa,  0.0%hi,  0.1%si,  0.0%st
Mem:  463142780k total, 296611044k used, 166531736k free,   172620k buffers
Swap: 131071992k total,  8719880k used, 122352112k free,  3966608k cached

   PID USER      PR  NI  VIRT  RES  SHR S %CPU %MEM    TIME+  COMMAND           
 57594 faron     20   0 61.6g 9.7g  99m S 170.0  2.2 328:42.54 MATLAB           


top - 14:49:20 up 55 days,  5:31, 25 users,  load average: 10.00, 10.54, 10.45
Tasks:   1 total,   0 running,   1 sleeping,   0 stopped,   0 zombie
Cpu(s): 44.2%us,  3.8%sy,  0.0%ni, 51.8%id,  0.1%wa,  0.0%hi,  0.1%si,  0.0%st
Mem:  463142780k total, 366645928k used, 96496852k free,   172800k buffers
Swap: 131071992k total,  8719880k used, 122352112k free,  4111776k cached

   PID USER      PR  NI  VIRT  RES  SHR S %CPU %MEM    TIME+  COMMAND           
 57594 faron     20   0 61.6g 9.7g  99m S 198.9  2.2 348:36.07 MATLAB           


top - 14:59:20 up 55 days,  5:41, 26 users,  load average: 10.40, 10.84, 10.69
Tasks:   1 total,   0 running,   1 sleeping,   0 stopped,   0 zombie
Cpu(s): 45.9%us,  3.7%sy,  0.0%ni, 50.2%id,  0.0%wa,  0.0%hi,  0.1%si,  0.0%st
Mem:  463142780k total, 368124428k used, 95018352k free,   173196k buffers
Swap: 131071992k total,  8719880k used, 122352112k free,  4208984k cached

   PID USER      PR  NI  VIRT  RES  SHR S %CPU %MEM    TIME+  COMMAND           
 57594 faron     20   0 61.6g 9.7g  99m S 198.9  2.2 368:29.82 MATLAB           


top - 15:09:20 up 55 days,  5:51, 25 users,  load average: 12.72, 11.97, 11.27
Tasks:   1 total,   0 running,   1 sleeping,   0 stopped,   0 zombie
Cpu(s): 48.4%us,  3.9%sy,  0.0%ni, 47.6%id,  0.0%wa,  0.0%hi,  0.1%si,  0.0%st
Mem:  463142780k total, 384785792k used, 78356988k free,   174120k buffers
Swap: 131071992k total,  8719856k used, 122352136k free,  4392708k cached

   PID USER      PR  NI  VIRT  RES  SHR S %CPU %MEM    TIME+  COMMAND           
 57594 faron     20   0 64.8g  12g  99m S 198.6  2.9 388:21.36 MATLAB           


top - 15:19:20 up 55 days,  6:01, 25 users,  load average: 13.87, 13.63, 12.51
Tasks:   1 total,   0 running,   1 sleeping,   0 stopped,   0 zombie
Cpu(s): 54.8%us,  4.7%sy,  0.0%ni, 40.2%id,  0.2%wa,  0.0%hi,  0.0%si,  0.0%st
Mem:  463142780k total, 368099128k used, 95043652k free,   174504k buffers
Swap: 131071992k total,  8719696k used, 122352296k free,  5072476k cached

   PID USER      PR  NI  VIRT  RES  SHR S %CPU %MEM    TIME+  COMMAND           
 57594 faron     20   0 68.0g  16g  99m S 198.5  3.7 408:12.70 MATLAB           


top - 15:29:20 up 55 days,  6:11, 25 users,  load average: 16.65, 16.58, 14.70
Tasks:   1 total,   0 running,   1 sleeping,   0 stopped,   0 zombie
Cpu(s): 68.0%us,  5.0%sy,  0.0%ni, 26.7%id,  0.3%wa,  0.0%hi,  0.0%si,  0.0%st
Mem:  463142780k total, 381950196k used, 81192584k free,   174812k buffers
Swap: 131071992k total,  8719380k used, 122352612k free,  6269516k cached

   PID USER      PR  NI  VIRT  RES  SHR S %CPU %MEM    TIME+  COMMAND           
 57594 faron     20   0 71.1g  19g  99m S 197.8  4.3 427:59.84 MATLAB           


top - 15:39:20 up 55 days,  6:21, 25 users,  load average: 19.55, 18.58, 16.50
Tasks:   1 total,   0 running,   1 sleeping,   0 stopped,   0 zombie
Cpu(s): 70.6%us,  6.1%sy,  0.0%ni, 23.0%id,  0.1%wa,  0.0%hi,  0.0%si,  0.0%st
Mem:  463142780k total, 391484124k used, 71658656k free,   175344k buffers
Swap: 131071992k total,  8719380k used, 122352612k free,  7272416k cached

   PID USER      PR  NI  VIRT  RES  SHR S %CPU %MEM    TIME+  COMMAND           
 57594 faron     20   0 74.0g  22g  99m S 195.5  5.0 447:32.82 MATLAB           


top - 15:49:20 up 55 days,  6:31, 23 users,  load average: 19.27, 19.40, 18.00
Tasks:   1 total,   0 running,   1 sleeping,   0 stopped,   0 zombie
Cpu(s): 75.8%us,  6.7%sy,  0.0%ni, 17.5%id,  0.0%wa,  0.0%hi,  0.0%si,  0.0%st
Mem:  463142780k total, 393176064k used, 69966716k free,   175540k buffers
Swap: 131071992k total,  8719376k used, 122352616k free,  7324516k cached

   PID USER      PR  NI  VIRT  RES  SHR S %CPU %MEM    TIME+  COMMAND           
 57594 faron     20   0 76.8g  24g  99m S 192.6  5.6 466:48.75 MATLAB           


top - 15:59:20 up 55 days,  6:41, 23 users,  load average: 19.48, 19.98, 18.98
Tasks:   1 total,   0 running,   1 sleeping,   0 stopped,   0 zombie
Cpu(s): 76.3%us,  6.8%sy,  0.0%ni, 16.8%id,  0.0%wa,  0.0%hi,  0.0%si,  0.0%st
Mem:  463142780k total, 419554204k used, 43588576k free,   175720k buffers
Swap: 131071992k total,  8718960k used, 122353032k free,  7649548k cached

   PID USER      PR  NI  VIRT  RES  SHR S %CPU %MEM    TIME+  COMMAND           
 57594 faron     20   0 79.6g  27g  99m S 192.0  6.3 486:00.71 MATLAB           


top - 16:09:21 up 55 days,  6:51, 23 users,  load average: 21.30, 21.62, 20.36
Tasks:   1 total,   0 running,   1 sleeping,   0 stopped,   0 zombie
Cpu(s): 81.4%us,  7.5%sy,  0.0%ni, 10.8%id,  0.2%wa,  0.0%hi,  0.0%si,  0.0%st
Mem:  463142780k total, 408866232k used, 54276548k free,   176096k buffers
Swap: 131071992k total,  8718940k used, 122353052k free,  8692308k cached

   PID USER      PR  NI  VIRT  RES  SHR S %CPU %MEM    TIME+  COMMAND           
 57594 faron     20   0 82.1g  30g  99m S 186.0  6.8 504:36.61 MATLAB           


top - 16:19:21 up 55 days,  7:01, 23 users,  load average: 21.70, 21.62, 20.91
Tasks:   1 total,   0 running,   1 sleeping,   0 stopped,   0 zombie
Cpu(s): 80.5%us,  7.4%sy,  0.0%ni, 12.1%id,  0.0%wa,  0.0%hi,  0.0%si,  0.0%st
Mem:  463142780k total, 422639336k used, 40503444k free,   176224k buffers
Swap: 131071992k total,  8718940k used, 122353052k free,  8781808k cached

   PID USER      PR  NI  VIRT  RES  SHR S %CPU %MEM    TIME+  COMMAND           
 57594 faron     20   0 84.7g  32g  99m S 186.4  7.4 523:15.33 MATLAB           


top - 16:29:21 up 55 days,  7:11, 23 users,  load average: 22.21, 22.34, 21.58
Tasks:   1 total,   0 running,   1 sleeping,   0 stopped,   0 zombie
Cpu(s): 83.7%us,  7.3%sy,  0.0%ni,  9.0%id,  0.0%wa,  0.0%hi,  0.0%si,  0.0%st
Mem:  463142780k total, 414455564k used, 48687216k free,   176392k buffers
Swap: 131071992k total,  8718940k used, 122353052k free,  9016828k cached

   PID USER      PR  NI  VIRT  RES  SHR S %CPU %MEM    TIME+  COMMAND           
 57594 faron     20   0 87.2g  35g  99m S 184.4  8.0 541:42.04 MATLAB           


top - 16:39:21 up 55 days,  7:21, 23 users,  load average: 22.58, 22.99, 22.30
Tasks:   1 total,   0 running,   1 sleeping,   0 stopped,   0 zombie
Cpu(s): 84.9%us,  7.4%sy,  0.0%ni,  7.6%id,  0.1%wa,  0.0%hi,  0.0%si,  0.0%st
Mem:  463142780k total, 443353020k used, 19789760k free,   176548k buffers
Swap: 131071992k total,  8718940k used, 122353052k free, 10078564k cached

   PID USER      PR  NI  VIRT  RES  SHR S %CPU %MEM    TIME+  COMMAND           
 57594 faron     20   0 89.7g  37g  99m S 182.5  8.5 559:57.21 MATLAB           


top - 16:49:21 up 55 days,  7:31, 23 users,  load average: 23.26, 22.78, 22.50
Tasks:   1 total,   0 running,   1 sleeping,   0 stopped,   0 zombie
Cpu(s): 83.5%us,  8.1%sy,  0.0%ni,  8.3%id,  0.0%wa,  0.0%hi,  0.0%si,  0.0%st
Mem:  463142780k total, 427745772k used, 35397008k free,   176612k buffers
Swap: 131071992k total,  8718940k used, 122353052k free, 10127200k cached

   PID USER      PR  NI  VIRT  RES  SHR S %CPU %MEM    TIME+  COMMAND           
 57594 faron     20   0 92.0g  40g  99m S 181.1  9.1 578:04.03 MATLAB           


top - 16:59:21 up 55 days,  7:41, 23 users,  load average: 20.64, 21.46, 21.99
Tasks:   1 total,   0 running,   1 sleeping,   0 stopped,   0 zombie
Cpu(s): 80.9%us,  8.2%sy,  0.0%ni, 10.8%id,  0.0%wa,  0.0%hi,  0.0%si,  0.0%st
Mem:  463142780k total, 433778768k used, 29364012k free,   176716k buffers
Swap: 131071992k total,  8718940k used, 122353052k free, 10191148k cached

   PID USER      PR  NI  VIRT  RES  SHR S %CPU %MEM    TIME+  COMMAND           
 57594 faron     20   0 94.8g  42g  99m S 188.1  9.7 596:52.99 MATLAB           


top - 17:09:21 up 55 days,  7:51, 23 users,  load average: 15.81, 17.85, 20.12
Tasks:   1 total,   0 running,   1 sleeping,   0 stopped,   0 zombie
Cpu(s): 71.3%us,  7.0%sy,  0.0%ni, 21.6%id,  0.1%wa,  0.0%hi,  0.1%si,  0.0%st
Mem:  463142780k total, 269633460k used, 193509320k free,   176952k buffers
Swap: 131071992k total,  8718936k used, 122353056k free, 10760480k cached

   PID USER      PR  NI  VIRT  RES  SHR S %CPU %MEM    TIME+  COMMAND           
 57594 faron     20   0 97.7g  45g  99m S 193.5 10.3 616:14.16 MATLAB           


top - 17:19:21 up 55 days,  8:01, 23 users,  load average: 14.03, 15.01, 17.54
Tasks:   1 total,   0 running,   1 sleeping,   0 stopped,   0 zombie
Cpu(s): 59.1%us,  6.2%sy,  0.0%ni, 34.6%id,  0.0%wa,  0.0%hi,  0.0%si,  0.0%st
Mem:  463142780k total, 271172064k used, 191970716k free,   177636k buffers
Swap: 131071992k total,  8718936k used, 122353056k free, 10770248k cached

   PID USER      PR  NI  VIRT  RES  SHR S %CPU %MEM    TIME+  COMMAND           
 57594 faron     20   0  100g  48g  99m S 198.4 11.0 636:04.81 MATLAB           


top - 17:29:21 up 55 days,  8:11, 23 users,  load average: 13.73, 14.23, 15.95
Tasks:   1 total,   0 running,   1 sleeping,   0 stopped,   0 zombie
Cpu(s): 56.8%us,  6.7%sy,  0.0%ni, 36.5%id,  0.0%wa,  0.0%hi,  0.0%si,  0.0%st
Mem:  463142780k total, 403503588k used, 59639192k free,   177836k buffers
Swap: 131071992k total,  8718936k used, 122353056k free, 10785844k cached

   PID USER      PR  NI  VIRT  RES  SHR S %CPU %MEM    TIME+  COMMAND           
 57594 faron     20   0  179g 173g  99m S 169.9 39.3 653:04.36 MATLAB           


top - 17:39:21 up 55 days,  8:21, 24 users,  load average: 15.45, 16.29, 16.23
Tasks:   1 total,   0 running,   1 sleeping,   0 stopped,   0 zombie
Cpu(s): 36.6%us, 27.2%sy,  0.0%ni, 36.1%id,  0.1%wa,  0.0%hi,  0.0%si,  0.0%st
Mem:  463142780k total, 462405008k used,   737772k free,    58600k buffers
Swap: 131071992k total,  8718936k used, 122353056k free,  3515956k cached

   PID USER      PR  NI  VIRT  RES  SHR S %CPU %MEM    TIME+  COMMAND           
 57594 faron     20   0  250g 234g  98m S 122.9 53.0 665:21.66 MATLAB           


top - 17:49:22 up 55 days,  8:31, 23 users,  load average: 11.52, 12.62, 14.44
Tasks:   0 total,   0 running,   0 sleeping,   0 stopped,   0 zombie
Cpu(s): 37.6%us, 13.8%sy,  0.0%ni, 48.2%id,  0.4%wa,  0.0%hi,  0.0%si,  0.0%st
Mem:  463142780k total, 198684208k used, 264458572k free,     5004k buffers
Swap: 131071992k total, 10250648k used, 120821344k free,   524100k cached

   PID USER      PR  NI  VIRT  RES  SHR S %CPU %MEM    TIME+  COMMAND           

